#
# There is insufficient memory for the Java Runtime Environment to continue.
# Native memory allocation (malloc) failed to allocate 195216 bytes for Chunk::new
# Possible reasons:
#   The system is out of physical RAM or swap space
#   The process is running with CompressedOops enabled, and the Java Heap may be blocking the growth of the native heap
# Possible solutions:
#   Reduce memory load on the system
#   Increase physical memory or swap space
#   Check if swap backing store is full
#   Decrease Java heap size (-Xmx/-Xms)
#   Decrease number of Java threads
#   Decrease Java thread stack sizes (-Xss)
#   Set larger code cache with -XX:ReservedCodeCacheSize=
#   JVM is running with Unscaled Compressed Oops mode in which the Java heap is
#     placed in the first 4GB address space. The Java Heap base address is the
#     maximum limit for the native heap growth. Please use -XX:HeapBaseMinAddress
#     to set the Java Heap base and to place the Java Heap above 4GB virtual address.
# This output file may be truncated or incomplete.
#
#  Out of Memory Error (allocation.cpp:389), pid=3528, tid=0x0000000000004134
#
# JRE version: Java(TM) SE Runtime Environment (8.0_221-b11) (build 1.8.0_221-b11)
# Java VM: Java HotSpot(TM) 64-Bit Server VM (25.221-b11 mixed mode windows-amd64 compressed oops)
# Failed to write core dump. Minidumps are not enabled by default on client versions of Windows
#

---------------  T H R E A D  ---------------

Current thread (0x000000001a0b9000):  JavaThread "C2 CompilerThread1" daemon [_thread_in_native, id=16692, stack(0x000000001b410000,0x000000001b510000)]

Stack: [0x000000001b410000,0x000000001b510000]
[error occurred during error reporting (printing stack bounds), id 0xc0000005]

Native frames: (J=compiled Java code, j=interpreted, Vv=VM code, C=native code)


Current CompileTask:
C2: 139005 11115 % !   4       org.eclipse.jdt.internal.compiler.parser.Scanner::jumpOverMethodBody @ 12 (2089 bytes)


---------------  P R O C E S S  ---------------

Java Threads: ( => current thread )
  0x00000000268c0800 JavaThread "ForkJoinPool.commonPool-worker-13" daemon [_thread_blocked, id=17064, stack(0x0000000029890000,0x0000000029990000)]
  0x000000002076e000 JavaThread "ForkJoinPool.commonPool-worker-11" daemon [_thread_in_native, id=14984, stack(0x00000000286c0000,0x00000000287c0000)]
  0x000000002076e800 JavaThread "Worker-5" [_thread_blocked, id=7664, stack(0x00000000280c0000,0x00000000281c0000)]
  0x000000002076f800 JavaThread "Worker-2" [_thread_blocked, id=13332, stack(0x0000000022e30000,0x0000000022f30000)]
  0x000000001e037000 JavaThread "pool-1-thread-1" [_thread_blocked, id=8336, stack(0x0000000020a10000,0x0000000020b10000)]
  0x000000001d7cb800 JavaThread "Java indexing" daemon [_thread_blocked, id=6672, stack(0x000000001f140000,0x000000001f240000)]
  0x000000001ce99800 JavaThread "Worker-JM" [_thread_blocked, id=11324, stack(0x000000001ea40000,0x000000001eb40000)]
  0x000000001c382000 JavaThread "Bundle File Closer" daemon [_thread_blocked, id=3508, stack(0x000000001d4a0000,0x000000001d5a0000)]
  0x000000001cbcd000 JavaThread "Start Level: Equinox Container: a1986fa6-aed8-4734-b2aa-10fddd361d83" daemon [_thread_blocked, id=3092, stack(0x000000001d3a0000,0x000000001d4a0000)]
  0x000000001cbcc000 JavaThread "Framework Event Dispatcher: Equinox Container: a1986fa6-aed8-4734-b2aa-10fddd361d83" daemon [_thread_blocked, id=7676, stack(0x000000001d2a0000,0x000000001d3a0000)]
  0x000000001c067800 JavaThread "Active Thread: Equinox Container: a1986fa6-aed8-4734-b2aa-10fddd361d83" [_thread_blocked, id=13028, stack(0x000000001d1a0000,0x000000001d2a0000)]
  0x000000001a146800 JavaThread "Service Thread" daemon [_thread_blocked, id=12528, stack(0x000000001b710000,0x000000001b810000)]
  0x000000001a0be800 JavaThread "C1 CompilerThread3" daemon [_thread_in_native, id=6284, stack(0x000000001b610000,0x000000001b710000)]
  0x000000001a0be000 JavaThread "C2 CompilerThread2" daemon [_thread_in_native, id=9996, stack(0x000000001b510000,0x000000001b610000)]
=>0x000000001a0b9000 JavaThread "C2 CompilerThread1" daemon [_thread_in_native, id=16692, stack(0x000000001b410000,0x000000001b510000)]
  0x000000001a0b4800 JavaThread "C2 CompilerThread0" daemon [_thread_in_native, id=2556, stack(0x000000001b310000,0x000000001b410000)]
  0x000000001a0b1800 JavaThread "Attach Listener" daemon [_thread_blocked, id=17096, stack(0x000000001b210000,0x000000001b310000)]
  0x000000001a09e800 JavaThread "Signal Dispatcher" daemon [_thread_blocked, id=16140, stack(0x000000001b110000,0x000000001b210000)]
  0x000000001a09d800 JavaThread "Surrogate Locker Thread (Concurrent GC)" daemon [_thread_blocked, id=13796, stack(0x000000001b010000,0x000000001b110000)]
  0x000000001a027000 JavaThread "Finalizer" daemon [_thread_blocked, id=2528, stack(0x000000001aeb0000,0x000000001afb0000)]
  0x000000001a020800 JavaThread "Reference Handler" daemon [_thread_blocked, id=14148, stack(0x000000001adb0000,0x000000001aeb0000)]
  0x00000000031a2800 JavaThread "main" [_thread_blocked, id=14296, stack(0x00000000030a0000,0x00000000031a0000)]

Other Threads:
  0x000000001a01f800 VMThread [stack: 0x000000001abb0000,0x000000001acb0000] [id=14748]
  0x000000001a194000 WatcherThread [stack: 0x000000001b810000,0x000000001b910000] [id=12600]

VM state:not at safepoint (normal execution)

VM Mutex/Monitor currently owned by a thread: None

heap address: 0x00000000c0000000, size: 1024 MB, Compressed Oops mode: 32-bit
Narrow klass base: 0x0000000000000000, Narrow klass shift: 3
Compressed class space size: 1073741824 Address: 0x0000000100000000

Heap:
 garbage-first heap   total 419840K, used 287574K [0x00000000c0000000, 0x00000000c0100cd0, 0x0000000100000000)
  region size 1024K, 177 young (181248K), 30 survivors (30720K)
 Metaspace       used 56888K, capacity 60180K, committed 60492K, reserved 1103872K
  class space    used 5694K, capacity 6635K, committed 6732K, reserved 1048576K

Heap Regions: (Y=young(eden), SU=young(survivor), HS=humongous(starts), HC=humongous(continues), CS=collection set, F=free, TS=gc time stamp, PTAMS=previous top-at-mark-start, NTAMS=next top-at-mark-start)
AC   0  O    TS     0 PTAMS 0x00000000c0100000 NTAMS 0x00000000c0100000 space 1024K, 100% used [0x00000000c0000000, 0x00000000c0100000)
AC   0  O    TS     0 PTAMS 0x00000000c0200000 NTAMS 0x00000000c0200000 space 1024K, 100% used [0x00000000c0100000, 0x00000000c0200000)
AC   0  O    TS     1 PTAMS 0x00000000c0200000 NTAMS 0x00000000c0200000 space 1024K, 100% used [0x00000000c0200000, 0x00000000c0300000)
AC   0  O    TS     0 PTAMS 0x00000000c0400000 NTAMS 0x00000000c0400000 space 1024K, 100% used [0x00000000c0300000, 0x00000000c0400000)
AC   0  O    TS     0 PTAMS 0x00000000c0500000 NTAMS 0x00000000c0500000 space 1024K, 100% used [0x00000000c0400000, 0x00000000c0500000)
AC   0  O    TS     0 PTAMS 0x00000000c0600000 NTAMS 0x00000000c0600000 space 1024K, 100% used [0x00000000c0500000, 0x00000000c0600000)
AC   0  O    TS     1 PTAMS 0x00000000c0600000 NTAMS 0x00000000c0600000 space 1024K, 100% used [0x00000000c0600000, 0x00000000c0700000)
AC   0  O    TS     0 PTAMS 0x00000000c0800000 NTAMS 0x00000000c0800000 space 1024K, 100% used [0x00000000c0700000, 0x00000000c0800000)
AC   0  O    TS     1 PTAMS 0x00000000c0800000 NTAMS 0x00000000c0800000 space 1024K, 100% used [0x00000000c0800000, 0x00000000c0900000)
AC   0  O    TS     1 PTAMS 0x00000000c0900000 NTAMS 0x00000000c0900000 space 1024K, 100% used [0x00000000c0900000, 0x00000000c0a00000)
AC   0  O    TS     1 PTAMS 0x00000000c0a00000 NTAMS 0x00000000c0a00000 space 1024K, 100% used [0x00000000c0a00000, 0x00000000c0b00000)
AC   0  O    TS     0 PTAMS 0x00000000c0c00000 NTAMS 0x00000000c0c00000 space 1024K, 100% used [0x00000000c0b00000, 0x00000000c0c00000)
AC   0  O    TS     5 PTAMS 0x00000000c0c00000 NTAMS 0x00000000c0c00000 space 1024K, 100% used [0x00000000c0c00000, 0x00000000c0d00000)
AC   0  O    TS     1 PTAMS 0x00000000c0d00000 NTAMS 0x00000000c0d00000 space 1024K, 100% used [0x00000000c0d00000, 0x00000000c0e00000)
AC   0  O    TS     7 PTAMS 0x00000000c0e00000 NTAMS 0x00000000c0e00000 space 1024K, 100% used [0x00000000c0e00000, 0x00000000c0f00000)
AC   0  O    TS     0 PTAMS 0x00000000c1000000 NTAMS 0x00000000c1000000 space 1024K, 100% used [0x00000000c0f00000, 0x00000000c1000000)
AC   0  O    TS     0 PTAMS 0x00000000c1100000 NTAMS 0x00000000c1100000 space 1024K, 100% used [0x00000000c1000000, 0x00000000c1100000)
AC   0  O    TS     1 PTAMS 0x00000000c1100000 NTAMS 0x00000000c1100000 space 1024K, 100% used [0x00000000c1100000, 0x00000000c1200000)
AC   0  O    TS     0 PTAMS 0x00000000c1300000 NTAMS 0x00000000c1300000 space 1024K, 100% used [0x00000000c1200000, 0x00000000c1300000)
AC   0  O    TS     0 PTAMS 0x00000000c1400000 NTAMS 0x00000000c1400000 space 1024K, 100% used [0x00000000c1300000, 0x00000000c1400000)
AC   0  O    TS     0 PTAMS 0x00000000c1500000 NTAMS 0x00000000c1500000 space 1024K, 100% used [0x00000000c1400000, 0x00000000c1500000)
AC   0  O    TS     0 PTAMS 0x00000000c1600000 NTAMS 0x00000000c1600000 space 1024K, 100% used [0x00000000c1500000, 0x00000000c1600000)
AC   0  O    TS     0 PTAMS 0x00000000c1700000 NTAMS 0x00000000c1700000 space 1024K, 100% used [0x00000000c1600000, 0x00000000c1700000)
AC   0  O    TS     0 PTAMS 0x00000000c1800000 NTAMS 0x00000000c1800000 space 1024K, 100% used [0x00000000c1700000, 0x00000000c1800000)
AC   0  O    TS     0 PTAMS 0x00000000c1900000 NTAMS 0x00000000c1900000 space 1024K, 100% used [0x00000000c1800000, 0x00000000c1900000)
AC   0  O    TS     5 PTAMS 0x00000000c1900000 NTAMS 0x00000000c1900000 space 1024K, 100% used [0x00000000c1900000, 0x00000000c1a00000)
AC   0  O    TS     5 PTAMS 0x00000000c1a00000 NTAMS 0x00000000c1a00000 space 1024K, 100% used [0x00000000c1a00000, 0x00000000c1b00000)
AC   0  O    TS     0 PTAMS 0x00000000c1c00000 NTAMS 0x00000000c1c00000 space 1024K, 100% used [0x00000000c1b00000, 0x00000000c1c00000)
AC   0  O    TS     0 PTAMS 0x00000000c1d00000 NTAMS 0x00000000c1d00000 space 1024K, 100% used [0x00000000c1c00000, 0x00000000c1d00000)
AC   0  O    TS     0 PTAMS 0x00000000c1e00000 NTAMS 0x00000000c1e00000 space 1024K, 100% used [0x00000000c1d00000, 0x00000000c1e00000)
AC   0  O    TS     0 PTAMS 0x00000000c1f00000 NTAMS 0x00000000c1f00000 space 1024K, 100% used [0x00000000c1e00000, 0x00000000c1f00000)
AC   0  O    TS     0 PTAMS 0x00000000c2000000 NTAMS 0x00000000c2000000 space 1024K, 100% used [0x00000000c1f00000, 0x00000000c2000000)
AC   0  O    TS     0 PTAMS 0x00000000c2100000 NTAMS 0x00000000c2100000 space 1024K, 100% used [0x00000000c2000000, 0x00000000c2100000)
AC   0  O    TS     1 PTAMS 0x00000000c2100000 NTAMS 0x00000000c2100000 space 1024K, 100% used [0x00000000c2100000, 0x00000000c2200000)
AC   0  O    TS     0 PTAMS 0x00000000c2300000 NTAMS 0x00000000c2300000 space 1024K, 100% used [0x00000000c2200000, 0x00000000c2300000)
AC   0  O    TS     0 PTAMS 0x00000000c2400000 NTAMS 0x00000000c2400000 space 1024K, 100% used [0x00000000c2300000, 0x00000000c2400000)
AC   0  O    TS     0 PTAMS 0x00000000c2500000 NTAMS 0x00000000c2500000 space 1024K, 100% used [0x00000000c2400000, 0x00000000c2500000)
AC   0  O    TS     0 PTAMS 0x00000000c2600000 NTAMS 0x00000000c2600000 space 1024K, 100% used [0x00000000c2500000, 0x00000000c2600000)
AC   0  O    TS     7 PTAMS 0x00000000c2600000 NTAMS 0x00000000c2600000 space 1024K, 100% used [0x00000000c2600000, 0x00000000c2700000)
AC   0  O    TS     0 PTAMS 0x00000000c2800000 NTAMS 0x00000000c2800000 space 1024K, 100% used [0x00000000c2700000, 0x00000000c2800000)
AC   0  O    TS     1 PTAMS 0x00000000c2800000 NTAMS 0x00000000c2800000 space 1024K, 100% used [0x00000000c2800000, 0x00000000c2900000)
AC   0  O    TS     0 PTAMS 0x00000000c2a00000 NTAMS 0x00000000c2a00000 space 1024K, 100% used [0x00000000c2900000, 0x00000000c2a00000)
AC   0  O    TS     5 PTAMS 0x00000000c2a00000 NTAMS 0x00000000c2a00000 space 1024K, 100% used [0x00000000c2a00000, 0x00000000c2b00000)
AC   0  O    TS     1 PTAMS 0x00000000c2b00000 NTAMS 0x00000000c2b00000 space 1024K, 100% used [0x00000000c2b00000, 0x00000000c2c00000)
AC   0  O    TS     5 PTAMS 0x00000000c2c00000 NTAMS 0x00000000c2c00000 space 1024K, 100% used [0x00000000c2c00000, 0x00000000c2d00000)
AC   0  O    TS     7 PTAMS 0x00000000c2d00000 NTAMS 0x00000000c2d00000 space 1024K, 100% used [0x00000000c2d00000, 0x00000000c2e00000)
AC   0  O    TS     7 PTAMS 0x00000000c2e00000 NTAMS 0x00000000c2e00000 space 1024K, 100% used [0x00000000c2e00000, 0x00000000c2f00000)
AC   0  O    TS     1 PTAMS 0x00000000c2f00000 NTAMS 0x00000000c2f00000 space 1024K, 100% used [0x00000000c2f00000, 0x00000000c3000000)
AC   0  O    TS     5 PTAMS 0x00000000c3000000 NTAMS 0x00000000c3000000 space 1024K, 100% used [0x00000000c3000000, 0x00000000c3100000)
AC   0  O    TS     0 PTAMS 0x00000000c3200000 NTAMS 0x00000000c3200000 space 1024K, 100% used [0x00000000c3100000, 0x00000000c3200000)
AC   0  O    TS     0 PTAMS 0x00000000c3300000 NTAMS 0x00000000c3300000 space 1024K, 100% used [0x00000000c3200000, 0x00000000c3300000)
AC   0  O    TS     9 PTAMS 0x00000000c3300000 NTAMS 0x00000000c3300000 space 1024K, 100% used [0x00000000c3300000, 0x00000000c3400000)
AC   0  O    TS     0 PTAMS 0x00000000c3500000 NTAMS 0x00000000c3500000 space 1024K, 100% used [0x00000000c3400000, 0x00000000c3500000)
AC   0  O    TS     0 PTAMS 0x00000000c3600000 NTAMS 0x00000000c3600000 space 1024K, 100% used [0x00000000c3500000, 0x00000000c3600000)
AC   0  O    TS     1 PTAMS 0x00000000c3600000 NTAMS 0x00000000c3600000 space 1024K, 100% used [0x00000000c3600000, 0x00000000c3700000)
AC   0  O    TS     5 PTAMS 0x00000000c3700000 NTAMS 0x00000000c3700000 space 1024K, 100% used [0x00000000c3700000, 0x00000000c3800000)
AC   0  O    TS     7 PTAMS 0x00000000c3800000 NTAMS 0x00000000c3800000 space 1024K, 100% used [0x00000000c3800000, 0x00000000c3900000)
AC   0  O    TS     7 PTAMS 0x00000000c3900000 NTAMS 0x00000000c3900000 space 1024K, 100% used [0x00000000c3900000, 0x00000000c3a00000)
AC   0  O    TS     7 PTAMS 0x00000000c3a00000 NTAMS 0x00000000c3a00000 space 1024K, 100% used [0x00000000c3a00000, 0x00000000c3b00000)
AC   0  O    TS     9 PTAMS 0x00000000c3b00000 NTAMS 0x00000000c3b00000 space 1024K, 100% used [0x00000000c3b00000, 0x00000000c3c00000)
AC   0  O    TS    11 PTAMS 0x00000000c3c00000 NTAMS 0x00000000c3c00000 space 1024K, 100% used [0x00000000c3c00000, 0x00000000c3d00000)
AC   0  O    TS    11 PTAMS 0x00000000c3d00000 NTAMS 0x00000000c3d00000 space 1024K, 100% used [0x00000000c3d00000, 0x00000000c3e00000)
AC   0  O    TS    11 PTAMS 0x00000000c3e00000 NTAMS 0x00000000c3e00000 space 1024K, 100% used [0x00000000c3e00000, 0x00000000c3f00000)
AC   0  O    TS    11 PTAMS 0x00000000c3f00000 NTAMS 0x00000000c3f00000 space 1024K, 100% used [0x00000000c3f00000, 0x00000000c4000000)
AC   0  O    TS    11 PTAMS 0x00000000c4000000 NTAMS 0x00000000c4000000 space 1024K, 100% used [0x00000000c4000000, 0x00000000c4100000)
AC   0  O    TS    11 PTAMS 0x00000000c4100000 NTAMS 0x00000000c4100000 space 1024K, 100% used [0x00000000c4100000, 0x00000000c4200000)
AC   0  O    TS    13 PTAMS 0x00000000c4200000 NTAMS 0x00000000c4200000 space 1024K, 100% used [0x00000000c4200000, 0x00000000c4300000)
AC   0  O    TS    13 PTAMS 0x00000000c4300000 NTAMS 0x00000000c4300000 space 1024K, 100% used [0x00000000c4300000, 0x00000000c4400000)
AC   0  O    TS     1 PTAMS 0x00000000c4400000 NTAMS 0x00000000c4400000 space 1024K, 100% used [0x00000000c4400000, 0x00000000c4500000)
AC   0  O    TS    13 PTAMS 0x00000000c4500000 NTAMS 0x00000000c4500000 space 1024K, 100% used [0x00000000c4500000, 0x00000000c4600000)
AC   0  O    TS     1 PTAMS 0x00000000c4600000 NTAMS 0x00000000c4600000 space 1024K, 100% used [0x00000000c4600000, 0x00000000c4700000)
AC   0  O    TS    13 PTAMS 0x00000000c4700000 NTAMS 0x00000000c4700000 space 1024K, 100% used [0x00000000c4700000, 0x00000000c4800000)
AC   0  O    TS     1 PTAMS 0x00000000c4800000 NTAMS 0x00000000c4800000 space 1024K, 100% used [0x00000000c4800000, 0x00000000c4900000)
AC   0  O    TS    13 PTAMS 0x00000000c4900000 NTAMS 0x00000000c4900000 space 1024K, 100% used [0x00000000c4900000, 0x00000000c4a00000)
AC   0  O    TS    15 PTAMS 0x00000000c4a00000 NTAMS 0x00000000c4a00000 space 1024K, 100% used [0x00000000c4a00000, 0x00000000c4b00000)
AC   0  O    TS    15 PTAMS 0x00000000c4b00000 NTAMS 0x00000000c4b00000 space 1024K, 100% used [0x00000000c4b00000, 0x00000000c4c00000)
AC   0  O    TS    15 PTAMS 0x00000000c4c00000 NTAMS 0x00000000c4c00000 space 1024K,  33% used [0x00000000c4c00000, 0x00000000c4d00000)
AC   0  F    TS     0 PTAMS 0x00000000c4d00000 NTAMS 0x00000000c4d00000 space 1024K,   0% used [0x00000000c4d00000, 0x00000000c4e00000)
AC   0  F    TS     0 PTAMS 0x00000000c4e00000 NTAMS 0x00000000c4e00000 space 1024K,   0% used [0x00000000c4e00000, 0x00000000c4f00000)
AC   0  O    TS     1 PTAMS 0x00000000c4f00000 NTAMS 0x00000000c4f00000 space 1024K, 100% used [0x00000000c4f00000, 0x00000000c5000000)
AC   0  O    TS     1 PTAMS 0x00000000c5000000 NTAMS 0x00000000c5000000 space 1024K, 100% used [0x00000000c5000000, 0x00000000c5100000)
AC   0  F    TS     0 PTAMS 0x00000000c5100000 NTAMS 0x00000000c5100000 space 1024K,   0% used [0x00000000c5100000, 0x00000000c5200000)
AC   0  F    TS     0 PTAMS 0x00000000c5200000 NTAMS 0x00000000c5200000 space 1024K,   0% used [0x00000000c5200000, 0x00000000c5300000)
AC   0  F    TS     0 PTAMS 0x00000000c5300000 NTAMS 0x00000000c5300000 space 1024K,   0% used [0x00000000c5300000, 0x00000000c5400000)
AC   0  F    TS     0 PTAMS 0x00000000c5400000 NTAMS 0x00000000c5400000 space 1024K,   0% used [0x00000000c5400000, 0x00000000c5500000)
AC   0  O    TS     0 PTAMS 0x00000000c5600000 NTAMS 0x00000000c5600000 space 1024K, 100% used [0x00000000c5500000, 0x00000000c5600000)
AC   0  F    TS     0 PTAMS 0x00000000c5600000 NTAMS 0x00000000c5600000 space 1024K,   0% used [0x00000000c5600000, 0x00000000c5700000)
AC   0  F    TS     0 PTAMS 0x00000000c5700000 NTAMS 0x00000000c5700000 space 1024K,   0% used [0x00000000c5700000, 0x00000000c5800000)
AC   0  O    TS     1 PTAMS 0x00000000c5800000 NTAMS 0x00000000c5800000 space 1024K, 100% used [0x00000000c5800000, 0x00000000c5900000)
AC   0  O    TS     1 PTAMS 0x00000000c5900000 NTAMS 0x00000000c5900000 space 1024K, 100% used [0x00000000c5900000, 0x00000000c5a00000)
AC   0  F    TS     0 PTAMS 0x00000000c5a00000 NTAMS 0x00000000c5a00000 space 1024K,   0% used [0x00000000c5a00000, 0x00000000c5b00000)
AC   0  O    TS     3 PTAMS 0x00000000c5b00000 NTAMS 0x00000000c5b00000 space 1024K, 100% used [0x00000000c5b00000, 0x00000000c5c00000)
AC   0  O    TS     3 PTAMS 0x00000000c5c00000 NTAMS 0x00000000c5c00000 space 1024K, 100% used [0x00000000c5c00000, 0x00000000c5d00000)
AC   0  O    TS     3 PTAMS 0x00000000c5d00000 NTAMS 0x00000000c5d00000 space 1024K, 100% used [0x00000000c5d00000, 0x00000000c5e00000)
AC   0  O    TS     3 PTAMS 0x00000000c5e00000 NTAMS 0x00000000c5e00000 space 1024K, 100% used [0x00000000c5e00000, 0x00000000c5f00000)
AC   0  O    TS     3 PTAMS 0x00000000c5f00000 NTAMS 0x00000000c5f00000 space 1024K, 100% used [0x00000000c5f00000, 0x00000000c6000000)
AC   0  O    TS     3 PTAMS 0x00000000c6000000 NTAMS 0x00000000c6000000 space 1024K, 100% used [0x00000000c6000000, 0x00000000c6100000)
AC   0  F    TS     0 PTAMS 0x00000000c6100000 NTAMS 0x00000000c6100000 space 1024K,   0% used [0x00000000c6100000, 0x00000000c6200000)
AC   0  F    TS     0 PTAMS 0x00000000c6200000 NTAMS 0x00000000c6200000 space 1024K,   0% used [0x00000000c6200000, 0x00000000c6300000)
AC   0  F    TS     0 PTAMS 0x00000000c6300000 NTAMS 0x00000000c6300000 space 1024K,   0% used [0x00000000c6300000, 0x00000000c6400000)
AC   0  F    TS     0 PTAMS 0x00000000c6400000 NTAMS 0x00000000c6400000 space 1024K,   0% used [0x00000000c6400000, 0x00000000c6500000)
AC   0  F    TS     0 PTAMS 0x00000000c6500000 NTAMS 0x00000000c6500000 space 1024K,   0% used [0x00000000c6500000, 0x00000000c6600000)
AC   0  F    TS     0 PTAMS 0x00000000c6600000 NTAMS 0x00000000c6600000 space 1024K,   0% used [0x00000000c6600000, 0x00000000c6700000)
AC   0  F    TS     0 PTAMS 0x00000000c6700000 NTAMS 0x00000000c6700000 space 1024K,   0% used [0x00000000c6700000, 0x00000000c6800000)
AC   0  F    TS     0 PTAMS 0x00000000c6800000 NTAMS 0x00000000c6800000 space 1024K,   0% used [0x00000000c6800000, 0x00000000c6900000)
AC   0  F    TS     0 PTAMS 0x00000000c6900000 NTAMS 0x00000000c6900000 space 1024K,   0% used [0x00000000c6900000, 0x00000000c6a00000)
AC   0  F    TS     0 PTAMS 0x00000000c6a00000 NTAMS 0x00000000c6a00000 space 1024K,   0% used [0x00000000c6a00000, 0x00000000c6b00000)
AC   0  F    TS     0 PTAMS 0x00000000c6b00000 NTAMS 0x00000000c6b00000 space 1024K,   0% used [0x00000000c6b00000, 0x00000000c6c00000)
AC   0  F    TS     0 PTAMS 0x00000000c6c00000 NTAMS 0x00000000c6c00000 space 1024K,   0% used [0x00000000c6c00000, 0x00000000c6d00000)
AC   0  F    TS     0 PTAMS 0x00000000c6d00000 NTAMS 0x00000000c6d00000 space 1024K,   0% used [0x00000000c6d00000, 0x00000000c6e00000)
AC   0  F    TS     0 PTAMS 0x00000000c6e00000 NTAMS 0x00000000c6e00000 space 1024K,   0% used [0x00000000c6e00000, 0x00000000c6f00000)
AC   0  F    TS     0 PTAMS 0x00000000c6f00000 NTAMS 0x00000000c6f00000 space 1024K,   0% used [0x00000000c6f00000, 0x00000000c7000000)
AC   0  F    TS     0 PTAMS 0x00000000c7000000 NTAMS 0x00000000c7000000 space 1024K,   0% used [0x00000000c7000000, 0x00000000c7100000)
AC   0  F    TS     0 PTAMS 0x00000000c7100000 NTAMS 0x00000000c7100000 space 1024K,   0% used [0x00000000c7100000, 0x00000000c7200000)
AC   0  F    TS     0 PTAMS 0x00000000c7200000 NTAMS 0x00000000c7200000 space 1024K,   0% used [0x00000000c7200000, 0x00000000c7300000)
AC   0  F    TS     9 PTAMS 0x00000000c7300000 NTAMS 0x00000000c7300000 space 1024K,   0% used [0x00000000c7300000, 0x00000000c7400000)
AC   0  F    TS     9 PTAMS 0x00000000c7400000 NTAMS 0x00000000c7400000 space 1024K,   0% used [0x00000000c7400000, 0x00000000c7500000)
AC   0  F    TS     9 PTAMS 0x00000000c7500000 NTAMS 0x00000000c7500000 space 1024K,   0% used [0x00000000c7500000, 0x00000000c7600000)
AC   0  F    TS     9 PTAMS 0x00000000c7600000 NTAMS 0x00000000c7600000 space 1024K,   0% used [0x00000000c7600000, 0x00000000c7700000)
AC   0  F    TS     9 PTAMS 0x00000000c7700000 NTAMS 0x00000000c7700000 space 1024K,   0% used [0x00000000c7700000, 0x00000000c7800000)
AC   0  F    TS     9 PTAMS 0x00000000c7800000 NTAMS 0x00000000c7800000 space 1024K,   0% used [0x00000000c7800000, 0x00000000c7900000)
AC   0  F    TS     9 PTAMS 0x00000000c7900000 NTAMS 0x00000000c7900000 space 1024K,   0% used [0x00000000c7900000, 0x00000000c7a00000)
AC   0  F    TS     9 PTAMS 0x00000000c7a00000 NTAMS 0x00000000c7a00000 space 1024K,   0% used [0x00000000c7a00000, 0x00000000c7b00000)
AC   0  F    TS     9 PTAMS 0x00000000c7b00000 NTAMS 0x00000000c7b00000 space 1024K,   0% used [0x00000000c7b00000, 0x00000000c7c00000)
AC   0  S CS TS    15 PTAMS 0x00000000c7c00000 NTAMS 0x00000000c7c00000 space 1024K, 100% used [0x00000000c7c00000, 0x00000000c7d00000)
AC   0  S CS TS    15 PTAMS 0x00000000c7d00000 NTAMS 0x00000000c7d00000 space 1024K, 100% used [0x00000000c7d00000, 0x00000000c7e00000)
AC   0  F    TS    13 PTAMS 0x00000000c7e00000 NTAMS 0x00000000c7e00000 space 1024K,   0% used [0x00000000c7e00000, 0x00000000c7f00000)
AC   0  F    TS    13 PTAMS 0x00000000c7f00000 NTAMS 0x00000000c7f00000 space 1024K,   0% used [0x00000000c7f00000, 0x00000000c8000000)
AC   0  F    TS    13 PTAMS 0x00000000c8000000 NTAMS 0x00000000c8000000 space 1024K,   0% used [0x00000000c8000000, 0x00000000c8100000)
AC   0  F    TS    13 PTAMS 0x00000000c8100000 NTAMS 0x00000000c8100000 space 1024K,   0% used [0x00000000c8100000, 0x00000000c8200000)
AC   0  F    TS    13 PTAMS 0x00000000c8200000 NTAMS 0x00000000c8200000 space 1024K,   0% used [0x00000000c8200000, 0x00000000c8300000)
AC   0  F    TS    13 PTAMS 0x00000000c8300000 NTAMS 0x00000000c8300000 space 1024K,   0% used [0x00000000c8300000, 0x00000000c8400000)
AC   0  F    TS    13 PTAMS 0x00000000c8400000 NTAMS 0x00000000c8400000 space 1024K,   0% used [0x00000000c8400000, 0x00000000c8500000)
AC   0  F    TS    13 PTAMS 0x00000000c8500000 NTAMS 0x00000000c8500000 space 1024K,   0% used [0x00000000c8500000, 0x00000000c8600000)
AC   0  F    TS    13 PTAMS 0x00000000c8600000 NTAMS 0x00000000c8600000 space 1024K,   0% used [0x00000000c8600000, 0x00000000c8700000)
AC   0  F    TS    13 PTAMS 0x00000000c8700000 NTAMS 0x00000000c8700000 space 1024K,   0% used [0x00000000c8700000, 0x00000000c8800000)
AC   0  F    TS    13 PTAMS 0x00000000c8800000 NTAMS 0x00000000c8800000 space 1024K,   0% used [0x00000000c8800000, 0x00000000c8900000)
AC   0  F    TS    13 PTAMS 0x00000000c8900000 NTAMS 0x00000000c8900000 space 1024K,   0% used [0x00000000c8900000, 0x00000000c8a00000)
AC   0  F    TS    13 PTAMS 0x00000000c8a00000 NTAMS 0x00000000c8a00000 space 1024K,   0% used [0x00000000c8a00000, 0x00000000c8b00000)
AC   0  F    TS    13 PTAMS 0x00000000c8b00000 NTAMS 0x00000000c8b00000 space 1024K,   0% used [0x00000000c8b00000, 0x00000000c8c00000)
AC   0  F    TS    13 PTAMS 0x00000000c8c00000 NTAMS 0x00000000c8c00000 space 1024K,   0% used [0x00000000c8c00000, 0x00000000c8d00000)
AC   0  F    TS    13 PTAMS 0x00000000c8d00000 NTAMS 0x00000000c8d00000 space 1024K,   0% used [0x00000000c8d00000, 0x00000000c8e00000)
AC   0  F    TS    13 PTAMS 0x00000000c8e00000 NTAMS 0x00000000c8e00000 space 1024K,   0% used [0x00000000c8e00000, 0x00000000c8f00000)
AC   0  F    TS    13 PTAMS 0x00000000c8f00000 NTAMS 0x00000000c8f00000 space 1024K,   0% used [0x00000000c8f00000, 0x00000000c9000000)
AC   0  F    TS    13 PTAMS 0x00000000c9000000 NTAMS 0x00000000c9000000 space 1024K,   0% used [0x00000000c9000000, 0x00000000c9100000)
AC   0  F    TS    13 PTAMS 0x00000000c9100000 NTAMS 0x00000000c9100000 space 1024K,   0% used [0x00000000c9100000, 0x00000000c9200000)
AC   0  F    TS    13 PTAMS 0x00000000c9200000 NTAMS 0x00000000c9200000 space 1024K,   0% used [0x00000000c9200000, 0x00000000c9300000)
AC   0  S CS TS    15 PTAMS 0x00000000c9300000 NTAMS 0x00000000c9300000 space 1024K, 100% used [0x00000000c9300000, 0x00000000c9400000)
AC   0  S CS TS    15 PTAMS 0x00000000c9400000 NTAMS 0x00000000c9400000 space 1024K, 100% used [0x00000000c9400000, 0x00000000c9500000)
AC   0  S CS TS    15 PTAMS 0x00000000c9500000 NTAMS 0x00000000c9500000 space 1024K, 100% used [0x00000000c9500000, 0x00000000c9600000)
AC   0  S CS TS    15 PTAMS 0x00000000c9600000 NTAMS 0x00000000c9600000 space 1024K, 100% used [0x00000000c9600000, 0x00000000c9700000)
AC   0  S CS TS    15 PTAMS 0x00000000c9700000 NTAMS 0x00000000c9700000 space 1024K, 100% used [0x00000000c9700000, 0x00000000c9800000)
AC   0  S CS TS    15 PTAMS 0x00000000c9800000 NTAMS 0x00000000c9800000 space 1024K, 100% used [0x00000000c9800000, 0x00000000c9900000)
AC   0  S CS TS    15 PTAMS 0x00000000c9900000 NTAMS 0x00000000c9900000 space 1024K, 100% used [0x00000000c9900000, 0x00000000c9a00000)
AC   0  S CS TS    15 PTAMS 0x00000000c9a00000 NTAMS 0x00000000c9a00000 space 1024K, 100% used [0x00000000c9a00000, 0x00000000c9b00000)
AC   0  S CS TS    15 PTAMS 0x00000000c9b00000 NTAMS 0x00000000c9b00000 space 1024K, 100% used [0x00000000c9b00000, 0x00000000c9c00000)
AC   0  S CS TS    15 PTAMS 0x00000000c9c00000 NTAMS 0x00000000c9c00000 space 1024K, 100% used [0x00000000c9c00000, 0x00000000c9d00000)
AC   0  S CS TS    15 PTAMS 0x00000000c9d00000 NTAMS 0x00000000c9d00000 space 1024K, 100% used [0x00000000c9d00000, 0x00000000c9e00000)
AC   0  S CS TS    15 PTAMS 0x00000000c9e00000 NTAMS 0x00000000c9e00000 space 1024K, 100% used [0x00000000c9e00000, 0x00000000c9f00000)
AC   0  S CS TS    15 PTAMS 0x00000000c9f00000 NTAMS 0x00000000c9f00000 space 1024K, 100% used [0x00000000c9f00000, 0x00000000ca000000)
AC   0  S CS TS    15 PTAMS 0x00000000ca000000 NTAMS 0x00000000ca000000 space 1024K, 100% used [0x00000000ca000000, 0x00000000ca100000)
AC   0  S CS TS    15 PTAMS 0x00000000ca100000 NTAMS 0x00000000ca100000 space 1024K, 100% used [0x00000000ca100000, 0x00000000ca200000)
AC   0  O    TS     0 PTAMS 0x00000000ca300000 NTAMS 0x00000000ca300000 space 1024K, 100% used [0x00000000ca200000, 0x00000000ca300000)
AC   0  S CS TS    15 PTAMS 0x00000000ca300000 NTAMS 0x00000000ca300000 space 1024K, 100% used [0x00000000ca300000, 0x00000000ca400000)
AC   0  S CS TS    15 PTAMS 0x00000000ca400000 NTAMS 0x00000000ca400000 space 1024K, 100% used [0x00000000ca400000, 0x00000000ca500000)
AC   0  S CS TS    15 PTAMS 0x00000000ca500000 NTAMS 0x00000000ca500000 space 1024K, 100% used [0x00000000ca500000, 0x00000000ca600000)
AC   0  S CS TS    15 PTAMS 0x00000000ca600000 NTAMS 0x00000000ca600000 space 1024K, 100% used [0x00000000ca600000, 0x00000000ca700000)
AC   0  S CS TS    15 PTAMS 0x00000000ca700000 NTAMS 0x00000000ca700000 space 1024K, 100% used [0x00000000ca700000, 0x00000000ca800000)
AC   0  S CS TS    15 PTAMS 0x00000000ca800000 NTAMS 0x00000000ca800000 space 1024K, 100% used [0x00000000ca800000, 0x00000000ca900000)
AC   0  O    TS     0 PTAMS 0x00000000caa00000 NTAMS 0x00000000caa00000 space 1024K, 100% used [0x00000000ca900000, 0x00000000caa00000)
AC   0  S CS TS    15 PTAMS 0x00000000caa00000 NTAMS 0x00000000caa00000 space 1024K, 100% used [0x00000000caa00000, 0x00000000cab00000)
AC   0  S CS TS    15 PTAMS 0x00000000cab00000 NTAMS 0x00000000cab00000 space 1024K, 100% used [0x00000000cab00000, 0x00000000cac00000)
AC   0  S CS TS    15 PTAMS 0x00000000cac00000 NTAMS 0x00000000cac00000 space 1024K, 100% used [0x00000000cac00000, 0x00000000cad00000)
AC   0  S CS TS    15 PTAMS 0x00000000cad00000 NTAMS 0x00000000cad00000 space 1024K, 100% used [0x00000000cad00000, 0x00000000cae00000)
AC   0  S CS TS    15 PTAMS 0x00000000cae00000 NTAMS 0x00000000cae00000 space 1024K, 100% used [0x00000000cae00000, 0x00000000caf00000)
AC   0 HS    TS     0 PTAMS 0x00000000caf80010 NTAMS 0x00000000caf80010 space 1024K,  50% used [0x00000000caf00000, 0x00000000cb000000)
AC   0  S CS TS    15 PTAMS 0x00000000cb000000 NTAMS 0x00000000cb000000 space 1024K, 100% used [0x00000000cb000000, 0x00000000cb100000)
AC   0  S CS TS    15 PTAMS 0x00000000cb100000 NTAMS 0x00000000cb100000 space 1024K, 100% used [0x00000000cb100000, 0x00000000cb200000)
AC   0  F    TS    11 PTAMS 0x00000000cb200000 NTAMS 0x00000000cb200000 space 1024K,   0% used [0x00000000cb200000, 0x00000000cb300000)
AC   0  F    TS    11 PTAMS 0x00000000cb300000 NTAMS 0x00000000cb300000 space 1024K,   0% used [0x00000000cb300000, 0x00000000cb400000)
AC   0  F    TS    11 PTAMS 0x00000000cb400000 NTAMS 0x00000000cb400000 space 1024K,   0% used [0x00000000cb400000, 0x00000000cb500000)
AC   0  F    TS    13 PTAMS 0x00000000cb500000 NTAMS 0x00000000cb500000 space 1024K,   0% used [0x00000000cb500000, 0x00000000cb600000)
AC   0  F    TS    13 PTAMS 0x00000000cb600000 NTAMS 0x00000000cb600000 space 1024K,   0% used [0x00000000cb600000, 0x00000000cb700000)
AC   0  F    TS    13 PTAMS 0x00000000cb700000 NTAMS 0x00000000cb700000 space 1024K,   0% used [0x00000000cb700000, 0x00000000cb800000)
AC   0  F    TS    13 PTAMS 0x00000000cb800000 NTAMS 0x00000000cb800000 space 1024K,   0% used [0x00000000cb800000, 0x00000000cb900000)
AC   0  F    TS    13 PTAMS 0x00000000cb900000 NTAMS 0x00000000cb900000 space 1024K,   0% used [0x00000000cb900000, 0x00000000cba00000)
AC   0  F    TS    13 PTAMS 0x00000000cba00000 NTAMS 0x00000000cba00000 space 1024K,   0% used [0x00000000cba00000, 0x00000000cbb00000)
AC   0  F    TS     0 PTAMS 0x00000000cbb00000 NTAMS 0x00000000cbb00000 space 1024K,   0% used [0x00000000cbb00000, 0x00000000cbc00000)
AC   0  F    TS     0 PTAMS 0x00000000cbc00000 NTAMS 0x00000000cbc00000 space 1024K,   0% used [0x00000000cbc00000, 0x00000000cbd00000)
AC   0  F    TS     0 PTAMS 0x00000000cbd00000 NTAMS 0x00000000cbd00000 space 1024K,   0% used [0x00000000cbd00000, 0x00000000cbe00000)
AC   0  F    TS     0 PTAMS 0x00000000cbe00000 NTAMS 0x00000000cbe00000 space 1024K,   0% used [0x00000000cbe00000, 0x00000000cbf00000)
AC   0  F    TS     0 PTAMS 0x00000000cbf00000 NTAMS 0x00000000cbf00000 space 1024K,   0% used [0x00000000cbf00000, 0x00000000cc000000)
AC   0  O    TS     0 PTAMS 0x00000000cc100000 NTAMS 0x00000000cc100000 space 1024K, 100% used [0x00000000cc000000, 0x00000000cc100000)
AC   0  O    TS     0 PTAMS 0x00000000cc200000 NTAMS 0x00000000cc200000 space 1024K, 100% used [0x00000000cc100000, 0x00000000cc200000)
AC   0  O    TS     0 PTAMS 0x00000000cc300000 NTAMS 0x00000000cc300000 space 1024K, 100% used [0x00000000cc200000, 0x00000000cc300000)
AC   0  O    TS     0 PTAMS 0x00000000cc400000 NTAMS 0x00000000cc400000 space 1024K, 100% used [0x00000000cc300000, 0x00000000cc400000)
AC   0  O    TS     0 PTAMS 0x00000000cc500000 NTAMS 0x00000000cc500000 space 1024K, 100% used [0x00000000cc400000, 0x00000000cc500000)
AC   0  O    TS     0 PTAMS 0x00000000cc600000 NTAMS 0x00000000cc600000 space 1024K, 100% used [0x00000000cc500000, 0x00000000cc600000)
AC   0  O    TS     0 PTAMS 0x00000000cc700000 NTAMS 0x00000000cc700000 space 1024K, 100% used [0x00000000cc600000, 0x00000000cc700000)
AC   0  O    TS     0 PTAMS 0x00000000cc800000 NTAMS 0x00000000cc800000 space 1024K, 100% used [0x00000000cc700000, 0x00000000cc800000)
AC   0  O    TS     0 PTAMS 0x00000000cc900000 NTAMS 0x00000000cc900000 space 1024K, 100% used [0x00000000cc800000, 0x00000000cc900000)
AC   0  O    TS     0 PTAMS 0x00000000cca00000 NTAMS 0x00000000cca00000 space 1024K, 100% used [0x00000000cc900000, 0x00000000cca00000)
AC   0  F    TS     0 PTAMS 0x00000000cca00000 NTAMS 0x00000000cca00000 space 1024K,   0% used [0x00000000cca00000, 0x00000000ccb00000)
AC   0  O    TS     0 PTAMS 0x00000000ccc00000 NTAMS 0x00000000ccc00000 space 1024K, 100% used [0x00000000ccb00000, 0x00000000ccc00000)
AC   0  O    TS     0 PTAMS 0x00000000ccd00000 NTAMS 0x00000000ccd00000 space 1024K, 100% used [0x00000000ccc00000, 0x00000000ccd00000)
AC   0  O    TS     0 PTAMS 0x00000000cce00000 NTAMS 0x00000000cce00000 space 1024K, 100% used [0x00000000ccd00000, 0x00000000cce00000)
AC   0  O    TS     0 PTAMS 0x00000000ccf00000 NTAMS 0x00000000ccf00000 space 1024K, 100% used [0x00000000cce00000, 0x00000000ccf00000)
AC   0  O    TS     1 PTAMS 0x00000000ccf80008 NTAMS 0x00000000ccf80008 space 1024K, 100% used [0x00000000ccf00000, 0x00000000cd000000)
AC   0  F    TS     0 PTAMS 0x00000000cd000000 NTAMS 0x00000000cd000000 space 1024K,   0% used [0x00000000cd000000, 0x00000000cd100000)
AC   0  F    TS     0 PTAMS 0x00000000cd100000 NTAMS 0x00000000cd100000 space 1024K,   0% used [0x00000000cd100000, 0x00000000cd200000)
AC   0  F    TS     0 PTAMS 0x00000000cd200000 NTAMS 0x00000000cd200000 space 1024K,   0% used [0x00000000cd200000, 0x00000000cd300000)
AC   0  F    TS     0 PTAMS 0x00000000cd300000 NTAMS 0x00000000cd300000 space 1024K,   0% used [0x00000000cd300000, 0x00000000cd400000)
AC   0  F    TS     0 PTAMS 0x00000000cd400000 NTAMS 0x00000000cd400000 space 1024K,   0% used [0x00000000cd400000, 0x00000000cd500000)
AC   0  F    TS     0 PTAMS 0x00000000cd500000 NTAMS 0x00000000cd500000 space 1024K,   0% used [0x00000000cd500000, 0x00000000cd600000)
AC   0  F    TS     0 PTAMS 0x00000000cd600000 NTAMS 0x00000000cd600000 space 1024K,   0% used [0x00000000cd600000, 0x00000000cd700000)
AC   0  F    TS     0 PTAMS 0x00000000cd700000 NTAMS 0x00000000cd700000 space 1024K,   0% used [0x00000000cd700000, 0x00000000cd800000)
AC   0  F    TS     0 PTAMS 0x00000000cd800000 NTAMS 0x00000000cd800000 space 1024K,   0% used [0x00000000cd800000, 0x00000000cd900000)
AC   0  F    TS     0 PTAMS 0x00000000cd900000 NTAMS 0x00000000cd900000 space 1024K,   0% used [0x00000000cd900000, 0x00000000cda00000)
AC   0  F    TS     0 PTAMS 0x00000000cda00000 NTAMS 0x00000000cda00000 space 1024K,   0% used [0x00000000cda00000, 0x00000000cdb00000)
AC   0  F    TS     0 PTAMS 0x00000000cdb00000 NTAMS 0x00000000cdb00000 space 1024K,   0% used [0x00000000cdb00000, 0x00000000cdc00000)
AC   0  F    TS     0 PTAMS 0x00000000cdc00000 NTAMS 0x00000000cdc00000 space 1024K,   0% used [0x00000000cdc00000, 0x00000000cdd00000)
AC   0  F    TS     0 PTAMS 0x00000000cdd00000 NTAMS 0x00000000cdd00000 space 1024K,   0% used [0x00000000cdd00000, 0x00000000cde00000)
AC   0  F    TS     0 PTAMS 0x00000000cde00000 NTAMS 0x00000000cde00000 space 1024K,   0% used [0x00000000cde00000, 0x00000000cdf00000)
AC   0  F    TS     0 PTAMS 0x00000000cdf00000 NTAMS 0x00000000cdf00000 space 1024K,   0% used [0x00000000cdf00000, 0x00000000ce000000)
AC   0  F    TS     0 PTAMS 0x00000000ce000000 NTAMS 0x00000000ce000000 space 1024K,   0% used [0x00000000ce000000, 0x00000000ce100000)
AC   0  F    TS     0 PTAMS 0x00000000ce100000 NTAMS 0x00000000ce100000 space 1024K,   0% used [0x00000000ce100000, 0x00000000ce200000)
AC   0  F    TS     0 PTAMS 0x00000000ce200000 NTAMS 0x00000000ce200000 space 1024K,   0% used [0x00000000ce200000, 0x00000000ce300000)
AC   0  F    TS     0 PTAMS 0x00000000ce300000 NTAMS 0x00000000ce300000 space 1024K,   0% used [0x00000000ce300000, 0x00000000ce400000)
AC   0  F    TS     0 PTAMS 0x00000000ce400000 NTAMS 0x00000000ce400000 space 1024K,   0% used [0x00000000ce400000, 0x00000000ce500000)
AC   0  F    TS     0 PTAMS 0x00000000ce500000 NTAMS 0x00000000ce500000 space 1024K,   0% used [0x00000000ce500000, 0x00000000ce600000)
AC   0  F    TS     0 PTAMS 0x00000000ce600000 NTAMS 0x00000000ce600000 space 1024K,   0% used [0x00000000ce600000, 0x00000000ce700000)
AC   0  F    TS     0 PTAMS 0x00000000ce700000 NTAMS 0x00000000ce700000 space 1024K,   0% used [0x00000000ce700000, 0x00000000ce800000)
AC   0  F    TS     0 PTAMS 0x00000000ce800000 NTAMS 0x00000000ce800000 space 1024K,   0% used [0x00000000ce800000, 0x00000000ce900000)
AC   0  F    TS     0 PTAMS 0x00000000ce900000 NTAMS 0x00000000ce900000 space 1024K,   0% used [0x00000000ce900000, 0x00000000cea00000)
AC   0  F    TS     0 PTAMS 0x00000000cea00000 NTAMS 0x00000000cea00000 space 1024K,   0% used [0x00000000cea00000, 0x00000000ceb00000)
AC   0  F    TS     0 PTAMS 0x00000000ceb00000 NTAMS 0x00000000ceb00000 space 1024K,   0% used [0x00000000ceb00000, 0x00000000cec00000)
AC   0  F    TS     0 PTAMS 0x00000000cec00000 NTAMS 0x00000000cec00000 space 1024K,   0% used [0x00000000cec00000, 0x00000000ced00000)
AC   0  F    TS     0 PTAMS 0x00000000ced00000 NTAMS 0x00000000ced00000 space 1024K,   0% used [0x00000000ced00000, 0x00000000cee00000)
AC   0  F    TS     0 PTAMS 0x00000000cee00000 NTAMS 0x00000000cee00000 space 1024K,   0% used [0x00000000cee00000, 0x00000000cef00000)
AC   0  F    TS     0 PTAMS 0x00000000cef00000 NTAMS 0x00000000cef00000 space 1024K,   0% used [0x00000000cef00000, 0x00000000cf000000)
AC   0  F    TS     0 PTAMS 0x00000000cf000000 NTAMS 0x00000000cf000000 space 1024K,   0% used [0x00000000cf000000, 0x00000000cf100000)
AC   0  F    TS     0 PTAMS 0x00000000cf100000 NTAMS 0x00000000cf100000 space 1024K,   0% used [0x00000000cf100000, 0x00000000cf200000)
AC   0  F    TS     0 PTAMS 0x00000000cf200000 NTAMS 0x00000000cf200000 space 1024K,   0% used [0x00000000cf200000, 0x00000000cf300000)
AC   0  F    TS     0 PTAMS 0x00000000cf300000 NTAMS 0x00000000cf300000 space 1024K,   0% used [0x00000000cf300000, 0x00000000cf400000)
AC   0  F    TS     0 PTAMS 0x00000000cf400000 NTAMS 0x00000000cf400000 space 1024K,   0% used [0x00000000cf400000, 0x00000000cf500000)
AC   0  F    TS     0 PTAMS 0x00000000cf500000 NTAMS 0x00000000cf500000 space 1024K,   0% used [0x00000000cf500000, 0x00000000cf600000)
AC   0  F    TS     0 PTAMS 0x00000000cf600000 NTAMS 0x00000000cf600000 space 1024K,   0% used [0x00000000cf600000, 0x00000000cf700000)
AC   0  F    TS     0 PTAMS 0x00000000cf700000 NTAMS 0x00000000cf700000 space 1024K,   0% used [0x00000000cf700000, 0x00000000cf800000)
AC   0  F    TS     0 PTAMS 0x00000000cf800000 NTAMS 0x00000000cf800000 space 1024K,   0% used [0x00000000cf800000, 0x00000000cf900000)
AC   0  F    TS     0 PTAMS 0x00000000cf900000 NTAMS 0x00000000cf900000 space 1024K,   0% used [0x00000000cf900000, 0x00000000cfa00000)
AC   0  F    TS     0 PTAMS 0x00000000cfa00000 NTAMS 0x00000000cfa00000 space 1024K,   0% used [0x00000000cfa00000, 0x00000000cfb00000)
AC   0  F    TS     0 PTAMS 0x00000000cfb00000 NTAMS 0x00000000cfb00000 space 1024K,   0% used [0x00000000cfb00000, 0x00000000cfc00000)
AC   0  F    TS     0 PTAMS 0x00000000cfc00000 NTAMS 0x00000000cfc00000 space 1024K,   0% used [0x00000000cfc00000, 0x00000000cfd00000)
AC   0  F    TS     0 PTAMS 0x00000000cfd00000 NTAMS 0x00000000cfd00000 space 1024K,   0% used [0x00000000cfd00000, 0x00000000cfe00000)
AC   0  F    TS     0 PTAMS 0x00000000cfe00000 NTAMS 0x00000000cfe00000 space 1024K,   0% used [0x00000000cfe00000, 0x00000000cff00000)
AC   0  F    TS     0 PTAMS 0x00000000cff00000 NTAMS 0x00000000cff00000 space 1024K,   0% used [0x00000000cff00000, 0x00000000d0000000)
AC   0  F    TS     0 PTAMS 0x00000000d0000000 NTAMS 0x00000000d0000000 space 1024K,   0% used [0x00000000d0000000, 0x00000000d0100000)
AC   0  F    TS     0 PTAMS 0x00000000d0100000 NTAMS 0x00000000d0100000 space 1024K,   0% used [0x00000000d0100000, 0x00000000d0200000)
AC   0  F    TS     0 PTAMS 0x00000000d0200000 NTAMS 0x00000000d0200000 space 1024K,   0% used [0x00000000d0200000, 0x00000000d0300000)
AC   0  F    TS     0 PTAMS 0x00000000d0300000 NTAMS 0x00000000d0300000 space 1024K,   0% used [0x00000000d0300000, 0x00000000d0400000)
AC   0  F    TS     0 PTAMS 0x00000000d0400000 NTAMS 0x00000000d0400000 space 1024K,   0% used [0x00000000d0400000, 0x00000000d0500000)
AC   0  F    TS     0 PTAMS 0x00000000d0500000 NTAMS 0x00000000d0500000 space 1024K,   0% used [0x00000000d0500000, 0x00000000d0600000)
AC   0  E    TS     0 PTAMS 0x00000000d0600000 NTAMS 0x00000000d0600000 space 1024K,  40% used [0x00000000d0600000, 0x00000000d0700000)
AC   0  E CS TS     0 PTAMS 0x00000000d0700000 NTAMS 0x00000000d0700000 space 1024K, 100% used [0x00000000d0700000, 0x00000000d0800000)
AC   0  E CS TS     0 PTAMS 0x00000000d0800000 NTAMS 0x00000000d0800000 space 1024K, 100% used [0x00000000d0800000, 0x00000000d0900000)
AC   0  E CS TS     1 PTAMS 0x00000000d0900000 NTAMS 0x00000000d0900000 space 1024K, 100% used [0x00000000d0900000, 0x00000000d0a00000)
AC   0  E CS TS     1 PTAMS 0x00000000d0a00000 NTAMS 0x00000000d0a00000 space 1024K, 100% used [0x00000000d0a00000, 0x00000000d0b00000)
AC   0  E CS TS     0 PTAMS 0x00000000d0b00000 NTAMS 0x00000000d0b00000 space 1024K, 100% used [0x00000000d0b00000, 0x00000000d0c00000)
AC   0  E CS TS     0 PTAMS 0x00000000d0c00000 NTAMS 0x00000000d0c00000 space 1024K, 100% used [0x00000000d0c00000, 0x00000000d0d00000)
AC   0  E CS TS     0 PTAMS 0x00000000d0d00000 NTAMS 0x00000000d0d00000 space 1024K, 100% used [0x00000000d0d00000, 0x00000000d0e00000)
AC   0  E CS TS     0 PTAMS 0x00000000d0e00000 NTAMS 0x00000000d0e00000 space 1024K, 100% used [0x00000000d0e00000, 0x00000000d0f00000)
AC   0  E CS TS     0 PTAMS 0x00000000d0f00000 NTAMS 0x00000000d0f00000 space 1024K, 100% used [0x00000000d0f00000, 0x00000000d1000000)
AC   0  E CS TS     0 PTAMS 0x00000000d1000000 NTAMS 0x00000000d1000000 space 1024K, 100% used [0x00000000d1000000, 0x00000000d1100000)
AC   0  E CS TS     0 PTAMS 0x00000000d1100000 NTAMS 0x00000000d1100000 space 1024K, 100% used [0x00000000d1100000, 0x00000000d1200000)
AC   0  E CS TS     0 PTAMS 0x00000000d1200000 NTAMS 0x00000000d1200000 space 1024K, 100% used [0x00000000d1200000, 0x00000000d1300000)
AC   0  E CS TS     1 PTAMS 0x00000000d1300000 NTAMS 0x00000000d1300000 space 1024K, 100% used [0x00000000d1300000, 0x00000000d1400000)
AC   0  E CS TS     1 PTAMS 0x00000000d1400000 NTAMS 0x00000000d1400000 space 1024K, 100% used [0x00000000d1400000, 0x00000000d1500000)
AC   0  E CS TS     1 PTAMS 0x00000000d1500000 NTAMS 0x00000000d1500000 space 1024K, 100% used [0x00000000d1500000, 0x00000000d1600000)
AC   0  E CS TS     1 PTAMS 0x00000000d1600000 NTAMS 0x00000000d1600000 space 1024K, 100% used [0x00000000d1600000, 0x00000000d1700000)
AC   0  E CS TS     1 PTAMS 0x00000000d1700000 NTAMS 0x00000000d1700000 space 1024K, 100% used [0x00000000d1700000, 0x00000000d1800000)
AC   0  E CS TS     1 PTAMS 0x00000000d1800000 NTAMS 0x00000000d1800000 space 1024K, 100% used [0x00000000d1800000, 0x00000000d1900000)
AC   0  E CS TS     1 PTAMS 0x00000000d1900000 NTAMS 0x00000000d1900000 space 1024K, 100% used [0x00000000d1900000, 0x00000000d1a00000)
AC   0  E CS TS     1 PTAMS 0x00000000d1a00000 NTAMS 0x00000000d1a00000 space 1024K, 100% used [0x00000000d1a00000, 0x00000000d1b00000)
AC   0  E CS TS     1 PTAMS 0x00000000d1b00000 NTAMS 0x00000000d1b00000 space 1024K, 100% used [0x00000000d1b00000, 0x00000000d1c00000)
AC   0  E CS TS     1 PTAMS 0x00000000d1c00000 NTAMS 0x00000000d1c00000 space 1024K, 100% used [0x00000000d1c00000, 0x00000000d1d00000)
AC   0  E CS TS     1 PTAMS 0x00000000d1d00000 NTAMS 0x00000000d1d00000 space 1024K, 100% used [0x00000000d1d00000, 0x00000000d1e00000)
AC   0  E CS TS     1 PTAMS 0x00000000d1e00000 NTAMS 0x00000000d1e00000 space 1024K, 100% used [0x00000000d1e00000, 0x00000000d1f00000)
AC   0  E CS TS     1 PTAMS 0x00000000d1f00000 NTAMS 0x00000000d1f00000 space 1024K, 100% used [0x00000000d1f00000, 0x00000000d2000000)
AC   0  E CS TS     1 PTAMS 0x00000000d2000000 NTAMS 0x00000000d2000000 space 1024K, 100% used [0x00000000d2000000, 0x00000000d2100000)
AC   0  E CS TS     0 PTAMS 0x00000000d2100000 NTAMS 0x00000000d2100000 space 1024K, 100% used [0x00000000d2100000, 0x00000000d2200000)
AC   0  E CS TS     0 PTAMS 0x00000000d2200000 NTAMS 0x00000000d2200000 space 1024K, 100% used [0x00000000d2200000, 0x00000000d2300000)
AC   0  E CS TS     0 PTAMS 0x00000000d2300000 NTAMS 0x00000000d2300000 space 1024K, 100% used [0x00000000d2300000, 0x00000000d2400000)
AC   0  E CS TS     0 PTAMS 0x00000000d2400000 NTAMS 0x00000000d2400000 space 1024K, 100% used [0x00000000d2400000, 0x00000000d2500000)
AC   0  E CS TS     0 PTAMS 0x00000000d2500000 NTAMS 0x00000000d2500000 space 1024K, 100% used [0x00000000d2500000, 0x00000000d2600000)
AC   0  E CS TS     0 PTAMS 0x00000000d2600000 NTAMS 0x00000000d2600000 space 1024K, 100% used [0x00000000d2600000, 0x00000000d2700000)
AC   0  E CS TS     0 PTAMS 0x00000000d2700000 NTAMS 0x00000000d2700000 space 1024K, 100% used [0x00000000d2700000, 0x00000000d2800000)
AC   0  E CS TS     0 PTAMS 0x00000000d2800000 NTAMS 0x00000000d2800000 space 1024K, 100% used [0x00000000d2800000, 0x00000000d2900000)
AC   0  E CS TS     0 PTAMS 0x00000000d2900000 NTAMS 0x00000000d2900000 space 1024K, 100% used [0x00000000d2900000, 0x00000000d2a00000)
AC   0  E CS TS     0 PTAMS 0x00000000d2a00000 NTAMS 0x00000000d2a00000 space 1024K, 100% used [0x00000000d2a00000, 0x00000000d2b00000)
AC   0  E CS TS     0 PTAMS 0x00000000d2b00000 NTAMS 0x00000000d2b00000 space 1024K, 100% used [0x00000000d2b00000, 0x00000000d2c00000)
AC   0  E CS TS     0 PTAMS 0x00000000d2c00000 NTAMS 0x00000000d2c00000 space 1024K, 100% used [0x00000000d2c00000, 0x00000000d2d00000)
AC   0  E CS TS     0 PTAMS 0x00000000d2d00000 NTAMS 0x00000000d2d00000 space 1024K, 100% used [0x00000000d2d00000, 0x00000000d2e00000)
AC   0  E CS TS     0 PTAMS 0x00000000d2e00000 NTAMS 0x00000000d2e00000 space 1024K, 100% used [0x00000000d2e00000, 0x00000000d2f00000)
AC   0  E CS TS     0 PTAMS 0x00000000d2f00000 NTAMS 0x00000000d2f00000 space 1024K, 100% used [0x00000000d2f00000, 0x00000000d3000000)
AC   0  E CS TS     0 PTAMS 0x00000000d3000000 NTAMS 0x00000000d3000000 space 1024K, 100% used [0x00000000d3000000, 0x00000000d3100000)
AC   0  E CS TS     0 PTAMS 0x00000000d3100000 NTAMS 0x00000000d3100000 space 1024K, 100% used [0x00000000d3100000, 0x00000000d3200000)
AC   0  E CS TS     0 PTAMS 0x00000000d3200000 NTAMS 0x00000000d3200000 space 1024K, 100% used [0x00000000d3200000, 0x00000000d3300000)
AC   0  E CS TS     0 PTAMS 0x00000000d3300000 NTAMS 0x00000000d3300000 space 1024K, 100% used [0x00000000d3300000, 0x00000000d3400000)
AC   0  E CS TS     0 PTAMS 0x00000000d3400000 NTAMS 0x00000000d3400000 space 1024K, 100% used [0x00000000d3400000, 0x00000000d3500000)
AC   0  E CS TS     0 PTAMS 0x00000000d3500000 NTAMS 0x00000000d3500000 space 1024K, 100% used [0x00000000d3500000, 0x00000000d3600000)
AC   0  E CS TS     0 PTAMS 0x00000000d3600000 NTAMS 0x00000000d3600000 space 1024K, 100% used [0x00000000d3600000, 0x00000000d3700000)
AC   0  E CS TS     0 PTAMS 0x00000000d3700000 NTAMS 0x00000000d3700000 space 1024K, 100% used [0x00000000d3700000, 0x00000000d3800000)
AC   0  E CS TS     0 PTAMS 0x00000000d3800000 NTAMS 0x00000000d3800000 space 1024K, 100% used [0x00000000d3800000, 0x00000000d3900000)
AC   0  E CS TS     0 PTAMS 0x00000000d3900000 NTAMS 0x00000000d3900000 space 1024K, 100% used [0x00000000d3900000, 0x00000000d3a00000)
AC   0  E CS TS     0 PTAMS 0x00000000d3a00000 NTAMS 0x00000000d3a00000 space 1024K, 100% used [0x00000000d3a00000, 0x00000000d3b00000)
AC   0  E CS TS     0 PTAMS 0x00000000d3b00000 NTAMS 0x00000000d3b00000 space 1024K, 100% used [0x00000000d3b00000, 0x00000000d3c00000)
AC   0  E CS TS     0 PTAMS 0x00000000d3c00000 NTAMS 0x00000000d3c00000 space 1024K, 100% used [0x00000000d3c00000, 0x00000000d3d00000)
AC   0  E CS TS     0 PTAMS 0x00000000d3d00000 NTAMS 0x00000000d3d00000 space 1024K, 100% used [0x00000000d3d00000, 0x00000000d3e00000)
AC   0  E CS TS     0 PTAMS 0x00000000d3e00000 NTAMS 0x00000000d3e00000 space 1024K, 100% used [0x00000000d3e00000, 0x00000000d3f00000)
AC   0  E CS TS     0 PTAMS 0x00000000d3f00000 NTAMS 0x00000000d3f00000 space 1024K, 100% used [0x00000000d3f00000, 0x00000000d4000000)
AC   0  E CS TS     0 PTAMS 0x00000000d4000000 NTAMS 0x00000000d4000000 space 1024K, 100% used [0x00000000d4000000, 0x00000000d4100000)
AC   0  E CS TS     0 PTAMS 0x00000000d4100000 NTAMS 0x00000000d4100000 space 1024K, 100% used [0x00000000d4100000, 0x00000000d4200000)
AC   0  E CS TS     0 PTAMS 0x00000000d4200000 NTAMS 0x00000000d4200000 space 1024K, 100% used [0x00000000d4200000, 0x00000000d4300000)
AC   0  E CS TS     0 PTAMS 0x00000000d4300000 NTAMS 0x00000000d4300000 space 1024K, 100% used [0x00000000d4300000, 0x00000000d4400000)
AC   0  E CS TS     0 PTAMS 0x00000000d4400000 NTAMS 0x00000000d4400000 space 1024K, 100% used [0x00000000d4400000, 0x00000000d4500000)
AC   0  E CS TS     0 PTAMS 0x00000000d4500000 NTAMS 0x00000000d4500000 space 1024K, 100% used [0x00000000d4500000, 0x00000000d4600000)
AC   0  E CS TS     0 PTAMS 0x00000000d4600000 NTAMS 0x00000000d4600000 space 1024K, 100% used [0x00000000d4600000, 0x00000000d4700000)
AC   0  E CS TS     0 PTAMS 0x00000000d4700000 NTAMS 0x00000000d4700000 space 1024K, 100% used [0x00000000d4700000, 0x00000000d4800000)
AC   0  E CS TS     0 PTAMS 0x00000000d4800000 NTAMS 0x00000000d4800000 space 1024K, 100% used [0x00000000d4800000, 0x00000000d4900000)
AC   0  E CS TS     0 PTAMS 0x00000000d4900000 NTAMS 0x00000000d4900000 space 1024K, 100% used [0x00000000d4900000, 0x00000000d4a00000)
AC   0  E CS TS     0 PTAMS 0x00000000d4a00000 NTAMS 0x00000000d4a00000 space 1024K, 100% used [0x00000000d4a00000, 0x00000000d4b00000)
AC   0  E CS TS     0 PTAMS 0x00000000d4b00000 NTAMS 0x00000000d4b00000 space 1024K, 100% used [0x00000000d4b00000, 0x00000000d4c00000)
AC   0  E CS TS     0 PTAMS 0x00000000d4c00000 NTAMS 0x00000000d4c00000 space 1024K, 100% used [0x00000000d4c00000, 0x00000000d4d00000)
AC   0  E CS TS     0 PTAMS 0x00000000d4d00000 NTAMS 0x00000000d4d00000 space 1024K, 100% used [0x00000000d4d00000, 0x00000000d4e00000)
AC   0  E CS TS     0 PTAMS 0x00000000d4e00000 NTAMS 0x00000000d4e00000 space 1024K, 100% used [0x00000000d4e00000, 0x00000000d4f00000)
AC   0  E CS TS     0 PTAMS 0x00000000d4f00000 NTAMS 0x00000000d4f00000 space 1024K, 100% used [0x00000000d4f00000, 0x00000000d5000000)
AC   0  E CS TS     0 PTAMS 0x00000000d5000000 NTAMS 0x00000000d5000000 space 1024K, 100% used [0x00000000d5000000, 0x00000000d5100000)
AC   0  E CS TS     0 PTAMS 0x00000000d5100000 NTAMS 0x00000000d5100000 space 1024K, 100% used [0x00000000d5100000, 0x00000000d5200000)
AC   0  E CS TS     0 PTAMS 0x00000000d5200000 NTAMS 0x00000000d5200000 space 1024K, 100% used [0x00000000d5200000, 0x00000000d5300000)
AC   0  E CS TS     0 PTAMS 0x00000000d5300000 NTAMS 0x00000000d5300000 space 1024K, 100% used [0x00000000d5300000, 0x00000000d5400000)
AC   0  E CS TS     0 PTAMS 0x00000000d5400000 NTAMS 0x00000000d5400000 space 1024K, 100% used [0x00000000d5400000, 0x00000000d5500000)
AC   0  E CS TS     0 PTAMS 0x00000000d5500000 NTAMS 0x00000000d5500000 space 1024K, 100% used [0x00000000d5500000, 0x00000000d5600000)
AC   0  E CS TS     0 PTAMS 0x00000000d5600000 NTAMS 0x00000000d5600000 space 1024K, 100% used [0x00000000d5600000, 0x00000000d5700000)
AC   0  E CS TS     0 PTAMS 0x00000000d5700000 NTAMS 0x00000000d5700000 space 1024K, 100% used [0x00000000d5700000, 0x00000000d5800000)
AC   0  E CS TS     0 PTAMS 0x00000000d5800000 NTAMS 0x00000000d5800000 space 1024K, 100% used [0x00000000d5800000, 0x00000000d5900000)
AC   0  E CS TS     0 PTAMS 0x00000000d5900000 NTAMS 0x00000000d5900000 space 1024K, 100% used [0x00000000d5900000, 0x00000000d5a00000)
AC   0  E CS TS     0 PTAMS 0x00000000d5a00000 NTAMS 0x00000000d5a00000 space 1024K, 100% used [0x00000000d5a00000, 0x00000000d5b00000)
AC   0  E CS TS     0 PTAMS 0x00000000d5b00000 NTAMS 0x00000000d5b00000 space 1024K, 100% used [0x00000000d5b00000, 0x00000000d5c00000)
AC   0  E CS TS     0 PTAMS 0x00000000d5c00000 NTAMS 0x00000000d5c00000 space 1024K, 100% used [0x00000000d5c00000, 0x00000000d5d00000)
AC   0  E CS TS     0 PTAMS 0x00000000d5d00000 NTAMS 0x00000000d5d00000 space 1024K, 100% used [0x00000000d5d00000, 0x00000000d5e00000)
AC   0  E CS TS     0 PTAMS 0x00000000d5e00000 NTAMS 0x00000000d5e00000 space 1024K, 100% used [0x00000000d5e00000, 0x00000000d5f00000)
AC   0  E CS TS     0 PTAMS 0x00000000d5f00000 NTAMS 0x00000000d5f00000 space 1024K, 100% used [0x00000000d5f00000, 0x00000000d6000000)
AC   0  E CS TS     0 PTAMS 0x00000000d6000000 NTAMS 0x00000000d6000000 space 1024K, 100% used [0x00000000d6000000, 0x00000000d6100000)
AC   0  E CS TS     0 PTAMS 0x00000000d6100000 NTAMS 0x00000000d6100000 space 1024K, 100% used [0x00000000d6100000, 0x00000000d6200000)
AC   0  E CS TS     0 PTAMS 0x00000000d6200000 NTAMS 0x00000000d6200000 space 1024K, 100% used [0x00000000d6200000, 0x00000000d6300000)
AC   0  E CS TS     0 PTAMS 0x00000000d6300000 NTAMS 0x00000000d6300000 space 1024K, 100% used [0x00000000d6300000, 0x00000000d6400000)
AC   0  E CS TS     0 PTAMS 0x00000000d6400000 NTAMS 0x00000000d6400000 space 1024K, 100% used [0x00000000d6400000, 0x00000000d6500000)
AC   0  E CS TS     0 PTAMS 0x00000000d6500000 NTAMS 0x00000000d6500000 space 1024K, 100% used [0x00000000d6500000, 0x00000000d6600000)
AC   0  E CS TS     0 PTAMS 0x00000000d6600000 NTAMS 0x00000000d6600000 space 1024K, 100% used [0x00000000d6600000, 0x00000000d6700000)
AC   0  E CS TS     0 PTAMS 0x00000000d6700000 NTAMS 0x00000000d6700000 space 1024K, 100% used [0x00000000d6700000, 0x00000000d6800000)
AC   0  E CS TS     0 PTAMS 0x00000000d6800000 NTAMS 0x00000000d6800000 space 1024K, 100% used [0x00000000d6800000, 0x00000000d6900000)
AC   0  E CS TS     0 PTAMS 0x00000000d6900000 NTAMS 0x00000000d6900000 space 1024K, 100% used [0x00000000d6900000, 0x00000000d6a00000)
AC   0  E CS TS     0 PTAMS 0x00000000d6a00000 NTAMS 0x00000000d6a00000 space 1024K, 100% used [0x00000000d6a00000, 0x00000000d6b00000)
AC   0  E CS TS     0 PTAMS 0x00000000d6b00000 NTAMS 0x00000000d6b00000 space 1024K, 100% used [0x00000000d6b00000, 0x00000000d6c00000)
AC   0  E CS TS     0 PTAMS 0x00000000d6c00000 NTAMS 0x00000000d6c00000 space 1024K, 100% used [0x00000000d6c00000, 0x00000000d6d00000)
AC   0  E CS TS     0 PTAMS 0x00000000d6d00000 NTAMS 0x00000000d6d00000 space 1024K, 100% used [0x00000000d6d00000, 0x00000000d6e00000)
AC   0  E CS TS     0 PTAMS 0x00000000d6e00000 NTAMS 0x00000000d6e00000 space 1024K, 100% used [0x00000000d6e00000, 0x00000000d6f00000)
AC   0  E CS TS     0 PTAMS 0x00000000d6f00000 NTAMS 0x00000000d6f00000 space 1024K, 100% used [0x00000000d6f00000, 0x00000000d7000000)
AC   0  E CS TS     0 PTAMS 0x00000000d7000000 NTAMS 0x00000000d7000000 space 1024K, 100% used [0x00000000d7000000, 0x00000000d7100000)
AC   0  E CS TS     0 PTAMS 0x00000000d7100000 NTAMS 0x00000000d7100000 space 1024K, 100% used [0x00000000d7100000, 0x00000000d7200000)
AC   0  E CS TS     0 PTAMS 0x00000000d7200000 NTAMS 0x00000000d7200000 space 1024K, 100% used [0x00000000d7200000, 0x00000000d7300000)
AC   0  E CS TS     0 PTAMS 0x00000000d7300000 NTAMS 0x00000000d7300000 space 1024K, 100% used [0x00000000d7300000, 0x00000000d7400000)
AC   0  E CS TS     0 PTAMS 0x00000000d7400000 NTAMS 0x00000000d7400000 space 1024K, 100% used [0x00000000d7400000, 0x00000000d7500000)
AC   0  E CS TS     0 PTAMS 0x00000000d7500000 NTAMS 0x00000000d7500000 space 1024K, 100% used [0x00000000d7500000, 0x00000000d7600000)
AC   0  E CS TS     0 PTAMS 0x00000000d7600000 NTAMS 0x00000000d7600000 space 1024K, 100% used [0x00000000d7600000, 0x00000000d7700000)
AC   0  E CS TS     0 PTAMS 0x00000000d7700000 NTAMS 0x00000000d7700000 space 1024K, 100% used [0x00000000d7700000, 0x00000000d7800000)
AC   0  E CS TS     0 PTAMS 0x00000000d7800000 NTAMS 0x00000000d7800000 space 1024K, 100% used [0x00000000d7800000, 0x00000000d7900000)
AC   0  E CS TS     0 PTAMS 0x00000000d7900000 NTAMS 0x00000000d7900000 space 1024K, 100% used [0x00000000d7900000, 0x00000000d7a00000)
AC   0  E CS TS     0 PTAMS 0x00000000d7a00000 NTAMS 0x00000000d7a00000 space 1024K, 100% used [0x00000000d7a00000, 0x00000000d7b00000)
AC   0  E CS TS     0 PTAMS 0x00000000d7b00000 NTAMS 0x00000000d7b00000 space 1024K, 100% used [0x00000000d7b00000, 0x00000000d7c00000)
AC   0  E CS TS     0 PTAMS 0x00000000d7c00000 NTAMS 0x00000000d7c00000 space 1024K, 100% used [0x00000000d7c00000, 0x00000000d7d00000)
AC   0  E CS TS     0 PTAMS 0x00000000d7d00000 NTAMS 0x00000000d7d00000 space 1024K, 100% used [0x00000000d7d00000, 0x00000000d7e00000)
AC   0  E CS TS     0 PTAMS 0x00000000d7e00000 NTAMS 0x00000000d7e00000 space 1024K, 100% used [0x00000000d7e00000, 0x00000000d7f00000)
AC   0  E CS TS     0 PTAMS 0x00000000d7f00000 NTAMS 0x00000000d7f00000 space 1024K, 100% used [0x00000000d7f00000, 0x00000000d8000000)
AC   0  E CS TS     0 PTAMS 0x00000000d8000000 NTAMS 0x00000000d8000000 space 1024K, 100% used [0x00000000d8000000, 0x00000000d8100000)
AC   0  E CS TS     0 PTAMS 0x00000000d8100000 NTAMS 0x00000000d8100000 space 1024K, 100% used [0x00000000d8100000, 0x00000000d8200000)
AC   0  E CS TS     0 PTAMS 0x00000000d8200000 NTAMS 0x00000000d8200000 space 1024K, 100% used [0x00000000d8200000, 0x00000000d8300000)
AC   0  E CS TS     5 PTAMS 0x00000000d8300000 NTAMS 0x00000000d8300000 space 1024K, 100% used [0x00000000d8300000, 0x00000000d8400000)
AC   0  E CS TS     5 PTAMS 0x00000000d8400000 NTAMS 0x00000000d8400000 space 1024K, 100% used [0x00000000d8400000, 0x00000000d8500000)
AC   0  E CS TS     5 PTAMS 0x00000000d8500000 NTAMS 0x00000000d8500000 space 1024K, 100% used [0x00000000d8500000, 0x00000000d8600000)
AC   0  E CS TS     7 PTAMS 0x00000000d8600000 NTAMS 0x00000000d8600000 space 1024K, 100% used [0x00000000d8600000, 0x00000000d8700000)
AC   0  E CS TS     7 PTAMS 0x00000000d8700000 NTAMS 0x00000000d8700000 space 1024K, 100% used [0x00000000d8700000, 0x00000000d8800000)
AC   0  E CS TS     7 PTAMS 0x00000000d8800000 NTAMS 0x00000000d8800000 space 1024K, 100% used [0x00000000d8800000, 0x00000000d8900000)
AC   0  E CS TS     0 PTAMS 0x00000000d8900000 NTAMS 0x00000000d8900000 space 1024K, 100% used [0x00000000d8900000, 0x00000000d8a00000)
AC   0  E CS TS     0 PTAMS 0x00000000d8a00000 NTAMS 0x00000000d8a00000 space 1024K, 100% used [0x00000000d8a00000, 0x00000000d8b00000)
AC   0  E CS TS     0 PTAMS 0x00000000d8b00000 NTAMS 0x00000000d8b00000 space 1024K, 100% used [0x00000000d8b00000, 0x00000000d8c00000)
AC   0  E CS TS     0 PTAMS 0x00000000d8c00000 NTAMS 0x00000000d8c00000 space 1024K, 100% used [0x00000000d8c00000, 0x00000000d8d00000)
AC   0  E CS TS     0 PTAMS 0x00000000d8d00000 NTAMS 0x00000000d8d00000 space 1024K, 100% used [0x00000000d8d00000, 0x00000000d8e00000)
AC   0  E CS TS     0 PTAMS 0x00000000d8e00000 NTAMS 0x00000000d8e00000 space 1024K, 100% used [0x00000000d8e00000, 0x00000000d8f00000)
AC   0  E CS TS     0 PTAMS 0x00000000d8f00000 NTAMS 0x00000000d8f00000 space 1024K, 100% used [0x00000000d8f00000, 0x00000000d9000000)
AC   0  E CS TS     0 PTAMS 0x00000000d9000000 NTAMS 0x00000000d9000000 space 1024K, 100% used [0x00000000d9000000, 0x00000000d9100000)
AC   0  E CS TS     0 PTAMS 0x00000000d9100000 NTAMS 0x00000000d9100000 space 1024K, 100% used [0x00000000d9100000, 0x00000000d9200000)
AC   0  E CS TS     0 PTAMS 0x00000000d9200000 NTAMS 0x00000000d9200000 space 1024K, 100% used [0x00000000d9200000, 0x00000000d9300000)
AC   0  E CS TS     3 PTAMS 0x00000000d9300000 NTAMS 0x00000000d9300000 space 1024K, 100% used [0x00000000d9300000, 0x00000000d9400000)
AC   0  E CS TS     3 PTAMS 0x00000000d9400000 NTAMS 0x00000000d9400000 space 1024K, 100% used [0x00000000d9400000, 0x00000000d9500000)
AC   0  E CS TS     3 PTAMS 0x00000000d9500000 NTAMS 0x00000000d9500000 space 1024K, 100% used [0x00000000d9500000, 0x00000000d9600000)
AC   0  E CS TS     0 PTAMS 0x00000000d9600000 NTAMS 0x00000000d9600000 space 1024K, 100% used [0x00000000d9600000, 0x00000000d9700000)
AC   0  E CS TS     0 PTAMS 0x00000000d9700000 NTAMS 0x00000000d9700000 space 1024K, 100% used [0x00000000d9700000, 0x00000000d9800000)
AC   0  E CS TS     0 PTAMS 0x00000000d9800000 NTAMS 0x00000000d9800000 space 1024K, 100% used [0x00000000d9800000, 0x00000000d9900000)
AC   0  E CS TS     0 PTAMS 0x00000000d9900000 NTAMS 0x00000000d9900000 space 1024K, 100% used [0x00000000d9900000, 0x00000000d9a00000)

Card table byte_map: [0x0000000014a10000,0x0000000014c10000] byte_map_base: 0x0000000014410000

Marking Bits (Prev, Next): (CMBitMap*) 0x00000000031f7ca0, (CMBitMap*) 0x00000000031f7c48
 Prev Bits: [0x0000000015e10000, 0x0000000016e10000)
 Next Bits: [0x0000000014e10000, 0x0000000015e10000)

Polling page: 0x00000000013b0000

CodeCache: size=245760Kb used=36158Kb max_used=36816Kb free=209601Kb
 bounds [0x00000000032a0000, 0x00000000056e0000, 0x00000000122a0000]
 total_blobs=9560 nmethods=8951 adapters=517
 compilation: enabled

Compilation events (10 events):
Event: 138.977 Thread 0x000000001a0be800 nmethod 11120 0x0000000004d60d10 code [0x0000000004d60ec0, 0x0000000004d61428]
Event: 138.977 Thread 0x000000001a0be800 11123       3       org.eclipse.jdt.internal.compiler.parser.Parser::checkComment (262 bytes)
Event: 138.978 Thread 0x000000001a0be800 nmethod 11123 0x000000000448dd10 code [0x000000000448df00, 0x000000000448e9e8]
Event: 138.978 Thread 0x000000001a0be800 11118       3       org.eclipse.jdt.internal.codeassist.impl.AssistParser::indexOfAssistIdentifier (6 bytes)
Event: 138.978 Thread 0x000000001a0be800 nmethod 11118 0x00000000049d7050 code [0x00000000049d71c0, 0x00000000049d73e8]
Event: 138.978 Thread 0x000000001a0be800 11126       3       org.eclipse.jdt.internal.compiler.parser.RecoveredMethod::updateFromParserState (771 bytes)
Event: 138.980 Thread 0x000000001a0be800 nmethod 11126 0x0000000005208590 code [0x00000000052088a0, 0x000000000520a838]
Event: 138.980 Thread 0x000000001a0be800 11128       1       org.eclipse.jdt.internal.core.SingleTypeRequestor::acceptType (6 bytes)
Event: 138.980 Thread 0x000000001a0be800 nmethod 11128 0x0000000003f04150 code [0x0000000003f042a0, 0x0000000003f043f0]
Event: 138.980 Thread 0x000000001a0be800 11110       3       org.eclipse.jdt.internal.codeassist.complete.CompletionParser::consumeToken (3867 bytes)

GC Heap History (10 events):
Event: 37.769 GC heap before
{Heap before GC invocations=36 (full 0):
 garbage-first heap   total 419840K, used 117662K [0x00000000c0000000, 0x00000000c0100cd0, 0x0000000100000000)
  region size 1024K, 20 young (20480K), 3 survivors (3072K)
 Metaspace       used 53707K, capacity 56874K, committed 57164K, reserved 1099776K
  class space    used 5490K, capacity 6417K, committed 6476K, reserved 1048576K
Event: 37.776 GC heap after
Heap after GC invocations=37 (full 0):
 garbage-first heap   total 419840K, used 95485K [0x00000000c0000000, 0x00000000c0100cd0, 0x0000000100000000)
  region size 1024K, 3 young (3072K), 3 survivors (3072K)
 Metaspace       used 53707K, capacity 56874K, committed 57164K, reserved 1099776K
  class space    used 5490K, capacity 6417K, committed 6476K, reserved 1048576K
}
Event: 38.620 GC heap before
{Heap before GC invocations=37 (full 0):
 garbage-first heap   total 419840K, used 344317K [0x00000000c0000000, 0x00000000c0100cd0, 0x0000000100000000)
  region size 1024K, 246 young (251904K), 3 survivors (3072K)
 Metaspace       used 53716K, capacity 56874K, committed 57164K, reserved 1099776K
  class space    used 5491K, capacity 6417K, committed 6476K, reserved 1048576K
Event: 38.639 GC heap after
Heap after GC invocations=38 (full 0):
 garbage-first heap   total 419840K, used 125888K [0x00000000c0000000, 0x00000000c0100cd0, 0x0000000100000000)
  region size 1024K, 31 young (31744K), 31 survivors (31744K)
 Metaspace       used 53716K, capacity 56874K, committed 57164K, reserved 1099776K
  class space    used 5491K, capacity 6417K, committed 6476K, reserved 1048576K
}
Event: 39.447 GC heap before
{Heap before GC invocations=38 (full 0):
 garbage-first heap   total 419840K, used 345024K [0x00000000c0000000, 0x00000000c0100cd0, 0x0000000100000000)
  region size 1024K, 245 young (250880K), 31 survivors (31744K)
 Metaspace       used 53730K, capacity 56874K, committed 57164K, reserved 1099776K
  class space    used 5491K, capacity 6417K, committed 6476K, reserved 1048576K
Event: 39.466 GC heap after
Heap after GC invocations=39 (full 0):
 garbage-first heap   total 419840K, used 132090K [0x00000000c0000000, 0x00000000c0100cd0, 0x0000000100000000)
  region size 1024K, 31 young (31744K), 31 survivors (31744K)
 Metaspace       used 53730K, capacity 56874K, committed 57164K, reserved 1099776K
  class space    used 5491K, capacity 6417K, committed 6476K, reserved 1048576K
}
Event: 40.065 GC heap before
{Heap before GC invocations=39 (full 0):
 garbage-first heap   total 419840K, used 345082K [0x00000000c0000000, 0x00000000c0100cd0, 0x0000000100000000)
  region size 1024K, 239 young (244736K), 31 survivors (31744K)
 Metaspace       used 54061K, capacity 57194K, committed 57420K, reserved 1099776K
  class space    used 5497K, capacity 6417K, committed 6476K, reserved 1048576K
Event: 40.079 GC heap after
Heap after GC invocations=40 (full 0):
 garbage-first heap   total 419840K, used 133045K [0x00000000c0000000, 0x00000000c0100cd0, 0x0000000100000000)
  region size 1024K, 27 young (27648K), 27 survivors (27648K)
 Metaspace       used 54061K, capacity 57194K, committed 57420K, reserved 1099776K
  class space    used 5497K, capacity 6417K, committed 6476K, reserved 1048576K
}
Event: 40.873 GC heap before
{Heap before GC invocations=40 (full 0):
 garbage-first heap   total 419840K, used 349109K [0x00000000c0000000, 0x00000000c0100cd0, 0x0000000100000000)
  region size 1024K, 238 young (243712K), 27 survivors (27648K)
 Metaspace       used 54261K, capacity 57386K, committed 57676K, reserved 1099776K
  class space    used 5498K, capacity 6417K, committed 6476K, reserved 1048576K
Event: 40.889 GC heap after
Heap after GC invocations=41 (full 0):
 garbage-first heap   total 419840K, used 138070K [0x00000000c0000000, 0x00000000c0100cd0, 0x0000000100000000)
  region size 1024K, 30 young (30720K), 30 survivors (30720K)
 Metaspace       used 54261K, capacity 57386K, committed 57676K, reserved 1099776K
  class space    used 5498K, capacity 6417K, committed 6476K, reserved 1048576K
}

Deoptimization events (10 events):
Event: 135.457 Thread 0x000000002076f800 Uncommon trap: reason=bimorphic action=maybe_recompile pc=0x0000000003a3cd0c method=org.eclipse.core.internal.dtree.AbstractDataTreeNode.assembleWith([Lorg/eclipse/core/internal/dtree/AbstractDataTreeNode;[Lorg/eclipse/core/internal/dtree/AbstractDataTree
Event: 135.457 Thread 0x000000002076f800 Uncommon trap: reason=bimorphic action=maybe_recompile pc=0x0000000003a3cd0c method=org.eclipse.core.internal.dtree.AbstractDataTreeNode.assembleWith([Lorg/eclipse/core/internal/dtree/AbstractDataTreeNode;[Lorg/eclipse/core/internal/dtree/AbstractDataTree
Event: 135.457 Thread 0x000000002076f800 Uncommon trap: reason=bimorphic action=maybe_recompile pc=0x0000000003a3cd0c method=org.eclipse.core.internal.dtree.AbstractDataTreeNode.assembleWith([Lorg/eclipse/core/internal/dtree/AbstractDataTreeNode;[Lorg/eclipse/core/internal/dtree/AbstractDataTree
Event: 135.477 Thread 0x000000002076f800 Uncommon trap: reason=class_check action=maybe_recompile pc=0x0000000003cc6000 method=java.util.Collections.eq(Ljava/lang/Object;Ljava/lang/Object;)Z @ 18
Event: 135.477 Thread 0x000000002076f800 Uncommon trap: reason=class_check action=maybe_recompile pc=0x0000000003cc6000 method=java.util.Collections.eq(Ljava/lang/Object;Ljava/lang/Object;)Z @ 18
Event: 136.870 Thread 0x000000002076e000 Uncommon trap: reason=unstable_if action=reinterpret pc=0x00000000047d1dec method=java.io.ExpiringCache.entryFor(Ljava/lang/String;)Ljava/io/ExpiringCache$Entry; @ 39
Event: 138.960 Thread 0x000000002076e000 Uncommon trap: reason=bimorphic action=maybe_recompile pc=0x0000000004a9e0b0 method=org.eclipse.jdt.internal.compiler.parser.Parser.recoveryTokenCheck()V @ 269
Event: 138.960 Thread 0x000000002076e000 Uncommon trap: reason=bimorphic action=maybe_recompile pc=0x0000000004a9e0b0 method=org.eclipse.jdt.internal.compiler.parser.Parser.recoveryTokenCheck()V @ 269
Event: 138.961 Thread 0x000000002076e000 Uncommon trap: reason=bimorphic action=maybe_recompile pc=0x0000000004a9e0b0 method=org.eclipse.jdt.internal.compiler.parser.Parser.recoveryTokenCheck()V @ 269
Event: 138.961 Thread 0x000000002076e000 Uncommon trap: reason=bimorphic action=maybe_recompile pc=0x0000000004a9e0b0 method=org.eclipse.jdt.internal.compiler.parser.Parser.recoveryTokenCheck()V @ 269

Classes redefined (0 events):
No events

Internal exceptions (10 events):
Event: 138.967 Thread 0x000000002076e000 Exception <a 'java/lang/ArrayIndexOutOfBoundsException': 5> (0x00000000d0ace4b8) thrown at [C:\re\workspace\8-2-build-windows-amd64-cygwin\jdk8u221\13320\hotspot\src\share\vm\interpreter\interpreterRuntime.cpp, line 368]
Event: 138.967 Thread 0x000000002076e000 Exception <a 'java/lang/ArrayIndexOutOfBoundsException': 9> (0x00000000d0ad0d78) thrown at [C:\re\workspace\8-2-build-windows-amd64-cygwin\jdk8u221\13320\hotspot\src\share\vm\interpreter\interpreterRuntime.cpp, line 368]
Event: 138.968 Thread 0x000000002076e000 Exception <a 'java/lang/ArrayIndexOutOfBoundsException': 8> (0x00000000d0ae2638) thrown at [C:\re\workspace\8-2-build-windows-amd64-cygwin\jdk8u221\13320\hotspot\src\share\vm\interpreter\interpreterRuntime.cpp, line 368]
Event: 138.968 Thread 0x000000002076e000 Exception <a 'java/lang/ArrayIndexOutOfBoundsException': 10> (0x00000000d0ae2ba0) thrown at [C:\re\workspace\8-2-build-windows-amd64-cygwin\jdk8u221\13320\hotspot\src\share\vm\interpreter\interpreterRuntime.cpp, line 368]
Event: 138.968 Thread 0x000000002076e000 Exception <a 'java/lang/ArrayIndexOutOfBoundsException': 10> (0x00000000d0ae2fb8) thrown at [C:\re\workspace\8-2-build-windows-amd64-cygwin\jdk8u221\13320\hotspot\src\share\vm\interpreter\interpreterRuntime.cpp, line 368]
Event: 138.968 Thread 0x000000002076e000 Exception <a 'java/lang/ArrayIndexOutOfBoundsException': 10> (0x00000000d0ae33b0) thrown at [C:\re\workspace\8-2-build-windows-amd64-cygwin\jdk8u221\13320\hotspot\src\share\vm\interpreter\interpreterRuntime.cpp, line 368]
Event: 138.968 Thread 0x000000002076e000 Exception <a 'java/lang/ArrayIndexOutOfBoundsException': 10> (0x00000000d0ae37b8) thrown at [C:\re\workspace\8-2-build-windows-amd64-cygwin\jdk8u221\13320\hotspot\src\share\vm\interpreter\interpreterRuntime.cpp, line 368]
Event: 138.968 Thread 0x000000002076e000 Exception <a 'java/lang/ArrayIndexOutOfBoundsException': 34> (0x00000000d0ae3c38) thrown at [C:\re\workspace\8-2-build-windows-amd64-cygwin\jdk8u221\13320\hotspot\src\share\vm\interpreter\interpreterRuntime.cpp, line 368]
Event: 138.968 Thread 0x000000002076e000 Exception <a 'java/lang/ArrayIndexOutOfBoundsException': 40> (0x00000000d0ae40c0) thrown at [C:\re\workspace\8-2-build-windows-amd64-cygwin\jdk8u221\13320\hotspot\src\share\vm\interpreter\interpreterRuntime.cpp, line 368]
Event: 138.969 Thread 0x000000002076e000 Exception <a 'java/lang/ArrayIndexOutOfBoundsException': 10> (0x00000000d0af8580) thrown at [C:\re\workspace\8-2-build-windows-amd64-cygwin\jdk8u221\13320\hotspot\src\share\vm\interpreter\interpreterRuntime.cpp, line 368]

Events (10 events):
Event: 138.961 Thread 0x000000002076e000 DEOPT UNPACKING pc=0x00000000032e583b sp=0x00000000287be268 mode 2
Event: 138.961 Thread 0x000000002076e000 Uncommon trap: trap_request=0xffffffc6 fr.pc=0x0000000004a9e0b0
Event: 138.961 Thread 0x000000002076e000 DEOPT PACKING pc=0x0000000004a9e0b0 sp=0x00000000287be2b0
Event: 138.961 Thread 0x000000002076e000 DEOPT UNPACKING pc=0x00000000032e583b sp=0x00000000287be268 mode 2
Event: 138.975 Executing VM operation: Deoptimize
Event: 138.976 Executing VM operation: Deoptimize done
Event: 138.978 Executing VM operation: RevokeBias
Event: 138.978 Executing VM operation: RevokeBias done
Event: 138.978 Executing VM operation: RevokeBias
Event: 138.978 Executing VM operation: RevokeBias done


Dynamic libraries:
0x00007ff6df260000 - 0x00007ff6df297000 	D:\Program Files\Java\jdk1.8.0_221\bin\java.exe
0x00007ff995f50000 - 0x00007ff996131000 	C:\WINDOWS\SYSTEM32\ntdll.dll
0x00007ff994340000 - 0x00007ff9943f1000 	C:\WINDOWS\System32\KERNEL32.DLL
0x00007ff9929a0000 - 0x00007ff992c13000 	C:\WINDOWS\System32\KERNELBASE.dll
0x00007ff993580000 - 0x00007ff993621000 	C:\WINDOWS\System32\ADVAPI32.dll
0x00007ff993dd0000 - 0x00007ff993e6e000 	C:\WINDOWS\System32\msvcrt.dll
0x00007ff993690000 - 0x00007ff9936eb000 	C:\WINDOWS\System32\sechost.dll
0x00007ff994700000 - 0x00007ff994824000 	C:\WINDOWS\System32\RPCRT4.dll
0x00007ff995c70000 - 0x00007ff995e00000 	C:\WINDOWS\System32\USER32.dll
0x00007ff992980000 - 0x00007ff9929a0000 	C:\WINDOWS\System32\win32u.dll
0x00007ff994490000 - 0x00007ff9944b8000 	C:\WINDOWS\System32\GDI32.dll
0x00007ff992740000 - 0x00007ff9928d1000 	C:\WINDOWS\System32\gdi32full.dll
0x00007ff9928e0000 - 0x00007ff99297f000 	C:\WINDOWS\System32\msvcp_win.dll
0x00007ff992320000 - 0x00007ff992418000 	C:\WINDOWS\System32\ucrtbase.dll
0x00007ff985d80000 - 0x00007ff985fe9000 	C:\WINDOWS\WinSxS\amd64_microsoft.windows.common-controls_6595b64144ccf1df_6.0.17134.915_none_fb42a6293065514f\COMCTL32.dll
0x00007ff9937e0000 - 0x00007ff993b02000 	C:\WINDOWS\System32\combase.dll
0x00007ff992420000 - 0x00007ff992499000 	C:\WINDOWS\System32\bcryptPrimitives.dll
0x00007ff9946d0000 - 0x00007ff9946fd000 	C:\WINDOWS\System32\IMM32.DLL
0x00000000682f0000 - 0x00000000683c2000 	D:\Program Files\Java\jdk1.8.0_221\jre\bin\msvcr100.dll
0x0000000067a40000 - 0x00000000682e5000 	D:\Program Files\Java\jdk1.8.0_221\jre\bin\server\jvm.dll
0x00007ff995f10000 - 0x00007ff995f18000 	C:\WINDOWS\System32\PSAPI.DLL
0x00007ff97dbb0000 - 0x00007ff97dbb9000 	C:\WINDOWS\SYSTEM32\WSOCK32.dll
0x00007ff98d1b0000 - 0x00007ff98d1ba000 	C:\WINDOWS\SYSTEM32\VERSION.dll
0x00007ff9904c0000 - 0x00007ff9904e3000 	C:\WINDOWS\SYSTEM32\WINMM.dll
0x00007ff994400000 - 0x00007ff99446c000 	C:\WINDOWS\System32\WS2_32.dll
0x00007ff990490000 - 0x00007ff9904ba000 	C:\WINDOWS\SYSTEM32\WINMMBASE.dll
0x00007ff992c80000 - 0x00007ff992cc9000 	C:\WINDOWS\System32\cfgmgr32.dll
0x00007ff98ecc0000 - 0x00007ff98eccf000 	D:\Program Files\Java\jdk1.8.0_221\jre\bin\verify.dll
0x00007ff98ec90000 - 0x00007ff98ecb9000 	D:\Program Files\Java\jdk1.8.0_221\jre\bin\java.dll
0x00007ff98ebf0000 - 0x00007ff98ec06000 	D:\Program Files\Java\jdk1.8.0_221\jre\bin\zip.dll
0x00007ff994830000 - 0x00007ff995c70000 	C:\WINDOWS\System32\SHELL32.dll
0x00007ff995e60000 - 0x00007ff995f09000 	C:\WINDOWS\System32\shcore.dll
0x00007ff992cd0000 - 0x00007ff9933dd000 	C:\WINDOWS\System32\windows.storage.dll
0x00007ff995e00000 - 0x00007ff995e51000 	C:\WINDOWS\System32\shlwapi.dll
0x00007ff992300000 - 0x00007ff992311000 	C:\WINDOWS\System32\kernel.appcore.dll
0x00007ff9922d0000 - 0x00007ff9922ef000 	C:\WINDOWS\System32\profapi.dll
0x00007ff992260000 - 0x00007ff9922ac000 	C:\WINDOWS\System32\powrprof.dll
0x00007ff9922f0000 - 0x00007ff9922fa000 	C:\WINDOWS\System32\FLTLIB.DLL
0x00007ff991c50000 - 0x00007ff991c67000 	C:\WINDOWS\SYSTEM32\CRYPTSP.dll
0x00007ff991650000 - 0x00007ff991683000 	C:\WINDOWS\system32\rsaenh.dll
0x00007ff991d80000 - 0x00007ff991da5000 	C:\WINDOWS\SYSTEM32\bcrypt.dll
0x00007ff992160000 - 0x00007ff992188000 	C:\WINDOWS\SYSTEM32\USERENV.dll
0x00007ff991c70000 - 0x00007ff991c7b000 	C:\WINDOWS\SYSTEM32\CRYPTBASE.dll
0x00007ff98d510000 - 0x00007ff98d52a000 	D:\Program Files\java\jdk1.8.0_221\jre\bin\net.dll
0x00007ff9839c0000 - 0x00007ff983b89000 	C:\WINDOWS\SYSTEM32\urlmon.dll
0x00007ff983d40000 - 0x00007ff983fe6000 	C:\WINDOWS\SYSTEM32\iertutil.dll
0x00007ff991aa0000 - 0x00007ff991b06000 	C:\WINDOWS\system32\mswsock.dll
0x00007ff9917f0000 - 0x00007ff991828000 	C:\WINDOWS\SYSTEM32\IPHLPAPI.DLL
0x00007ff993b10000 - 0x00007ff993b18000 	C:\WINDOWS\System32\NSI.dll
0x00007ff98ca30000 - 0x00007ff98ca46000 	C:\WINDOWS\SYSTEM32\dhcpcsvc6.DLL
0x00007ff98c9c0000 - 0x00007ff98c9da000 	C:\WINDOWS\SYSTEM32\dhcpcsvc.DLL
0x00007ff98ac70000 - 0x00007ff98ac82000 	D:\Program Files\java\jdk1.8.0_221\jre\bin\nio.dll
0x00007ff971f80000 - 0x00007ff971fa9000 	C:\Users\Administrator\.vscode\extensions\redhat.java-0.52.0\server\config_win\org.eclipse.equinox.launcher\org.eclipse.equinox.launcher.win32.win32.x86_64_1.1.1100.v20190907-0426\eclipse_1902.dll
0x00007ff97dbc0000 - 0x00007ff97dbd1000 	C:\Users\Administrator\.vscode\extensions\redhat.java-0.52.0\server\config_win\org.eclipse.osgi\21\0\.cp\jWinHttp-1.0.0.dll
0x00007ff9944c0000 - 0x00007ff994611000 	C:\WINDOWS\System32\ole32.dll
0x00007ff98cc50000 - 0x00007ff98cd2d000 	C:\WINDOWS\SYSTEM32\WINHTTP.dll

VM Arguments:
jvm_args: -Declipse.application=org.eclipse.jdt.ls.core.id1 -Dosgi.bundles.defaultStartLevel=4 -Declipse.product=org.eclipse.jdt.ls.core.product -Dfile.encoding=utf8 -DwatchParentProcess=false -Xverify:none -Xmx1G -XX:+UseG1GC -XX:+UseStringDeduplication 
java_command: c:\Users\Administrator\.vscode\extensions\redhat.java-0.52.0\server\plugins\org.eclipse.equinox.launcher_1.5.600.v20191014-2022.jar -configuration c:\Users\Administrator\.vscode\extensions\redhat.java-0.52.0\server\config_win -data c:\Users\Administrator\AppData\Roaming\Code\User\workspaceStorage\2143a23426e83754f800428ec6d464da\redhat.java\jdt_ws
java_class_path (initial): c:\Users\Administrator\.vscode\extensions\redhat.java-0.52.0\server\plugins\org.eclipse.equinox.launcher_1.5.600.v20191014-2022.jar
Launcher Type: SUN_STANDARD

Environment Variables:
JAVA_HOME=C:\Java\jdk1.8.0_191
PATH=C:\Program Files (x86)\Common Files\Oracle\Java\javapath;C:\Java\jdk1.8.0_191\bin;C:\Windows\system32;C:\Windows;C:\Windows\System32\Wbem;C:\Windows\System32\WindowsPowerShell\v1.0\;C:\Program Files (x86)\NVIDIA Corporation\PhysX\Common;C:\WINDOWS\system32;C:\WINDOWS;C:\WINDOWS\System32\Wbem;C:\WINDOWS\System32\WindowsPowerShell\v1.0\;C:\WINDOWS\System32\OpenSSH\;C:\Program Files\MongoDB\Server\3.2\bin;C:\Program Files\erl9.2\bin;C:\Program Files (x86)\Calibre2\;D:\Program Files\JetBrains\IntelliJ IDEA 2018.2.6\plugins\maven\lib\maven3\bin;D:\Program Files\nodejs;D:\Program Files\nodejs\npm_modules;D:\Program Files\ffmpeg-20180227-fa0c9d6-win64-static\bin;D:\Program Files\Git\cmd;C:\Program Files\NVIDIA Corporation\NVIDIA NvDLISR;C:\Users\Administrator\AppData\Local\Microsoft\WindowsApps;C:\Users\Administrator\AppData\Local\atom\bin;C:\Users\Administrator\AppData\Local\Microsoft\WindowsApps;C:\Program Files (x86)\SSH Communications Security\SSH Secure Shell;C:\Users\Administrator\AppData\Local\GitHubDesktop\bin;D:\Programs\Microsoft VS Code\bin;D:\Program Files\JetBrains\IntelliJ IDEA 2019.2.3\bin;
USERNAME=Administrator
OS=Windows_NT
PROCESSOR_IDENTIFIER=Intel64 Family 6 Model 158 Stepping 10, GenuineIntel



---------------  S Y S T E M  ---------------

OS: Windows 10.0 , 64 bit Build 17134 (10.0.17134.753)

CPU:total 12 (initial active 12) (6 cores per cpu, 2 threads per core) family 6 model 158 stepping 10, cmov, cx8, fxsr, mmx, sse, sse2, sse3, ssse3, sse4.1, sse4.2, popcnt, avx, avx2, aes, clmul, erms, rtm, 3dnowpref, lzcnt, ht, tsc, tscinvbit, bmi1, bmi2, adx

Memory: 4k page, physical 8331072k(1436324k free), swap 11214656k(28204k free)

vm_info: Java HotSpot(TM) 64-Bit Server VM (25.221-b11) for windows-amd64 JRE (1.8.0_221-b11), built on Jul  4 2019 04:39:29 by "java_re" with MS VC++ 10.0 (VS2010)

time: Sun Nov 03 18:00:50 2019
timezone: 
elapsed time: 139 seconds (0d 0h 2m 19s)

