#
# There is insufficient memory for the Java Runtime Environment to continue.
# Native memory allocation (malloc) failed to allocate 1200576 bytes for Chunk::new
# Possible reasons:
#   The system is out of physical RAM or swap space
#   The process is running with CompressedOops enabled, and the Java Heap may be blocking the growth of the native heap
# Possible solutions:
#   Reduce memory load on the system
#   Increase physical memory or swap space
#   Check if swap backing store is full
#   Decrease Java heap size (-Xmx/-Xms)
#   Decrease number of Java threads
#   Decrease Java thread stack sizes (-Xss)
#   Set larger code cache with -XX:ReservedCodeCacheSize=
#   JVM is running with Unscaled Compressed Oops mode in which the Java heap is
#     placed in the first 4GB address space. The Java Heap base address is the
#     maximum limit for the native heap growth. Please use -XX:HeapBaseMinAddress
#     to set the Java Heap base and to place the Java Heap above 4GB virtual address.
# This output file may be truncated or incomplete.
#
#  Out of Memory Error (allocation.cpp:389), pid=1216, tid=0x00000000000042d8
#
# JRE version: Java(TM) SE Runtime Environment (8.0_221-b11) (build 1.8.0_221-b11)
# Java VM: Java HotSpot(TM) 64-Bit Server VM (25.221-b11 mixed mode windows-amd64 compressed oops)
# Failed to write core dump. Minidumps are not enabled by default on client versions of Windows
#

---------------  T H R E A D  ---------------

Current thread (0x0000000019a80000):  JavaThread "C2 CompilerThread2" daemon [_thread_in_native, id=17112, stack(0x000000001aed0000,0x000000001afd0000)]

Stack: [0x000000001aed0000,0x000000001afd0000]
[error occurred during error reporting (printing stack bounds), id 0xc0000005]

Native frames: (J=compiled Java code, j=interpreted, Vv=VM code, C=native code)


Current CompileTask:
C2:   5520 6145   !   4       org.eclipse.jdt.internal.compiler.classfmt.ClassFileReader::<init> (1936 bytes)


---------------  P R O C E S S  ---------------

Java Threads: ( => current thread )
  0x000000001e0f7800 JavaThread "Keep-Alive-Timer" daemon [_thread_blocked, id=14736, stack(0x0000000025110000,0x0000000025210000)]
  0x000000001e0fe800 JavaThread "Worker-6: Java indexing... " [_thread_blocked, id=14700, stack(0x0000000025010000,0x0000000025110000)]
  0x000000001e0fb800 JavaThread "Worker-5" [_thread_blocked, id=14680, stack(0x0000000024f10000,0x0000000025010000)]
  0x000000001e0f6000 JavaThread "Worker-4" [_thread_blocked, id=1240, stack(0x0000000024580000,0x0000000024680000)]
  0x000000001e0f7000 JavaThread "Worker-3: Updating Maven Dependencies" [_thread_blocked, id=3176, stack(0x0000000024480000,0x0000000024580000)]
  0x000000001e0fa000 JavaThread "Equinox resolver thread - Equinox Container: 39a0b325-7e84-4739-9a2e-3ab3f86ffe14" daemon [_thread_blocked, id=7664, stack(0x0000000024380000,0x0000000024480000)]
  0x000000001e0fd000 JavaThread "Equinox resolver thread - Equinox Container: 39a0b325-7e84-4739-9a2e-3ab3f86ffe14" daemon [_thread_blocked, id=9560, stack(0x0000000024280000,0x0000000024380000)]
  0x000000001e0f8800 JavaThread "Equinox resolver thread - Equinox Container: 39a0b325-7e84-4739-9a2e-3ab3f86ffe14" daemon [_thread_blocked, id=9796, stack(0x0000000024180000,0x0000000024280000)]
  0x0000000020d8e000 JavaThread "Equinox resolver thread - Equinox Container: 39a0b325-7e84-4739-9a2e-3ab3f86ffe14" daemon [_thread_blocked, id=1584, stack(0x0000000024080000,0x0000000024180000)]
  0x0000000020d92800 JavaThread "Equinox resolver thread - Equinox Container: 39a0b325-7e84-4739-9a2e-3ab3f86ffe14" daemon [_thread_blocked, id=13604, stack(0x0000000023f80000,0x0000000024080000)]
  0x0000000020d8e800 JavaThread "Equinox resolver thread - Equinox Container: 39a0b325-7e84-4739-9a2e-3ab3f86ffe14" daemon [_thread_blocked, id=9428, stack(0x0000000023e80000,0x0000000023f80000)]
  0x0000000020d94000 JavaThread "Equinox resolver thread - Equinox Container: 39a0b325-7e84-4739-9a2e-3ab3f86ffe14" daemon [_thread_blocked, id=12464, stack(0x0000000023d80000,0x0000000023e80000)]
  0x0000000020d91800 JavaThread "Equinox resolver thread - Equinox Container: 39a0b325-7e84-4739-9a2e-3ab3f86ffe14" daemon [_thread_blocked, id=13620, stack(0x0000000023c80000,0x0000000023d80000)]
  0x0000000020d91000 JavaThread "Equinox resolver thread - Equinox Container: 39a0b325-7e84-4739-9a2e-3ab3f86ffe14" daemon [_thread_blocked, id=4036, stack(0x0000000023b80000,0x0000000023c80000)]
  0x0000000020d8d000 JavaThread "Equinox resolver thread - Equinox Container: 39a0b325-7e84-4739-9a2e-3ab3f86ffe14" daemon [_thread_blocked, id=5948, stack(0x0000000023a80000,0x0000000023b80000)]
  0x0000000020d90000 JavaThread "Equinox resolver thread - Equinox Container: 39a0b325-7e84-4739-9a2e-3ab3f86ffe14" daemon [_thread_blocked, id=8164, stack(0x0000000023980000,0x0000000023a80000)]
  0x0000000020d8f800 JavaThread "Equinox resolver thread - Equinox Container: 39a0b325-7e84-4739-9a2e-3ab3f86ffe14" daemon [_thread_blocked, id=4724, stack(0x0000000023880000,0x0000000023980000)]
  0x0000000020d93000 JavaThread "Worker-2: Initialize Workspace" [_thread_in_native, id=9072, stack(0x0000000022300000,0x0000000022400000)]
  0x000000001fd81000 JavaThread "pool-1-thread-1" [_thread_blocked, id=14772, stack(0x0000000020380000,0x0000000020480000)]
  0x000000001d52a800 JavaThread "Java indexing" daemon [_thread_in_Java, id=11360, stack(0x000000001eab0000,0x000000001ebb0000)]
  0x000000001c0e9000 JavaThread "Worker-1" [_thread_blocked, id=14384, stack(0x000000001e7b0000,0x000000001e8b0000)]
  0x000000001c0a2000 JavaThread "Worker-0" [_thread_blocked, id=3096, stack(0x000000001e6b0000,0x000000001e7b0000)]
  0x000000001c857000 JavaThread "Worker-JM" [_thread_blocked, id=17148, stack(0x000000001e3b0000,0x000000001e4b0000)]
  0x000000001c04a800 JavaThread "Bundle File Closer" daemon [_thread_blocked, id=6500, stack(0x000000001ce50000,0x000000001cf50000)]
  0x000000001c008000 JavaThread "Start Level: Equinox Container: 39a0b325-7e84-4739-9a2e-3ab3f86ffe14" daemon [_thread_blocked, id=16652, stack(0x000000001cd50000,0x000000001ce50000)]
  0x000000001c2f0000 JavaThread "Framework Event Dispatcher: Equinox Container: 39a0b325-7e84-4739-9a2e-3ab3f86ffe14" daemon [_thread_blocked, id=17324, stack(0x000000001cc50000,0x000000001cd50000)]
  0x000000001bd9b800 JavaThread "Active Thread: Equinox Container: 39a0b325-7e84-4739-9a2e-3ab3f86ffe14" [_thread_blocked, id=12260, stack(0x000000001cb50000,0x000000001cc50000)]
  0x0000000019b11800 JavaThread "Service Thread" daemon [_thread_blocked, id=9680, stack(0x000000001b0d0000,0x000000001b1d0000)]
  0x0000000019a81000 JavaThread "C1 CompilerThread3" daemon [_thread_blocked, id=9012, stack(0x000000001afd0000,0x000000001b0d0000)]
=>0x0000000019a80000 JavaThread "C2 CompilerThread2" daemon [_thread_in_native, id=17112, stack(0x000000001aed0000,0x000000001afd0000)]
  0x0000000019a77800 JavaThread "C2 CompilerThread1" daemon [_thread_in_native, id=1064, stack(0x000000001add0000,0x000000001aed0000)]
  0x0000000019a76800 JavaThread "C2 CompilerThread0" daemon [_thread_in_native, id=9756, stack(0x000000001acd0000,0x000000001add0000)]
  0x0000000019a73800 JavaThread "Attach Listener" daemon [_thread_blocked, id=12952, stack(0x000000001abd0000,0x000000001acd0000)]
  0x0000000019a61000 JavaThread "Signal Dispatcher" daemon [_thread_blocked, id=11632, stack(0x000000001aad0000,0x000000001abd0000)]
  0x0000000019a60000 JavaThread "Surrogate Locker Thread (Concurrent GC)" daemon [_thread_blocked, id=12932, stack(0x000000001a9d0000,0x000000001aad0000)]
  0x00000000199ea000 JavaThread "Finalizer" daemon [_thread_blocked, id=2136, stack(0x000000001a870000,0x000000001a970000)]
  0x00000000199e1800 JavaThread "Reference Handler" daemon [_thread_blocked, id=16032, stack(0x000000001a770000,0x000000001a870000)]
  0x0000000002b52800 JavaThread "main" [_thread_blocked, id=10656, stack(0x0000000002a20000,0x0000000002b20000)]

Other Threads:
  0x00000000199e0800 VMThread [stack: 0x000000001a570000,0x000000001a670000] [id=12496]
  0x0000000019b54800 WatcherThread [stack: 0x000000001b1d0000,0x000000001b2d0000] [id=14560]

VM state:not at safepoint (normal execution)

VM Mutex/Monitor currently owned by a thread: None

heap address: 0x00000000c0000000, size: 1024 MB, Compressed Oops mode: 32-bit
Narrow klass base: 0x0000000000000000, Narrow klass shift: 3
Compressed class space size: 1073741824 Address: 0x0000000100000000

Heap:
 garbage-first heap   total 262144K, used 86607K [0x00000000c0000000, 0x00000000c0100800, 0x0000000100000000)
  region size 1024K, 10 young (10240K), 1 survivors (1024K)
 Metaspace       used 43014K, capacity 45556K, committed 45644K, reserved 1089536K
  class space    used 4640K, capacity 5430K, committed 5452K, reserved 1048576K

Heap Regions: (Y=young(eden), SU=young(survivor), HS=humongous(starts), HC=humongous(continues), CS=collection set, F=free, TS=gc time stamp, PTAMS=previous top-at-mark-start, NTAMS=next top-at-mark-start)
AC   0  O    TS     0 PTAMS 0x00000000c0100000 NTAMS 0x00000000c0100000 space 1024K, 100% used [0x00000000c0000000, 0x00000000c0100000)
AC   0  O    TS     0 PTAMS 0x00000000c0200000 NTAMS 0x00000000c0200000 space 1024K, 100% used [0x00000000c0100000, 0x00000000c0200000)
AC   0  O    TS     0 PTAMS 0x00000000c0300000 NTAMS 0x00000000c0300000 space 1024K, 100% used [0x00000000c0200000, 0x00000000c0300000)
AC   0  O    TS     0 PTAMS 0x00000000c0400000 NTAMS 0x00000000c0400000 space 1024K, 100% used [0x00000000c0300000, 0x00000000c0400000)
AC   0  O    TS     0 PTAMS 0x00000000c0500000 NTAMS 0x00000000c0500000 space 1024K, 100% used [0x00000000c0400000, 0x00000000c0500000)
AC   0  O    TS     0 PTAMS 0x00000000c0600000 NTAMS 0x00000000c0600000 space 1024K, 100% used [0x00000000c0500000, 0x00000000c0600000)
AC   0  F    TS     0 PTAMS 0x00000000c0600000 NTAMS 0x00000000c0600000 space 1024K,   0% used [0x00000000c0600000, 0x00000000c0700000)
AC   0  F    TS     0 PTAMS 0x00000000c0700000 NTAMS 0x00000000c0700000 space 1024K,   0% used [0x00000000c0700000, 0x00000000c0800000)
AC   0  O    TS     0 PTAMS 0x00000000c0900000 NTAMS 0x00000000c0900000 space 1024K, 100% used [0x00000000c0800000, 0x00000000c0900000)
AC   0  O    TS     0 PTAMS 0x00000000c0a00000 NTAMS 0x00000000c0a00000 space 1024K, 100% used [0x00000000c0900000, 0x00000000c0a00000)
AC   0  O    TS     0 PTAMS 0x00000000c0b00000 NTAMS 0x00000000c0b00000 space 1024K, 100% used [0x00000000c0a00000, 0x00000000c0b00000)
AC   0  O    TS     0 PTAMS 0x00000000c0c00000 NTAMS 0x00000000c0c00000 space 1024K, 100% used [0x00000000c0b00000, 0x00000000c0c00000)
AC   0  F    TS     0 PTAMS 0x00000000c0c00000 NTAMS 0x00000000c0c00000 space 1024K,   0% used [0x00000000c0c00000, 0x00000000c0d00000)
AC   0  F    TS     0 PTAMS 0x00000000c0d00000 NTAMS 0x00000000c0d00000 space 1024K,   0% used [0x00000000c0d00000, 0x00000000c0e00000)
AC   0  O    TS     0 PTAMS 0x00000000c0f00000 NTAMS 0x00000000c0f00000 space 1024K, 100% used [0x00000000c0e00000, 0x00000000c0f00000)
AC   0  O    TS     0 PTAMS 0x00000000c1000000 NTAMS 0x00000000c1000000 space 1024K, 100% used [0x00000000c0f00000, 0x00000000c1000000)
AC   0  O    TS     0 PTAMS 0x00000000c1100000 NTAMS 0x00000000c1100000 space 1024K, 100% used [0x00000000c1000000, 0x00000000c1100000)
AC   0  O    TS     0 PTAMS 0x00000000c1200000 NTAMS 0x00000000c1200000 space 1024K, 100% used [0x00000000c1100000, 0x00000000c1200000)
AC   0  O    TS     0 PTAMS 0x00000000c1300000 NTAMS 0x00000000c1300000 space 1024K, 100% used [0x00000000c1200000, 0x00000000c1300000)
AC   0  O    TS     0 PTAMS 0x00000000c1400000 NTAMS 0x00000000c1400000 space 1024K, 100% used [0x00000000c1300000, 0x00000000c1400000)
AC   0  O    TS     0 PTAMS 0x00000000c1500000 NTAMS 0x00000000c1500000 space 1024K, 100% used [0x00000000c1400000, 0x00000000c1500000)
AC   0  O    TS     0 PTAMS 0x00000000c1600000 NTAMS 0x00000000c1600000 space 1024K, 100% used [0x00000000c1500000, 0x00000000c1600000)
AC   0  F    TS     0 PTAMS 0x00000000c1600000 NTAMS 0x00000000c1600000 space 1024K,   0% used [0x00000000c1600000, 0x00000000c1700000)
AC   0  O    TS     0 PTAMS 0x00000000c1800000 NTAMS 0x00000000c1800000 space 1024K, 100% used [0x00000000c1700000, 0x00000000c1800000)
AC   0  F    TS     0 PTAMS 0x00000000c1800000 NTAMS 0x00000000c1800000 space 1024K,   0% used [0x00000000c1800000, 0x00000000c1900000)
AC   0  O    TS     0 PTAMS 0x00000000c1a00000 NTAMS 0x00000000c1a00000 space 1024K, 100% used [0x00000000c1900000, 0x00000000c1a00000)
AC   0  O    TS     0 PTAMS 0x00000000c1b00000 NTAMS 0x00000000c1b00000 space 1024K, 100% used [0x00000000c1a00000, 0x00000000c1b00000)
AC   0  O    TS     0 PTAMS 0x00000000c1c00000 NTAMS 0x00000000c1c00000 space 1024K, 100% used [0x00000000c1b00000, 0x00000000c1c00000)
AC   0  O    TS     0 PTAMS 0x00000000c1d00000 NTAMS 0x00000000c1d00000 space 1024K, 100% used [0x00000000c1c00000, 0x00000000c1d00000)
AC   0  O    TS     0 PTAMS 0x00000000c1e00000 NTAMS 0x00000000c1e00000 space 1024K, 100% used [0x00000000c1d00000, 0x00000000c1e00000)
AC   0  F    TS     0 PTAMS 0x00000000c1e00000 NTAMS 0x00000000c1e00000 space 1024K,   0% used [0x00000000c1e00000, 0x00000000c1f00000)
AC   0  F    TS     0 PTAMS 0x00000000c1f00000 NTAMS 0x00000000c1f00000 space 1024K,   0% used [0x00000000c1f00000, 0x00000000c2000000)
AC   0  O    TS     0 PTAMS 0x00000000c2100000 NTAMS 0x00000000c2100000 space 1024K, 100% used [0x00000000c2000000, 0x00000000c2100000)
AC   0  O    TS     0 PTAMS 0x00000000c2200000 NTAMS 0x00000000c2200000 space 1024K, 100% used [0x00000000c2100000, 0x00000000c2200000)
AC   0  O    TS     0 PTAMS 0x00000000c2300000 NTAMS 0x00000000c2300000 space 1024K, 100% used [0x00000000c2200000, 0x00000000c2300000)
AC   0  O    TS     0 PTAMS 0x00000000c2400000 NTAMS 0x00000000c2400000 space 1024K, 100% used [0x00000000c2300000, 0x00000000c2400000)
AC   0  O    TS     0 PTAMS 0x00000000c2500000 NTAMS 0x00000000c2500000 space 1024K, 100% used [0x00000000c2400000, 0x00000000c2500000)
AC   0  O    TS     0 PTAMS 0x00000000c2600000 NTAMS 0x00000000c2600000 space 1024K, 100% used [0x00000000c2500000, 0x00000000c2600000)
AC   0  O    TS     0 PTAMS 0x00000000c2700000 NTAMS 0x00000000c2700000 space 1024K, 100% used [0x00000000c2600000, 0x00000000c2700000)
AC   0  F    TS     0 PTAMS 0x00000000c2700000 NTAMS 0x00000000c2700000 space 1024K,   0% used [0x00000000c2700000, 0x00000000c2800000)
AC   0  O    TS     0 PTAMS 0x00000000c2900000 NTAMS 0x00000000c2900000 space 1024K, 100% used [0x00000000c2800000, 0x00000000c2900000)
AC   0  O    TS     0 PTAMS 0x00000000c2a00000 NTAMS 0x00000000c2a00000 space 1024K, 100% used [0x00000000c2900000, 0x00000000c2a00000)
AC   0  O    TS     0 PTAMS 0x00000000c2b00000 NTAMS 0x00000000c2b00000 space 1024K, 100% used [0x00000000c2a00000, 0x00000000c2b00000)
AC   0  O    TS     0 PTAMS 0x00000000c2c00000 NTAMS 0x00000000c2c00000 space 1024K, 100% used [0x00000000c2b00000, 0x00000000c2c00000)
AC   0  O    TS     0 PTAMS 0x00000000c2d00000 NTAMS 0x00000000c2d00000 space 1024K, 100% used [0x00000000c2c00000, 0x00000000c2d00000)
AC   0  O    TS     1 PTAMS 0x00000000c2df7200 NTAMS 0x00000000c2df7200 space 1024K, 100% used [0x00000000c2d00000, 0x00000000c2e00000)
AC   0  O    TS     0 PTAMS 0x00000000c2f00000 NTAMS 0x00000000c2f00000 space 1024K, 100% used [0x00000000c2e00000, 0x00000000c2f00000)
AC   0  F    TS     0 PTAMS 0x00000000c2f00000 NTAMS 0x00000000c2f00000 space 1024K,   0% used [0x00000000c2f00000, 0x00000000c3000000)
AC   0  O    TS     1 PTAMS 0x00000000c3000000 NTAMS 0x00000000c3000000 space 1024K, 100% used [0x00000000c3000000, 0x00000000c3100000)
AC   0  O    TS     1 PTAMS 0x00000000c3100000 NTAMS 0x00000000c3100000 space 1024K, 100% used [0x00000000c3100000, 0x00000000c3200000)
AC   0  F    TS     0 PTAMS 0x00000000c3200000 NTAMS 0x00000000c3200000 space 1024K,   0% used [0x00000000c3200000, 0x00000000c3300000)
AC   0  O    TS     1 PTAMS 0x00000000c3300000 NTAMS 0x00000000c3300000 space 1024K, 100% used [0x00000000c3300000, 0x00000000c3400000)
AC   0  O    TS     1 PTAMS 0x00000000c3400000 NTAMS 0x00000000c3400000 space 1024K, 100% used [0x00000000c3400000, 0x00000000c3500000)
AC   0  O    TS     0 PTAMS 0x00000000c3600000 NTAMS 0x00000000c3600000 space 1024K, 100% used [0x00000000c3500000, 0x00000000c3600000)
AC   0  O    TS     0 PTAMS 0x00000000c3700000 NTAMS 0x00000000c3700000 space 1024K, 100% used [0x00000000c3600000, 0x00000000c3700000)
AC   0  O    TS     0 PTAMS 0x00000000c3800000 NTAMS 0x00000000c3800000 space 1024K, 100% used [0x00000000c3700000, 0x00000000c3800000)
AC   0  O    TS     0 PTAMS 0x00000000c3900000 NTAMS 0x00000000c3900000 space 1024K, 100% used [0x00000000c3800000, 0x00000000c3900000)
AC   0  O    TS     0 PTAMS 0x00000000c3a00000 NTAMS 0x00000000c3a00000 space 1024K, 100% used [0x00000000c3900000, 0x00000000c3a00000)
AC   0  O    TS     0 PTAMS 0x00000000c3b00000 NTAMS 0x00000000c3b00000 space 1024K, 100% used [0x00000000c3a00000, 0x00000000c3b00000)
AC   0  O    TS     1 PTAMS 0x00000000c3b00000 NTAMS 0x00000000c3b00000 space 1024K, 100% used [0x00000000c3b00000, 0x00000000c3c00000)
AC   0  O    TS     0 PTAMS 0x00000000c3d00000 NTAMS 0x00000000c3d00000 space 1024K, 100% used [0x00000000c3c00000, 0x00000000c3d00000)
AC   0  O    TS     1 PTAMS 0x00000000c3d00000 NTAMS 0x00000000c3d00000 space 1024K, 100% used [0x00000000c3d00000, 0x00000000c3e00000)
AC   0  O    TS     0 PTAMS 0x00000000c3f00000 NTAMS 0x00000000c3f00000 space 1024K, 100% used [0x00000000c3e00000, 0x00000000c3f00000)
AC   0  O    TS     0 PTAMS 0x00000000c4000000 NTAMS 0x00000000c4000000 space 1024K, 100% used [0x00000000c3f00000, 0x00000000c4000000)
AC   0  O    TS     0 PTAMS 0x00000000c4100000 NTAMS 0x00000000c4100000 space 1024K, 100% used [0x00000000c4000000, 0x00000000c4100000)
AC   0  O    TS     3 PTAMS 0x00000000c4100000 NTAMS 0x00000000c4100000 space 1024K, 100% used [0x00000000c4100000, 0x00000000c4200000)
AC   0  O    TS     3 PTAMS 0x00000000c4200000 NTAMS 0x00000000c4200000 space 1024K, 100% used [0x00000000c4200000, 0x00000000c4300000)
AC   0  O    TS     3 PTAMS 0x00000000c4300000 NTAMS 0x00000000c4300000 space 1024K, 100% used [0x00000000c4300000, 0x00000000c4400000)
AC   0  O    TS     3 PTAMS 0x00000000c4400000 NTAMS 0x00000000c4400000 space 1024K, 100% used [0x00000000c4400000, 0x00000000c4500000)
AC   0  O    TS     3 PTAMS 0x00000000c4500000 NTAMS 0x00000000c4500000 space 1024K, 100% used [0x00000000c4500000, 0x00000000c4600000)
AC   0  O    TS     3 PTAMS 0x00000000c4600000 NTAMS 0x00000000c4600000 space 1024K, 100% used [0x00000000c4600000, 0x00000000c4700000)
AC   0  O    TS     0 PTAMS 0x00000000c4800000 NTAMS 0x00000000c4800000 space 1024K, 100% used [0x00000000c4700000, 0x00000000c4800000)
AC   0 HS    TS     0 PTAMS 0x00000000c48d8008 NTAMS 0x00000000c48d8008 space 1024K,  84% used [0x00000000c4800000, 0x00000000c4900000)
AC   0  O    TS     0 PTAMS 0x00000000c4a00000 NTAMS 0x00000000c4a00000 space 1024K, 100% used [0x00000000c4900000, 0x00000000c4a00000)
AC   0  O    TS     0 PTAMS 0x00000000c4b00000 NTAMS 0x00000000c4b00000 space 1024K, 100% used [0x00000000c4a00000, 0x00000000c4b00000)
AC   0  F    TS     0 PTAMS 0x00000000c4b00000 NTAMS 0x00000000c4b00000 space 1024K,   0% used [0x00000000c4b00000, 0x00000000c4c00000)
AC   0  O    TS     0 PTAMS 0x00000000c4d00000 NTAMS 0x00000000c4d00000 space 1024K, 100% used [0x00000000c4c00000, 0x00000000c4d00000)
AC   0  O    TS     0 PTAMS 0x00000000c4e00000 NTAMS 0x00000000c4e00000 space 1024K, 100% used [0x00000000c4d00000, 0x00000000c4e00000)
AC   0  O    TS     0 PTAMS 0x00000000c4f00000 NTAMS 0x00000000c4f00000 space 1024K, 100% used [0x00000000c4e00000, 0x00000000c4f00000)
AC   0  O    TS     0 PTAMS 0x00000000c5000000 NTAMS 0x00000000c5000000 space 1024K, 100% used [0x00000000c4f00000, 0x00000000c5000000)
AC   0  O    TS     0 PTAMS 0x00000000c5100000 NTAMS 0x00000000c5100000 space 1024K, 100% used [0x00000000c5000000, 0x00000000c5100000)
AC   0  O    TS     0 PTAMS 0x00000000c5200000 NTAMS 0x00000000c5200000 space 1024K, 100% used [0x00000000c5100000, 0x00000000c5200000)
AC   0  F    TS     0 PTAMS 0x00000000c5200000 NTAMS 0x00000000c5200000 space 1024K,   0% used [0x00000000c5200000, 0x00000000c5300000)
AC   0  O    TS     3 PTAMS 0x00000000c5300000 NTAMS 0x00000000c5300000 space 1024K, 100% used [0x00000000c5300000, 0x00000000c5400000)
AC   0  O    TS     3 PTAMS 0x00000000c5400000 NTAMS 0x00000000c5400000 space 1024K, 100% used [0x00000000c5400000, 0x00000000c5500000)
AC   0  O    TS     3 PTAMS 0x00000000c5500000 NTAMS 0x00000000c5500000 space 1024K, 100% used [0x00000000c5500000, 0x00000000c5600000)
AC   0  O    TS     3 PTAMS 0x00000000c5600000 NTAMS 0x00000000c5600000 space 1024K, 100% used [0x00000000c5600000, 0x00000000c5700000)
AC   0  O    TS     3 PTAMS 0x00000000c5700000 NTAMS 0x00000000c5700000 space 1024K, 100% used [0x00000000c5700000, 0x00000000c5800000)
AC   0  O    TS     3 PTAMS 0x00000000c5800000 NTAMS 0x00000000c5800000 space 1024K,  73% used [0x00000000c5800000, 0x00000000c5900000)
AC   0  F    TS     0 PTAMS 0x00000000c5900000 NTAMS 0x00000000c5900000 space 1024K,   0% used [0x00000000c5900000, 0x00000000c5a00000)
AC   0  F    TS     0 PTAMS 0x00000000c5a00000 NTAMS 0x00000000c5a00000 space 1024K,   0% used [0x00000000c5a00000, 0x00000000c5b00000)
AC   0  F    TS     1 PTAMS 0x00000000c5b00000 NTAMS 0x00000000c5b00000 space 1024K,   0% used [0x00000000c5b00000, 0x00000000c5c00000)
AC   0  F    TS     1 PTAMS 0x00000000c5c00000 NTAMS 0x00000000c5c00000 space 1024K,   0% used [0x00000000c5c00000, 0x00000000c5d00000)
AC   0  F    TS     1 PTAMS 0x00000000c5d00000 NTAMS 0x00000000c5d00000 space 1024K,   0% used [0x00000000c5d00000, 0x00000000c5e00000)
AC   0  F    TS     1 PTAMS 0x00000000c5e00000 NTAMS 0x00000000c5e00000 space 1024K,   0% used [0x00000000c5e00000, 0x00000000c5f00000)
AC   0  F    TS     1 PTAMS 0x00000000c5f00000 NTAMS 0x00000000c5f00000 space 1024K,   0% used [0x00000000c5f00000, 0x00000000c6000000)
AC   0  F    TS     0 PTAMS 0x00000000c6000000 NTAMS 0x00000000c6000000 space 1024K,   0% used [0x00000000c6000000, 0x00000000c6100000)
AC   0  F    TS     0 PTAMS 0x00000000c6100000 NTAMS 0x00000000c6100000 space 1024K,   0% used [0x00000000c6100000, 0x00000000c6200000)
AC   0  F    TS     0 PTAMS 0x00000000c6200000 NTAMS 0x00000000c6200000 space 1024K,   0% used [0x00000000c6200000, 0x00000000c6300000)
AC   0  F    TS     0 PTAMS 0x00000000c6300000 NTAMS 0x00000000c6300000 space 1024K,   0% used [0x00000000c6300000, 0x00000000c6400000)
AC   0  F    TS     0 PTAMS 0x00000000c6400000 NTAMS 0x00000000c6400000 space 1024K,   0% used [0x00000000c6400000, 0x00000000c6500000)
AC   0  F    TS     0 PTAMS 0x00000000c6500000 NTAMS 0x00000000c6500000 space 1024K,   0% used [0x00000000c6500000, 0x00000000c6600000)
AC   0  F    TS     0 PTAMS 0x00000000c6600000 NTAMS 0x00000000c6600000 space 1024K,   0% used [0x00000000c6600000, 0x00000000c6700000)
AC   0  F    TS     0 PTAMS 0x00000000c6700000 NTAMS 0x00000000c6700000 space 1024K,   0% used [0x00000000c6700000, 0x00000000c6800000)
AC   0  F    TS     0 PTAMS 0x00000000c6800000 NTAMS 0x00000000c6800000 space 1024K,   0% used [0x00000000c6800000, 0x00000000c6900000)
AC   0  F    TS     0 PTAMS 0x00000000c6900000 NTAMS 0x00000000c6900000 space 1024K,   0% used [0x00000000c6900000, 0x00000000c6a00000)
AC   0  F    TS     0 PTAMS 0x00000000c6a00000 NTAMS 0x00000000c6a00000 space 1024K,   0% used [0x00000000c6a00000, 0x00000000c6b00000)
AC   0  F    TS     0 PTAMS 0x00000000c6b00000 NTAMS 0x00000000c6b00000 space 1024K,   0% used [0x00000000c6b00000, 0x00000000c6c00000)
AC   0  F    TS     0 PTAMS 0x00000000c6c00000 NTAMS 0x00000000c6c00000 space 1024K,   0% used [0x00000000c6c00000, 0x00000000c6d00000)
AC   0  F    TS     0 PTAMS 0x00000000c6d00000 NTAMS 0x00000000c6d00000 space 1024K,   0% used [0x00000000c6d00000, 0x00000000c6e00000)
AC   0  F    TS     0 PTAMS 0x00000000c6e00000 NTAMS 0x00000000c6e00000 space 1024K,   0% used [0x00000000c6e00000, 0x00000000c6f00000)
AC   0  F    TS     0 PTAMS 0x00000000c6f00000 NTAMS 0x00000000c6f00000 space 1024K,   0% used [0x00000000c6f00000, 0x00000000c7000000)
AC   0  F    TS     0 PTAMS 0x00000000c7000000 NTAMS 0x00000000c7000000 space 1024K,   0% used [0x00000000c7000000, 0x00000000c7100000)
AC   0  F    TS     0 PTAMS 0x00000000c7100000 NTAMS 0x00000000c7100000 space 1024K,   0% used [0x00000000c7100000, 0x00000000c7200000)
AC   0  F    TS     0 PTAMS 0x00000000c7200000 NTAMS 0x00000000c7200000 space 1024K,   0% used [0x00000000c7200000, 0x00000000c7300000)
AC   0  F    TS     0 PTAMS 0x00000000c7300000 NTAMS 0x00000000c7300000 space 1024K,   0% used [0x00000000c7300000, 0x00000000c7400000)
AC   0  F    TS     0 PTAMS 0x00000000c7400000 NTAMS 0x00000000c7400000 space 1024K,   0% used [0x00000000c7400000, 0x00000000c7500000)
AC   0  F    TS     0 PTAMS 0x00000000c7500000 NTAMS 0x00000000c7500000 space 1024K,   0% used [0x00000000c7500000, 0x00000000c7600000)
AC   0  F    TS     0 PTAMS 0x00000000c7600000 NTAMS 0x00000000c7600000 space 1024K,   0% used [0x00000000c7600000, 0x00000000c7700000)
AC   0  F    TS     0 PTAMS 0x00000000c7700000 NTAMS 0x00000000c7700000 space 1024K,   0% used [0x00000000c7700000, 0x00000000c7800000)
AC   0  F    TS     0 PTAMS 0x00000000c7800000 NTAMS 0x00000000c7800000 space 1024K,   0% used [0x00000000c7800000, 0x00000000c7900000)
AC   0  F    TS     0 PTAMS 0x00000000c7900000 NTAMS 0x00000000c7900000 space 1024K,   0% used [0x00000000c7900000, 0x00000000c7a00000)
AC   0  F    TS     0 PTAMS 0x00000000c7a00000 NTAMS 0x00000000c7a00000 space 1024K,   0% used [0x00000000c7a00000, 0x00000000c7b00000)
AC   0  F    TS     0 PTAMS 0x00000000c7b00000 NTAMS 0x00000000c7b00000 space 1024K,   0% used [0x00000000c7b00000, 0x00000000c7c00000)
AC   0  F    TS     0 PTAMS 0x00000000c7c00000 NTAMS 0x00000000c7c00000 space 1024K,   0% used [0x00000000c7c00000, 0x00000000c7d00000)
AC   0  F    TS     0 PTAMS 0x00000000c7d00000 NTAMS 0x00000000c7d00000 space 1024K,   0% used [0x00000000c7d00000, 0x00000000c7e00000)
AC   0  S CS TS     3 PTAMS 0x00000000c7e00000 NTAMS 0x00000000c7e00000 space 1024K, 100% used [0x00000000c7e00000, 0x00000000c7f00000)
AC   0  F    TS     0 PTAMS 0x00000000c7f00000 NTAMS 0x00000000c7f00000 space 1024K,   0% used [0x00000000c7f00000, 0x00000000c8000000)
AC   0  F    TS     3 PTAMS 0x00000000c8000000 NTAMS 0x00000000c8000000 space 1024K,   0% used [0x00000000c8000000, 0x00000000c8100000)
AC   0  F    TS     3 PTAMS 0x00000000c8100000 NTAMS 0x00000000c8100000 space 1024K,   0% used [0x00000000c8100000, 0x00000000c8200000)
AC   0  F    TS     3 PTAMS 0x00000000c8200000 NTAMS 0x00000000c8200000 space 1024K,   0% used [0x00000000c8200000, 0x00000000c8300000)
AC   0  F    TS     3 PTAMS 0x00000000c8300000 NTAMS 0x00000000c8300000 space 1024K,   0% used [0x00000000c8300000, 0x00000000c8400000)
AC   0  F    TS     3 PTAMS 0x00000000c8400000 NTAMS 0x00000000c8400000 space 1024K,   0% used [0x00000000c8400000, 0x00000000c8500000)
AC   0  F    TS     3 PTAMS 0x00000000c8500000 NTAMS 0x00000000c8500000 space 1024K,   0% used [0x00000000c8500000, 0x00000000c8600000)
AC   0  F    TS     3 PTAMS 0x00000000c8600000 NTAMS 0x00000000c8600000 space 1024K,   0% used [0x00000000c8600000, 0x00000000c8700000)
AC   0  F    TS     3 PTAMS 0x00000000c8700000 NTAMS 0x00000000c8700000 space 1024K,   0% used [0x00000000c8700000, 0x00000000c8800000)
AC   0  F    TS     3 PTAMS 0x00000000c8800000 NTAMS 0x00000000c8800000 space 1024K,   0% used [0x00000000c8800000, 0x00000000c8900000)
AC   0  F    TS     3 PTAMS 0x00000000c8900000 NTAMS 0x00000000c8900000 space 1024K,   0% used [0x00000000c8900000, 0x00000000c8a00000)
AC   0  F    TS     3 PTAMS 0x00000000c8a00000 NTAMS 0x00000000c8a00000 space 1024K,   0% used [0x00000000c8a00000, 0x00000000c8b00000)
AC   0  F    TS     3 PTAMS 0x00000000c8b00000 NTAMS 0x00000000c8b00000 space 1024K,   0% used [0x00000000c8b00000, 0x00000000c8c00000)
AC   0  F    TS     3 PTAMS 0x00000000c8c00000 NTAMS 0x00000000c8c00000 space 1024K,   0% used [0x00000000c8c00000, 0x00000000c8d00000)
AC   0  F    TS     3 PTAMS 0x00000000c8d00000 NTAMS 0x00000000c8d00000 space 1024K,   0% used [0x00000000c8d00000, 0x00000000c8e00000)
AC   0  F    TS     3 PTAMS 0x00000000c8e00000 NTAMS 0x00000000c8e00000 space 1024K,   0% used [0x00000000c8e00000, 0x00000000c8f00000)
AC   0  F    TS     3 PTAMS 0x00000000c8f00000 NTAMS 0x00000000c8f00000 space 1024K,   0% used [0x00000000c8f00000, 0x00000000c9000000)
AC   0  F    TS     3 PTAMS 0x00000000c9000000 NTAMS 0x00000000c9000000 space 1024K,   0% used [0x00000000c9000000, 0x00000000c9100000)
AC   0  F    TS     3 PTAMS 0x00000000c9100000 NTAMS 0x00000000c9100000 space 1024K,   0% used [0x00000000c9100000, 0x00000000c9200000)
AC   0  F    TS     3 PTAMS 0x00000000c9200000 NTAMS 0x00000000c9200000 space 1024K,   0% used [0x00000000c9200000, 0x00000000c9300000)
AC   0  F    TS     3 PTAMS 0x00000000c9300000 NTAMS 0x00000000c9300000 space 1024K,   0% used [0x00000000c9300000, 0x00000000c9400000)
AC   0  F    TS     3 PTAMS 0x00000000c9400000 NTAMS 0x00000000c9400000 space 1024K,   0% used [0x00000000c9400000, 0x00000000c9500000)
AC   0  F    TS     3 PTAMS 0x00000000c9500000 NTAMS 0x00000000c9500000 space 1024K,   0% used [0x00000000c9500000, 0x00000000c9600000)
AC   0  F    TS     3 PTAMS 0x00000000c9600000 NTAMS 0x00000000c9600000 space 1024K,   0% used [0x00000000c9600000, 0x00000000c9700000)
AC   0  F    TS     3 PTAMS 0x00000000c9700000 NTAMS 0x00000000c9700000 space 1024K,   0% used [0x00000000c9700000, 0x00000000c9800000)
AC   0  F    TS     3 PTAMS 0x00000000c9800000 NTAMS 0x00000000c9800000 space 1024K,   0% used [0x00000000c9800000, 0x00000000c9900000)
AC   0  F    TS     3 PTAMS 0x00000000c9900000 NTAMS 0x00000000c9900000 space 1024K,   0% used [0x00000000c9900000, 0x00000000c9a00000)
AC   0  F    TS     3 PTAMS 0x00000000c9a00000 NTAMS 0x00000000c9a00000 space 1024K,   0% used [0x00000000c9a00000, 0x00000000c9b00000)
AC   0  F    TS     3 PTAMS 0x00000000c9b00000 NTAMS 0x00000000c9b00000 space 1024K,   0% used [0x00000000c9b00000, 0x00000000c9c00000)
AC   0  F    TS     3 PTAMS 0x00000000c9c00000 NTAMS 0x00000000c9c00000 space 1024K,   0% used [0x00000000c9c00000, 0x00000000c9d00000)
AC   0  F    TS     3 PTAMS 0x00000000c9d00000 NTAMS 0x00000000c9d00000 space 1024K,   0% used [0x00000000c9d00000, 0x00000000c9e00000)
AC   0  F    TS     3 PTAMS 0x00000000c9e00000 NTAMS 0x00000000c9e00000 space 1024K,   0% used [0x00000000c9e00000, 0x00000000c9f00000)
AC   0  F    TS     3 PTAMS 0x00000000c9f00000 NTAMS 0x00000000c9f00000 space 1024K,   0% used [0x00000000c9f00000, 0x00000000ca000000)
AC   0  F    TS     3 PTAMS 0x00000000ca000000 NTAMS 0x00000000ca000000 space 1024K,   0% used [0x00000000ca000000, 0x00000000ca100000)
AC   0  F    TS     3 PTAMS 0x00000000ca100000 NTAMS 0x00000000ca100000 space 1024K,   0% used [0x00000000ca100000, 0x00000000ca200000)
AC   0  F    TS     3 PTAMS 0x00000000ca200000 NTAMS 0x00000000ca200000 space 1024K,   0% used [0x00000000ca200000, 0x00000000ca300000)
AC   0  F    TS     3 PTAMS 0x00000000ca300000 NTAMS 0x00000000ca300000 space 1024K,   0% used [0x00000000ca300000, 0x00000000ca400000)
AC   0  F    TS     3 PTAMS 0x00000000ca400000 NTAMS 0x00000000ca400000 space 1024K,   0% used [0x00000000ca400000, 0x00000000ca500000)
AC   0  F    TS     3 PTAMS 0x00000000ca500000 NTAMS 0x00000000ca500000 space 1024K,   0% used [0x00000000ca500000, 0x00000000ca600000)
AC   0  F    TS     3 PTAMS 0x00000000ca600000 NTAMS 0x00000000ca600000 space 1024K,   0% used [0x00000000ca600000, 0x00000000ca700000)
AC   0  F    TS     3 PTAMS 0x00000000ca700000 NTAMS 0x00000000ca700000 space 1024K,   0% used [0x00000000ca700000, 0x00000000ca800000)
AC   0  F    TS     3 PTAMS 0x00000000ca800000 NTAMS 0x00000000ca800000 space 1024K,   0% used [0x00000000ca800000, 0x00000000ca900000)
AC   0  F    TS     3 PTAMS 0x00000000ca900000 NTAMS 0x00000000ca900000 space 1024K,   0% used [0x00000000ca900000, 0x00000000caa00000)
AC   0  F    TS     3 PTAMS 0x00000000caa00000 NTAMS 0x00000000caa00000 space 1024K,   0% used [0x00000000caa00000, 0x00000000cab00000)
AC   0  F    TS     3 PTAMS 0x00000000cab00000 NTAMS 0x00000000cab00000 space 1024K,   0% used [0x00000000cab00000, 0x00000000cac00000)
AC   0  F    TS     3 PTAMS 0x00000000cac00000 NTAMS 0x00000000cac00000 space 1024K,   0% used [0x00000000cac00000, 0x00000000cad00000)
AC   0  F    TS     3 PTAMS 0x00000000cad00000 NTAMS 0x00000000cad00000 space 1024K,   0% used [0x00000000cad00000, 0x00000000cae00000)
AC   0  F    TS     3 PTAMS 0x00000000cae00000 NTAMS 0x00000000cae00000 space 1024K,   0% used [0x00000000cae00000, 0x00000000caf00000)
AC   0  F    TS     3 PTAMS 0x00000000caf00000 NTAMS 0x00000000caf00000 space 1024K,   0% used [0x00000000caf00000, 0x00000000cb000000)
AC   0  F    TS     3 PTAMS 0x00000000cb000000 NTAMS 0x00000000cb000000 space 1024K,   0% used [0x00000000cb000000, 0x00000000cb100000)
AC   0  F    TS     3 PTAMS 0x00000000cb100000 NTAMS 0x00000000cb100000 space 1024K,   0% used [0x00000000cb100000, 0x00000000cb200000)
AC   0  F    TS     3 PTAMS 0x00000000cb200000 NTAMS 0x00000000cb200000 space 1024K,   0% used [0x00000000cb200000, 0x00000000cb300000)
AC   0  F    TS     3 PTAMS 0x00000000cb300000 NTAMS 0x00000000cb300000 space 1024K,   0% used [0x00000000cb300000, 0x00000000cb400000)
AC   0  F    TS     3 PTAMS 0x00000000cb400000 NTAMS 0x00000000cb400000 space 1024K,   0% used [0x00000000cb400000, 0x00000000cb500000)
AC   0  F    TS     3 PTAMS 0x00000000cb500000 NTAMS 0x00000000cb500000 space 1024K,   0% used [0x00000000cb500000, 0x00000000cb600000)
AC   0  F    TS     3 PTAMS 0x00000000cb600000 NTAMS 0x00000000cb600000 space 1024K,   0% used [0x00000000cb600000, 0x00000000cb700000)
AC   0  F    TS     3 PTAMS 0x00000000cb700000 NTAMS 0x00000000cb700000 space 1024K,   0% used [0x00000000cb700000, 0x00000000cb800000)
AC   0  F    TS     3 PTAMS 0x00000000cb800000 NTAMS 0x00000000cb800000 space 1024K,   0% used [0x00000000cb800000, 0x00000000cb900000)
AC   0  F    TS     3 PTAMS 0x00000000cb900000 NTAMS 0x00000000cb900000 space 1024K,   0% used [0x00000000cb900000, 0x00000000cba00000)
AC   0  F    TS     3 PTAMS 0x00000000cba00000 NTAMS 0x00000000cba00000 space 1024K,   0% used [0x00000000cba00000, 0x00000000cbb00000)
AC   0  F    TS     3 PTAMS 0x00000000cbb00000 NTAMS 0x00000000cbb00000 space 1024K,   0% used [0x00000000cbb00000, 0x00000000cbc00000)
AC   0  F    TS     3 PTAMS 0x00000000cbc00000 NTAMS 0x00000000cbc00000 space 1024K,   0% used [0x00000000cbc00000, 0x00000000cbd00000)
AC   0  F    TS     3 PTAMS 0x00000000cbd00000 NTAMS 0x00000000cbd00000 space 1024K,   0% used [0x00000000cbd00000, 0x00000000cbe00000)
AC   0  F    TS     3 PTAMS 0x00000000cbe00000 NTAMS 0x00000000cbe00000 space 1024K,   0% used [0x00000000cbe00000, 0x00000000cbf00000)
AC   0  F    TS     3 PTAMS 0x00000000cbf00000 NTAMS 0x00000000cbf00000 space 1024K,   0% used [0x00000000cbf00000, 0x00000000cc000000)
AC   0  F    TS     3 PTAMS 0x00000000cc000000 NTAMS 0x00000000cc000000 space 1024K,   0% used [0x00000000cc000000, 0x00000000cc100000)
AC   0  F    TS     3 PTAMS 0x00000000cc100000 NTAMS 0x00000000cc100000 space 1024K,   0% used [0x00000000cc100000, 0x00000000cc200000)
AC   0  F    TS     3 PTAMS 0x00000000cc200000 NTAMS 0x00000000cc200000 space 1024K,   0% used [0x00000000cc200000, 0x00000000cc300000)
AC   0  F    TS     3 PTAMS 0x00000000cc300000 NTAMS 0x00000000cc300000 space 1024K,   0% used [0x00000000cc300000, 0x00000000cc400000)
AC   0  F    TS     3 PTAMS 0x00000000cc400000 NTAMS 0x00000000cc400000 space 1024K,   0% used [0x00000000cc400000, 0x00000000cc500000)
AC   0  F    TS     3 PTAMS 0x00000000cc500000 NTAMS 0x00000000cc500000 space 1024K,   0% used [0x00000000cc500000, 0x00000000cc600000)
AC   0  F    TS     3 PTAMS 0x00000000cc600000 NTAMS 0x00000000cc600000 space 1024K,   0% used [0x00000000cc600000, 0x00000000cc700000)
AC   0  F    TS     3 PTAMS 0x00000000cc700000 NTAMS 0x00000000cc700000 space 1024K,   0% used [0x00000000cc700000, 0x00000000cc800000)
AC   0  F    TS     3 PTAMS 0x00000000cc800000 NTAMS 0x00000000cc800000 space 1024K,   0% used [0x00000000cc800000, 0x00000000cc900000)
AC   0  F    TS     3 PTAMS 0x00000000cc900000 NTAMS 0x00000000cc900000 space 1024K,   0% used [0x00000000cc900000, 0x00000000cca00000)
AC   0  F    TS     3 PTAMS 0x00000000cca00000 NTAMS 0x00000000cca00000 space 1024K,   0% used [0x00000000cca00000, 0x00000000ccb00000)
AC   0  F    TS     3 PTAMS 0x00000000ccb00000 NTAMS 0x00000000ccb00000 space 1024K,   0% used [0x00000000ccb00000, 0x00000000ccc00000)
AC   0  F    TS     3 PTAMS 0x00000000ccc00000 NTAMS 0x00000000ccc00000 space 1024K,   0% used [0x00000000ccc00000, 0x00000000ccd00000)
AC   0  F    TS     3 PTAMS 0x00000000ccd00000 NTAMS 0x00000000ccd00000 space 1024K,   0% used [0x00000000ccd00000, 0x00000000cce00000)
AC   0  F    TS     3 PTAMS 0x00000000cce00000 NTAMS 0x00000000cce00000 space 1024K,   0% used [0x00000000cce00000, 0x00000000ccf00000)
AC   0  F    TS     3 PTAMS 0x00000000ccf00000 NTAMS 0x00000000ccf00000 space 1024K,   0% used [0x00000000ccf00000, 0x00000000cd000000)
AC   0  F    TS     3 PTAMS 0x00000000cd000000 NTAMS 0x00000000cd000000 space 1024K,   0% used [0x00000000cd000000, 0x00000000cd100000)
AC   0  F    TS     3 PTAMS 0x00000000cd100000 NTAMS 0x00000000cd100000 space 1024K,   0% used [0x00000000cd100000, 0x00000000cd200000)
AC   0  F    TS     3 PTAMS 0x00000000cd200000 NTAMS 0x00000000cd200000 space 1024K,   0% used [0x00000000cd200000, 0x00000000cd300000)
AC   0  F    TS     3 PTAMS 0x00000000cd300000 NTAMS 0x00000000cd300000 space 1024K,   0% used [0x00000000cd300000, 0x00000000cd400000)
AC   0  F    TS     3 PTAMS 0x00000000cd400000 NTAMS 0x00000000cd400000 space 1024K,   0% used [0x00000000cd400000, 0x00000000cd500000)
AC   0  F    TS     3 PTAMS 0x00000000cd500000 NTAMS 0x00000000cd500000 space 1024K,   0% used [0x00000000cd500000, 0x00000000cd600000)
AC   0  F    TS     3 PTAMS 0x00000000cd600000 NTAMS 0x00000000cd600000 space 1024K,   0% used [0x00000000cd600000, 0x00000000cd700000)
AC   0  F    TS     3 PTAMS 0x00000000cd700000 NTAMS 0x00000000cd700000 space 1024K,   0% used [0x00000000cd700000, 0x00000000cd800000)
AC   0  F    TS     3 PTAMS 0x00000000cd800000 NTAMS 0x00000000cd800000 space 1024K,   0% used [0x00000000cd800000, 0x00000000cd900000)
AC   0  F    TS     3 PTAMS 0x00000000cd900000 NTAMS 0x00000000cd900000 space 1024K,   0% used [0x00000000cd900000, 0x00000000cda00000)
AC   0  F    TS     3 PTAMS 0x00000000cda00000 NTAMS 0x00000000cda00000 space 1024K,   0% used [0x00000000cda00000, 0x00000000cdb00000)
AC   0  F    TS     3 PTAMS 0x00000000cdb00000 NTAMS 0x00000000cdb00000 space 1024K,   0% used [0x00000000cdb00000, 0x00000000cdc00000)
AC   0  F    TS     3 PTAMS 0x00000000cdc00000 NTAMS 0x00000000cdc00000 space 1024K,   0% used [0x00000000cdc00000, 0x00000000cdd00000)
AC   0  F    TS     3 PTAMS 0x00000000cdd00000 NTAMS 0x00000000cdd00000 space 1024K,   0% used [0x00000000cdd00000, 0x00000000cde00000)
AC   0  F    TS     3 PTAMS 0x00000000cde00000 NTAMS 0x00000000cde00000 space 1024K,   0% used [0x00000000cde00000, 0x00000000cdf00000)
AC   0  F    TS     3 PTAMS 0x00000000cdf00000 NTAMS 0x00000000cdf00000 space 1024K,   0% used [0x00000000cdf00000, 0x00000000ce000000)
AC   0  F    TS     3 PTAMS 0x00000000ce000000 NTAMS 0x00000000ce000000 space 1024K,   0% used [0x00000000ce000000, 0x00000000ce100000)
AC   0  F    TS     3 PTAMS 0x00000000ce100000 NTAMS 0x00000000ce100000 space 1024K,   0% used [0x00000000ce100000, 0x00000000ce200000)
AC   0  F    TS     3 PTAMS 0x00000000ce200000 NTAMS 0x00000000ce200000 space 1024K,   0% used [0x00000000ce200000, 0x00000000ce300000)
AC   0  F    TS     3 PTAMS 0x00000000ce300000 NTAMS 0x00000000ce300000 space 1024K,   0% used [0x00000000ce300000, 0x00000000ce400000)
AC   0  F    TS     3 PTAMS 0x00000000ce400000 NTAMS 0x00000000ce400000 space 1024K,   0% used [0x00000000ce400000, 0x00000000ce500000)
AC   0  F    TS     3 PTAMS 0x00000000ce500000 NTAMS 0x00000000ce500000 space 1024K,   0% used [0x00000000ce500000, 0x00000000ce600000)
AC   0  F    TS     3 PTAMS 0x00000000ce600000 NTAMS 0x00000000ce600000 space 1024K,   0% used [0x00000000ce600000, 0x00000000ce700000)
AC   0  F    TS     3 PTAMS 0x00000000ce700000 NTAMS 0x00000000ce700000 space 1024K,   0% used [0x00000000ce700000, 0x00000000ce800000)
AC   0  F    TS     3 PTAMS 0x00000000ce800000 NTAMS 0x00000000ce800000 space 1024K,   0% used [0x00000000ce800000, 0x00000000ce900000)
AC   0  F    TS     3 PTAMS 0x00000000ce900000 NTAMS 0x00000000ce900000 space 1024K,   0% used [0x00000000ce900000, 0x00000000cea00000)
AC   0  F    TS     3 PTAMS 0x00000000cea00000 NTAMS 0x00000000cea00000 space 1024K,   0% used [0x00000000cea00000, 0x00000000ceb00000)
AC   0  F    TS     3 PTAMS 0x00000000ceb00000 NTAMS 0x00000000ceb00000 space 1024K,   0% used [0x00000000ceb00000, 0x00000000cec00000)
AC   0  F    TS     3 PTAMS 0x00000000cec00000 NTAMS 0x00000000cec00000 space 1024K,   0% used [0x00000000cec00000, 0x00000000ced00000)
AC   0  F    TS     3 PTAMS 0x00000000ced00000 NTAMS 0x00000000ced00000 space 1024K,   0% used [0x00000000ced00000, 0x00000000cee00000)
AC   0  F    TS     3 PTAMS 0x00000000cee00000 NTAMS 0x00000000cee00000 space 1024K,   0% used [0x00000000cee00000, 0x00000000cef00000)
AC   0  F    TS     3 PTAMS 0x00000000cef00000 NTAMS 0x00000000cef00000 space 1024K,   0% used [0x00000000cef00000, 0x00000000cf000000)
AC   0  F    TS     3 PTAMS 0x00000000cf000000 NTAMS 0x00000000cf000000 space 1024K,   0% used [0x00000000cf000000, 0x00000000cf100000)
AC   0  F    TS     3 PTAMS 0x00000000cf100000 NTAMS 0x00000000cf100000 space 1024K,   0% used [0x00000000cf100000, 0x00000000cf200000)
AC   0  F    TS     3 PTAMS 0x00000000cf200000 NTAMS 0x00000000cf200000 space 1024K,   0% used [0x00000000cf200000, 0x00000000cf300000)
AC   0  F    TS     3 PTAMS 0x00000000cf300000 NTAMS 0x00000000cf300000 space 1024K,   0% used [0x00000000cf300000, 0x00000000cf400000)
AC   0  F    TS     3 PTAMS 0x00000000cf400000 NTAMS 0x00000000cf400000 space 1024K,   0% used [0x00000000cf400000, 0x00000000cf500000)
AC   0  E    TS     3 PTAMS 0x00000000cf500000 NTAMS 0x00000000cf500000 space 1024K,  50% used [0x00000000cf500000, 0x00000000cf600000)
AC   0  E CS TS     3 PTAMS 0x00000000cf600000 NTAMS 0x00000000cf600000 space 1024K, 100% used [0x00000000cf600000, 0x00000000cf700000)
AC   0  E CS TS     3 PTAMS 0x00000000cf700000 NTAMS 0x00000000cf700000 space 1024K, 100% used [0x00000000cf700000, 0x00000000cf800000)
AC   0  E CS TS     3 PTAMS 0x00000000cf800000 NTAMS 0x00000000cf800000 space 1024K, 100% used [0x00000000cf800000, 0x00000000cf900000)
AC   0  E CS TS     3 PTAMS 0x00000000cf900000 NTAMS 0x00000000cf900000 space 1024K, 100% used [0x00000000cf900000, 0x00000000cfa00000)
AC   0  E CS TS     3 PTAMS 0x00000000cfa00000 NTAMS 0x00000000cfa00000 space 1024K, 100% used [0x00000000cfa00000, 0x00000000cfb00000)
AC   0  E CS TS     3 PTAMS 0x00000000cfb00000 NTAMS 0x00000000cfb00000 space 1024K, 100% used [0x00000000cfb00000, 0x00000000cfc00000)
AC   0  E CS TS     3 PTAMS 0x00000000cfc00000 NTAMS 0x00000000cfc00000 space 1024K, 100% used [0x00000000cfc00000, 0x00000000cfd00000)
AC   0  E CS TS     3 PTAMS 0x00000000cfd00000 NTAMS 0x00000000cfd00000 space 1024K, 100% used [0x00000000cfd00000, 0x00000000cfe00000)
AC   0  E CS TS     3 PTAMS 0x00000000cfe00000 NTAMS 0x00000000cfe00000 space 1024K, 100% used [0x00000000cfe00000, 0x00000000cff00000)
AC   0  E CS TS     3 PTAMS 0x00000000cff00000 NTAMS 0x00000000cff00000 space 1024K, 100% used [0x00000000cff00000, 0x00000000d0000000)

Card table byte_map: [0x00000000143d0000,0x00000000145d0000] byte_map_base: 0x0000000013dd0000

Marking Bits (Prev, Next): (CMBitMap*) 0x0000000002bad028, (CMBitMap*) 0x0000000002bad080
 Prev Bits: [0x00000000147d0000, 0x00000000157d0000)
 Next Bits: [0x00000000157d0000, 0x00000000167d0000)

Polling page: 0x00000000003f0000

CodeCache: size=245760Kb used=19043Kb max_used=20023Kb free=226716Kb
 bounds [0x0000000002c50000, 0x0000000004010000, 0x0000000011c50000]
 total_blobs=5991 nmethods=5423 adapters=479
 compilation: enabled

Compilation events (10 events):
Event: 5.512 Thread 0x0000000019a81000 nmethod 6304 0x0000000003931650 code [0x00000000039317e0, 0x0000000003931a38]
Event: 5.512 Thread 0x0000000019a81000 6305   !   2       org.apache.maven.model.Organization::clone (73 bytes)
Event: 5.512 Thread 0x0000000019a81000 nmethod 6305 0x0000000003cac5d0 code [0x0000000003cac7c0, 0x0000000003cace18]
Event: 5.516 Thread 0x0000000019a81000 6306       2       org.apache.maven.repository.internal.ArtifactDescriptorReaderDelegate::populateResult (426 bytes)
Event: 5.518 Thread 0x0000000019a81000 nmethod 6306 0x0000000003a40090 code [0x0000000003a40500, 0x0000000003a41e98]
Event: 5.518 Thread 0x0000000019a81000 6307       2       org.eclipse.aether.graph.Dependency$Exclusions::<init> (53 bytes)
Event: 5.519 Thread 0x0000000019a81000 nmethod 6307 0x0000000003962610 code [0x0000000003962800, 0x0000000003962d38]
Event: 5.519 Thread 0x0000000019a81000 6308       2       org.eclipse.aether.util.graph.selector.ExclusionDependencySelector::selectDependency (50 bytes)
Event: 5.519 Thread 0x0000000019a81000 nmethod 6308 0x0000000003b6b910 code [0x0000000003b6ba80, 0x0000000003b6bcc8]
Event: 5.519 Thread 0x0000000019a81000 6309       2       org.eclipse.aether.util.version.GenericVersion$Item::compareTo (282 bytes)

GC Heap History (10 events):
Event: 5.210 GC heap before
{Heap before GC invocations=19 (full 0):
 garbage-first heap   total 131072K, used 67676K [0x00000000c0000000, 0x00000000c0100400, 0x0000000100000000)
  region size 1024K, 6 young (6144K), 1 survivors (1024K)
 Metaspace       used 42908K, capacity 45474K, committed 45644K, reserved 1089536K
  class space    used 4637K, capacity 5427K, committed 5452K, reserved 1048576K
Event: 5.214 GC heap after
Heap after GC invocations=20 (full 0):
 garbage-first heap   total 131072K, used 67314K [0x00000000c0000000, 0x00000000c0100400, 0x0000000100000000)
  region size 1024K, 1 young (1024K), 1 survivors (1024K)
 Metaspace       used 42908K, capacity 45474K, committed 45644K, reserved 1089536K
  class space    used 4637K, capacity 5427K, committed 5452K, reserved 1048576K
}
Event: 5.310 GC heap before
{Heap before GC invocations=20 (full 0):
 garbage-first heap   total 131072K, used 111346K [0x00000000c0000000, 0x00000000c0100400, 0x0000000100000000)
  region size 1024K, 44 young (45056K), 1 survivors (1024K)
 Metaspace       used 42938K, capacity 45474K, committed 45644K, reserved 1089536K
  class space    used 4637K, capacity 5427K, committed 5452K, reserved 1048576K
Event: 5.316 GC heap after
Heap after GC invocations=21 (full 0):
 garbage-first heap   total 131072K, used 72718K [0x00000000c0000000, 0x00000000c0100400, 0x0000000100000000)
  region size 1024K, 6 young (6144K), 6 survivors (6144K)
 Metaspace       used 42938K, capacity 45474K, committed 45644K, reserved 1089536K
  class space    used 4637K, capacity 5427K, committed 5452K, reserved 1048576K
}
Event: 5.394 GC heap before
{Heap before GC invocations=21 (full 0):
 garbage-first heap   total 131072K, used 110606K [0x00000000c0000000, 0x00000000c0100400, 0x0000000100000000)
  region size 1024K, 43 young (44032K), 6 survivors (6144K)
 Metaspace       used 42966K, capacity 45474K, committed 45644K, reserved 1089536K
  class space    used 4638K, capacity 5427K, committed 5452K, reserved 1048576K
Event: 5.401 GC heap after
Heap after GC invocations=22 (full 0):
 garbage-first heap   total 131072K, used 78652K [0x00000000c0000000, 0x00000000c0100400, 0x0000000100000000)
  region size 1024K, 6 young (6144K), 6 survivors (6144K)
 Metaspace       used 42966K, capacity 45474K, committed 45644K, reserved 1089536K
  class space    used 4638K, capacity 5427K, committed 5452K, reserved 1048576K
}
Event: 5.481 GC heap before
{Heap before GC invocations=23 (full 0):
 garbage-first heap   total 131072K, used 111420K [0x00000000c0000000, 0x00000000c0100400, 0x0000000100000000)
  region size 1024K, 38 young (38912K), 6 survivors (6144K)
 Metaspace       used 42990K, capacity 45556K, committed 45644K, reserved 1089536K
  class space    used 4640K, capacity 5430K, committed 5452K, reserved 1048576K
Event: 5.489 GC heap after
Heap after GC invocations=24 (full 0):
 garbage-first heap   total 131072K, used 84218K [0x00000000c0000000, 0x00000000c0100400, 0x0000000100000000)
  region size 1024K, 5 young (5120K), 5 survivors (5120K)
 Metaspace       used 42990K, capacity 45556K, committed 45644K, reserved 1089536K
  class space    used 4640K, capacity 5430K, committed 5452K, reserved 1048576K
}
Event: 5.492 GC heap before
{Heap before GC invocations=24 (full 0):
 garbage-first heap   total 131072K, used 85242K [0x00000000c0000000, 0x00000000c0100400, 0x0000000100000000)
  region size 1024K, 6 young (6144K), 5 survivors (5120K)
 Metaspace       used 42990K, capacity 45556K, committed 45644K, reserved 1089536K
  class space    used 4640K, capacity 5430K, committed 5452K, reserved 1048576K
Event: 5.504 GC heap after
Heap after GC invocations=25 (full 0):
 garbage-first heap   total 262144K, used 78415K [0x00000000c0000000, 0x00000000c0100800, 0x0000000100000000)
  region size 1024K, 1 young (1024K), 1 survivors (1024K)
 Metaspace       used 42990K, capacity 45556K, committed 45644K, reserved 1089536K
  class space    used 4640K, capacity 5430K, committed 5452K, reserved 1048576K
}

Deoptimization events (10 events):
Event: 5.221 Thread 0x0000000020d93000 Uncommon trap: reason=class_check action=maybe_recompile pc=0x0000000003d9a6c4 method=org.codehaus.plexus.interpolation.MapBasedValueSource.getValue(Ljava/lang/String;)Ljava/lang/Object; @ 16
Event: 5.221 Thread 0x0000000020d93000 Uncommon trap: reason=class_check action=maybe_recompile pc=0x0000000003d9a6c4 method=org.codehaus.plexus.interpolation.MapBasedValueSource.getValue(Ljava/lang/String;)Ljava/lang/Object; @ 16
Event: 5.221 Thread 0x0000000020d93000 Uncommon trap: reason=class_check action=maybe_recompile pc=0x0000000003d9a6c4 method=org.codehaus.plexus.interpolation.MapBasedValueSource.getValue(Ljava/lang/String;)Ljava/lang/Object; @ 16
Event: 5.259 Thread 0x0000000020d93000 Uncommon trap: reason=unstable_if action=reinterpret pc=0x0000000003f58f88 method=org.apache.maven.model.validation.DefaultModelValidator.validateEffectiveDependency(Lorg/apache/maven/model/building/ModelProblemCollector;Lorg/apache/maven/model/Dependency
Event: 5.364 Thread 0x000000001d52a800 Uncommon trap: reason=unstable_if action=reinterpret pc=0x00000000038fafa0 method=org.eclipse.jdt.internal.compiler.classfmt.FieldInfo.createField([B[IIJ)Lorg/eclipse/jdt/internal/compiler/classfmt/FieldInfo; @ 435
Event: 5.372 Thread 0x0000000020d93000 Uncommon trap: reason=unstable_if action=reinterpret pc=0x0000000003ed95b8 method=org.codehaus.plexus.util.xml.pull.MXParser.parseAttribute()C @ 1002
Event: 5.384 Thread 0x000000001d52a800 Uncommon trap: reason=unstable_if action=reinterpret pc=0x0000000003adda68 method=org.eclipse.jdt.internal.core.search.indexing.BinaryIndexer.decodeReturnType([C)[C @ 359
Event: 5.426 Thread 0x0000000020d93000 Uncommon trap: reason=unstable_if action=reinterpret pc=0x0000000003f5e464 method=java.lang.CharacterDataLatin1.isJavaIdentifierStart(I)Z @ 14
Event: 5.426 Thread 0x0000000020d93000 Uncommon trap: reason=unstable_if action=reinterpret pc=0x0000000003f26ea8 method=java.lang.CharacterDataLatin1.isJavaIdentifierStart(I)Z @ 14
Event: 5.426 Thread 0x0000000020d93000 Uncommon trap: reason=unstable_if action=reinterpret pc=0x0000000003f70180 method=java.lang.CharacterDataLatin1.isJavaIdentifierStart(I)Z @ 14

Classes redefined (0 events):
No events

Internal exceptions (10 events):
Event: 4.027 Thread 0x000000001e0f6000 Exception <a 'java/io/FileNotFoundException'> (0x00000000c7819980) thrown at [C:\re\workspace\8-2-build-windows-amd64-cygwin\jdk8u221\13320\hotspot\src\share\vm\prims\jni.cpp, line 710]
Event: 4.029 Thread 0x000000001e0f6000 Exception <a 'java/io/FileNotFoundException'> (0x00000000c7821578) thrown at [C:\re\workspace\8-2-build-windows-amd64-cygwin\jdk8u221\13320\hotspot\src\share\vm\prims\jni.cpp, line 710]
Event: 4.039 Thread 0x000000001e0f6000 Exception <a 'java/io/FileNotFoundException'> (0x00000000c7631ee8) thrown at [C:\re\workspace\8-2-build-windows-amd64-cygwin\jdk8u221\13320\hotspot\src\share\vm\prims\jni.cpp, line 710]
Event: 4.053 Thread 0x0000000020d93000 Implicit null exception at 0x0000000003293ef4 to 0x0000000003294479
Event: 4.058 Thread 0x000000001e0f6000 Exception <a 'java/io/FileNotFoundException'> (0x00000000c74a50b8) thrown at [C:\re\workspace\8-2-build-windows-amd64-cygwin\jdk8u221\13320\hotspot\src\share\vm\prims\jni.cpp, line 710]
Event: 4.059 Thread 0x000000001e0f6000 Exception <a 'java/io/FileNotFoundException'> (0x00000000c74a6888) thrown at [C:\re\workspace\8-2-build-windows-amd64-cygwin\jdk8u221\13320\hotspot\src\share\vm\prims\jni.cpp, line 710]
Event: 4.130 Thread 0x0000000020d93000 Exception <a 'java/io/FileNotFoundException'> (0x00000000c6bc4b60) thrown at [C:\re\workspace\8-2-build-windows-amd64-cygwin\jdk8u221\13320\hotspot\src\share\vm\prims\jni.cpp, line 710]
Event: 4.173 Thread 0x0000000020d93000 Exception <a 'java/io/FileNotFoundException'> (0x00000000c699be30) thrown at [C:\re\workspace\8-2-build-windows-amd64-cygwin\jdk8u221\13320\hotspot\src\share\vm\prims\jni.cpp, line 710]
Event: 4.189 Thread 0x0000000020d93000 Exception <a 'java/io/FileNotFoundException'> (0x00000000c6809800) thrown at [C:\re\workspace\8-2-build-windows-amd64-cygwin\jdk8u221\13320\hotspot\src\share\vm\prims\jni.cpp, line 710]
Event: 4.207 Thread 0x0000000020d93000 Implicit null exception at 0x0000000003e88dc7 to 0x0000000003e89299

Events (10 events):
Event: 5.491 Thread 0x000000001d52a800 DEOPT UNPACKING pc=0x0000000002c97890 sp=0x000000001ebae858 mode 0
Event: 5.491 Thread 0x0000000019a81000 flushing nmethod 0x0000000003d2c9d0
Event: 5.492 Thread 0x000000001d52a800 DEOPT PACKING pc=0x00000000036d904b sp=0x000000001ebaea80
Event: 5.492 Thread 0x000000001d52a800 DEOPT UNPACKING pc=0x0000000002c97890 sp=0x000000001ebae850 mode 0
Event: 5.492 Executing VM operation: G1IncCollectionPause
Event: 5.504 Executing VM operation: G1IncCollectionPause done
Event: 5.511 Thread 0x000000001d52a800 DEOPT PACKING pc=0x00000000031a8ad0 sp=0x000000001ebaea60
Event: 5.511 Thread 0x000000001d52a800 DEOPT UNPACKING pc=0x0000000002c97890 sp=0x000000001ebae858 mode 0
Event: 5.515 Thread 0x000000001d52a800 DEOPT PACKING pc=0x00000000031a8ad0 sp=0x000000001ebaea60
Event: 5.515 Thread 0x000000001d52a800 DEOPT UNPACKING pc=0x0000000002c97890 sp=0x000000001ebae858 mode 0


Dynamic libraries:
0x00007ff6df260000 - 0x00007ff6df297000 	D:\Program Files\Java\jdk1.8.0_221\bin\java.exe
0x00007ff995f50000 - 0x00007ff996131000 	C:\WINDOWS\SYSTEM32\ntdll.dll
0x00007ff994340000 - 0x00007ff9943f1000 	C:\WINDOWS\System32\KERNEL32.DLL
0x00007ff9929a0000 - 0x00007ff992c13000 	C:\WINDOWS\System32\KERNELBASE.dll
0x00007ff993580000 - 0x00007ff993621000 	C:\WINDOWS\System32\ADVAPI32.dll
0x00007ff993dd0000 - 0x00007ff993e6e000 	C:\WINDOWS\System32\msvcrt.dll
0x00007ff993690000 - 0x00007ff9936eb000 	C:\WINDOWS\System32\sechost.dll
0x00007ff994700000 - 0x00007ff994824000 	C:\WINDOWS\System32\RPCRT4.dll
0x00007ff995c70000 - 0x00007ff995e00000 	C:\WINDOWS\System32\USER32.dll
0x00007ff992980000 - 0x00007ff9929a0000 	C:\WINDOWS\System32\win32u.dll
0x00007ff994490000 - 0x00007ff9944b8000 	C:\WINDOWS\System32\GDI32.dll
0x00007ff992740000 - 0x00007ff9928d1000 	C:\WINDOWS\System32\gdi32full.dll
0x00007ff9928e0000 - 0x00007ff99297f000 	C:\WINDOWS\System32\msvcp_win.dll
0x00007ff992320000 - 0x00007ff992418000 	C:\WINDOWS\System32\ucrtbase.dll
0x00007ff985d80000 - 0x00007ff985fe9000 	C:\WINDOWS\WinSxS\amd64_microsoft.windows.common-controls_6595b64144ccf1df_6.0.17134.915_none_fb42a6293065514f\COMCTL32.dll
0x00007ff9937e0000 - 0x00007ff993b02000 	C:\WINDOWS\System32\combase.dll
0x00007ff992420000 - 0x00007ff992499000 	C:\WINDOWS\System32\bcryptPrimitives.dll
0x00007ff9946d0000 - 0x00007ff9946fd000 	C:\WINDOWS\System32\IMM32.DLL
0x00000000682f0000 - 0x00000000683c2000 	D:\Program Files\Java\jdk1.8.0_221\jre\bin\msvcr100.dll
0x0000000067a40000 - 0x00000000682e5000 	D:\Program Files\Java\jdk1.8.0_221\jre\bin\server\jvm.dll
0x00007ff995f10000 - 0x00007ff995f18000 	C:\WINDOWS\System32\PSAPI.DLL
0x00007ff97dbb0000 - 0x00007ff97dbb9000 	C:\WINDOWS\SYSTEM32\WSOCK32.dll
0x00007ff9904c0000 - 0x00007ff9904e3000 	C:\WINDOWS\SYSTEM32\WINMM.dll
0x00007ff98d1b0000 - 0x00007ff98d1ba000 	C:\WINDOWS\SYSTEM32\VERSION.dll
0x00007ff994400000 - 0x00007ff99446c000 	C:\WINDOWS\System32\WS2_32.dll
0x00007ff990490000 - 0x00007ff9904ba000 	C:\WINDOWS\SYSTEM32\winmmbase.dll
0x00007ff992c80000 - 0x00007ff992cc9000 	C:\WINDOWS\System32\cfgmgr32.dll
0x00007ff98ecc0000 - 0x00007ff98eccf000 	D:\Program Files\Java\jdk1.8.0_221\jre\bin\verify.dll
0x00007ff98ec90000 - 0x00007ff98ecb9000 	D:\Program Files\Java\jdk1.8.0_221\jre\bin\java.dll
0x00007ff98ebf0000 - 0x00007ff98ec06000 	D:\Program Files\Java\jdk1.8.0_221\jre\bin\zip.dll
0x00007ff994830000 - 0x00007ff995c70000 	C:\WINDOWS\System32\SHELL32.dll
0x00007ff995e60000 - 0x00007ff995f09000 	C:\WINDOWS\System32\shcore.dll
0x00007ff992cd0000 - 0x00007ff9933dd000 	C:\WINDOWS\System32\windows.storage.dll
0x00007ff995e00000 - 0x00007ff995e51000 	C:\WINDOWS\System32\shlwapi.dll
0x00007ff992300000 - 0x00007ff992311000 	C:\WINDOWS\System32\kernel.appcore.dll
0x00007ff9922d0000 - 0x00007ff9922ef000 	C:\WINDOWS\System32\profapi.dll
0x00007ff992260000 - 0x00007ff9922ac000 	C:\WINDOWS\System32\powrprof.dll
0x00007ff9922f0000 - 0x00007ff9922fa000 	C:\WINDOWS\System32\FLTLIB.DLL
0x00007ff991c50000 - 0x00007ff991c67000 	C:\WINDOWS\SYSTEM32\CRYPTSP.dll
0x00007ff991650000 - 0x00007ff991683000 	C:\WINDOWS\system32\rsaenh.dll
0x00007ff991d80000 - 0x00007ff991da5000 	C:\WINDOWS\SYSTEM32\bcrypt.dll
0x00007ff992160000 - 0x00007ff992188000 	C:\WINDOWS\SYSTEM32\USERENV.dll
0x00007ff991c70000 - 0x00007ff991c7b000 	C:\WINDOWS\SYSTEM32\CRYPTBASE.dll
0x00007ff98d510000 - 0x00007ff98d52a000 	D:\Program Files\java\jdk1.8.0_221\jre\bin\net.dll
0x00007ff9839c0000 - 0x00007ff983b89000 	C:\WINDOWS\SYSTEM32\urlmon.dll
0x00007ff983d40000 - 0x00007ff983fe6000 	C:\WINDOWS\SYSTEM32\iertutil.dll
0x00007ff991aa0000 - 0x00007ff991b06000 	C:\WINDOWS\system32\mswsock.dll
0x00007ff9917f0000 - 0x00007ff991828000 	C:\WINDOWS\SYSTEM32\IPHLPAPI.DLL
0x00007ff993b10000 - 0x00007ff993b18000 	C:\WINDOWS\System32\NSI.dll
0x00007ff98ca30000 - 0x00007ff98ca46000 	C:\WINDOWS\SYSTEM32\dhcpcsvc6.DLL
0x00007ff98c9c0000 - 0x00007ff98c9da000 	C:\WINDOWS\SYSTEM32\dhcpcsvc.DLL
0x00007ff98ac70000 - 0x00007ff98ac82000 	D:\Program Files\java\jdk1.8.0_221\jre\bin\nio.dll
0x00007ff971f80000 - 0x00007ff971fa9000 	C:\Users\Administrator\.vscode\extensions\redhat.java-0.52.0\server\config_win\org.eclipse.equinox.launcher\org.eclipse.equinox.launcher.win32.win32.x86_64_1.1.1100.v20190907-0426\eclipse_1902.dll
0x00007ff97dbc0000 - 0x00007ff97dbd1000 	C:\Users\Administrator\.vscode\extensions\redhat.java-0.52.0\server\config_win\org.eclipse.osgi\21\0\.cp\jWinHttp-1.0.0.dll
0x00007ff9944c0000 - 0x00007ff994611000 	C:\WINDOWS\System32\ole32.dll
0x00007ff98cc50000 - 0x00007ff98cd2d000 	C:\WINDOWS\SYSTEM32\WINHTTP.dll
0x00007ff971cb0000 - 0x00007ff971cd4000 	D:\Program Files\java\jdk1.8.0_221\jre\bin\sunec.dll
0x00007ff985bc0000 - 0x00007ff985bcb000 	D:\Program Files\java\jdk1.8.0_221\jre\bin\sunmscapi.dll
0x00007ff9924a0000 - 0x00007ff992682000 	C:\WINDOWS\System32\CRYPT32.dll
0x00007ff9922b0000 - 0x00007ff9922c2000 	C:\WINDOWS\System32\MSASN1.dll
0x00007ff9818a0000 - 0x00007ff981a1a000 	C:\Program Files (x86)\Sangfor\SSL\ClientComponent\10_SangforTcpX64.dll
0x00007ff993ca0000 - 0x00007ff993d62000 	C:\WINDOWS\System32\OLEAUT32.dll
0x00007ff992c20000 - 0x00007ff992c77000 	C:\WINDOWS\System32\WINTRUST.dll
0x00007ff972040000 - 0x00007ff972073000 	C:\Program Files (x86)\Sangfor\SSL\ClientComponent\1_SangforNspX64.dll
0x00007ff991830000 - 0x00007ff9918ee000 	C:\WINDOWS\SYSTEM32\DNSAPI.dll
0x0000000069200000 - 0x0000000069226000 	C:\Program Files\Bonjour\mdnsNSP.dll
0x00007ff9835c0000 - 0x00007ff9835ca000 	C:\Windows\System32\rasadhlp.dll
0x00007ff9838f0000 - 0x00007ff983962000 	C:\WINDOWS\System32\fwpuclnt.dll

VM Arguments:
jvm_args: -Declipse.application=org.eclipse.jdt.ls.core.id1 -Dosgi.bundles.defaultStartLevel=4 -Declipse.product=org.eclipse.jdt.ls.core.product -Dfile.encoding=utf8 -DwatchParentProcess=false -Xverify:none -Xmx1G -XX:+UseG1GC -XX:+UseStringDeduplication 
java_command: c:\Users\Administrator\.vscode\extensions\redhat.java-0.52.0\server\plugins\org.eclipse.equinox.launcher_1.5.600.v20191014-2022.jar -configuration c:\Users\Administrator\.vscode\extensions\redhat.java-0.52.0\server\config_win -data c:\Users\Administrator\AppData\Roaming\Code\User\workspaceStorage\2143a23426e83754f800428ec6d464da\redhat.java\jdt_ws
java_class_path (initial): c:\Users\Administrator\.vscode\extensions\redhat.java-0.52.0\server\plugins\org.eclipse.equinox.launcher_1.5.600.v20191014-2022.jar
Launcher Type: SUN_STANDARD

Environment Variables:
JAVA_HOME=C:\Java\jdk1.8.0_191
PATH=C:\Program Files (x86)\Common Files\Oracle\Java\javapath;C:\Java\jdk1.8.0_191\bin;C:\Windows\system32;C:\Windows;C:\Windows\System32\Wbem;C:\Windows\System32\WindowsPowerShell\v1.0\;C:\Program Files (x86)\NVIDIA Corporation\PhysX\Common;C:\WINDOWS\system32;C:\WINDOWS;C:\WINDOWS\System32\Wbem;C:\WINDOWS\System32\WindowsPowerShell\v1.0\;C:\WINDOWS\System32\OpenSSH\;C:\Program Files\MongoDB\Server\3.2\bin;C:\Program Files\erl9.2\bin;C:\Program Files (x86)\Calibre2\;D:\Program Files\JetBrains\IntelliJ IDEA 2018.2.6\plugins\maven\lib\maven3\bin;D:\Program Files\nodejs;D:\Program Files\nodejs\npm_modules;D:\Program Files\ffmpeg-20180227-fa0c9d6-win64-static\bin;D:\Program Files\Git\cmd;C:\Program Files\NVIDIA Corporation\NVIDIA NvDLISR;C:\Users\Administrator\AppData\Local\Microsoft\WindowsApps;C:\Users\Administrator\AppData\Local\atom\bin;C:\Users\Administrator\AppData\Local\Microsoft\WindowsApps;C:\Program Files (x86)\SSH Communications Security\SSH Secure Shell;C:\Users\Administrator\AppData\Local\GitHubDesktop\bin;D:\Programs\Microsoft VS Code\bin;D:\Program Files\JetBrains\IntelliJ IDEA 2019.2.3\bin;
USERNAME=Administrator
OS=Windows_NT
PROCESSOR_IDENTIFIER=Intel64 Family 6 Model 158 Stepping 10, GenuineIntel



---------------  S Y S T E M  ---------------

OS: Windows 10.0 , 64 bit Build 17134 (10.0.17134.753)

CPU:total 12 (initial active 12) (6 cores per cpu, 2 threads per core) family 6 model 158 stepping 10, cmov, cx8, fxsr, mmx, sse, sse2, sse3, ssse3, sse4.1, sse4.2, popcnt, avx, avx2, aes, clmul, erms, rtm, 3dnowpref, lzcnt, ht, tsc, tscinvbit, bmi1, bmi2, adx

Memory: 4k page, physical 8331072k(1374296k free), swap 11214656k(5684k free)

vm_info: Java HotSpot(TM) 64-Bit Server VM (25.221-b11) for windows-amd64 JRE (1.8.0_221-b11), built on Jul  4 2019 04:39:29 by "java_re" with MS VC++ 10.0 (VS2010)

time: Sun Nov 03 17:58:12 2019
timezone: 
elapsed time: 5 seconds (0d 0h 0m 5s)

