#
# There is insufficient memory for the Java Runtime Environment to continue.
# Native memory allocation (malloc) failed to allocate 1024336 bytes for Chunk::new
# Possible reasons:
#   The system is out of physical RAM or swap space
#   The process is running with CompressedOops enabled, and the Java Heap may be blocking the growth of the native heap
# Possible solutions:
#   Reduce memory load on the system
#   Increase physical memory or swap space
#   Check if swap backing store is full
#   Decrease Java heap size (-Xmx/-Xms)
#   Decrease number of Java threads
#   Decrease Java thread stack sizes (-Xss)
#   Set larger code cache with -XX:ReservedCodeCacheSize=
#   JVM is running with Unscaled Compressed Oops mode in which the Java heap is
#     placed in the first 4GB address space. The Java Heap base address is the
#     maximum limit for the native heap growth. Please use -XX:HeapBaseMinAddress
#     to set the Java Heap base and to place the Java Heap above 4GB virtual address.
# This output file may be truncated or incomplete.
#
#  Out of Memory Error (allocation.cpp:389), pid=16484, tid=0x0000000000001ec0
#
# JRE version: Java(TM) SE Runtime Environment (8.0_221-b11) (build 1.8.0_221-b11)
# Java VM: Java HotSpot(TM) 64-Bit Server VM (25.221-b11 mixed mode windows-amd64 compressed oops)
# Failed to write core dump. Minidumps are not enabled by default on client versions of Windows
#

---------------  T H R E A D  ---------------

Current thread (0x000000001b637800):  JavaThread "C2 CompilerThread0" daemon [_thread_in_native, id=7872, stack(0x000000001bde0000,0x000000001bee0000)]

Stack: [0x000000001bde0000,0x000000001bee0000]
[error occurred during error reporting (printing stack bounds), id 0xc0000005]

Native frames: (J=compiled Java code, j=interpreted, Vv=VM code, C=native code)


Current CompileTask:
C2:14188117 8264       4       org.springframework.core.ResolvableType::hasGenerics (14 bytes)


---------------  P R O C E S S  ---------------

Java Threads: ( => current thread )
  0x0000000019f30800 JavaThread "Thread-53" [_thread_in_Java, id=16524, stack(0x0000000038cd0000,0x0000000038dd0000)]
  0x0000000019f31000 JavaThread "restartedMain" [_thread_blocked, id=12164, stack(0x0000000038bd0000,0x0000000038cd0000)]
  0x0000000019f37000 JavaThread "File Watcher" daemon [_thread_blocked, id=14436, stack(0x00000000388d0000,0x00000000389d0000)]
  0x0000000019f3f800 JavaThread "Thread-43" [_thread_blocked, id=13916, stack(0x00000000380d0000,0x00000000381d0000)]
  0x0000000019f35800 JavaThread "File Watcher" daemon [_thread_blocked, id=15448, stack(0x0000000032bd0000,0x0000000032cd0000)]
  0x000000001e873800 JavaThread "File Watcher" daemon [_thread_blocked, id=12488, stack(0x0000000030fd0000,0x00000000310d0000)]
  0x0000000019f35000 JavaThread "File Watcher" daemon [_thread_blocked, id=16308, stack(0x000000002c3d0000,0x000000002c4d0000)]
  0x0000000019f38800 JavaThread "DestroyJavaVM" [_thread_blocked, id=3492, stack(0x0000000002fe0000,0x00000000030e0000)]
  0x000000001e870800 JavaThread "Live Reload Server" daemon [_thread_in_native, id=16208, stack(0x0000000025a70000,0x0000000025b70000)]
  0x000000001e86f800 JavaThread "mysql-cj-abandoned-connection-cleanup" daemon [_thread_blocked, id=12516, stack(0x0000000024530000,0x0000000024630000)]
  0x000000001b6c9000 JavaThread "Service Thread" daemon [_thread_blocked, id=10140, stack(0x000000001c1e0000,0x000000001c2e0000)]
  0x000000001b642800 JavaThread "C1 CompilerThread3" daemon [_thread_blocked, id=264, stack(0x000000001c0e0000,0x000000001c1e0000)]
  0x000000001b63b000 JavaThread "C2 CompilerThread2" daemon [_thread_blocked, id=6404, stack(0x000000001bfe0000,0x000000001c0e0000)]
  0x000000001b638800 JavaThread "C2 CompilerThread1" daemon [_thread_blocked, id=15884, stack(0x000000001bee0000,0x000000001bfe0000)]
=>0x000000001b637800 JavaThread "C2 CompilerThread0" daemon [_thread_in_native, id=7872, stack(0x000000001bde0000,0x000000001bee0000)]
  0x0000000019c70000 JavaThread "JDWP Event Helper Thread" daemon [_thread_blocked, id=16160, stack(0x000000001b3e0000,0x000000001b4e0000)]
  0x0000000019c5d800 JavaThread "Attach Listener" daemon [_thread_blocked, id=280, stack(0x000000001b0a0000,0x000000001b1a0000)]
  0x0000000019c09000 JavaThread "Signal Dispatcher" daemon [_thread_blocked, id=9176, stack(0x000000001afa0000,0x000000001b0a0000)]
  0x0000000018524000 JavaThread "Finalizer" daemon [_thread_blocked, id=11948, stack(0x000000001ae40000,0x000000001af40000)]
  0x0000000019be3000 JavaThread "Reference Handler" daemon [_thread_blocked, id=16908, stack(0x000000001ad40000,0x000000001ae40000)]

Other Threads:
  0x00000000031dd800 VMThread [stack: 0x000000001ac40000,0x000000001ad40000] [id=2020]
  0x000000001b7a4000 WatcherThread [stack: 0x000000001c2e0000,0x000000001c3e0000] [id=6696]

VM state:not at safepoint (normal execution)

VM Mutex/Monitor currently owned by a thread: None

heap address: 0x0000000080e00000, size: 2034 MB, Compressed Oops mode: 32-bit
Narrow klass base: 0x0000000000000000, Narrow klass shift: 3
Compressed class space size: 1073741824 Address: 0x0000000100000000

Heap:
 PSYoungGen      total 109568K, used 82346K [0x00000000d5a00000, 0x00000000e1580000, 0x0000000100000000)
  eden space 109056K, 75% used [0x00000000d5a00000,0x00000000daa6aa90,0x00000000dc480000)
  from space 512K, 0% used [0x00000000e1500000,0x00000000e1500000,0x00000000e1580000)
  to   space 5120K, 0% used [0x00000000e0b80000,0x00000000e0b80000,0x00000000e1080000)
 ParOldGen       total 77312K, used 13243K [0x0000000080e00000, 0x0000000085980000, 0x00000000d5a00000)
  object space 77312K, 17% used [0x0000000080e00000,0x0000000081aeecb0,0x0000000085980000)
 Metaspace       used 50716K, capacity 53844K, committed 54616K, reserved 1097728K
  class space    used 6210K, capacity 6861K, committed 7000K, reserved 1048576K

Card table byte_map: [0x00000000126f0000,0x0000000012af0000] byte_map_base: 0x00000000122e9000

Marking Bits: (ParMarkBitMap*) 0x0000000068265ce0
 Begin Bits: [0x00000000137a0000, 0x0000000015768000)
 End Bits:   [0x0000000015768000, 0x0000000017730000)

Polling page: 0x0000000000e70000

CodeCache: size=245760Kb used=27751Kb max_used=27794Kb free=218008Kb
 bounds [0x0000000003330000, 0x0000000004ea0000, 0x0000000012330000]
 total_blobs=7273 nmethods=6766 adapters=426
 compilation: enabled

Compilation events (10 events):
Event: 14186.610 Thread 0x000000001b638800 nmethod 8267 0x0000000004b8b310 code [0x0000000004b8b480, 0x0000000004b8b798]
Event: 14186.613 Thread 0x000000001b642800 nmethod 8269 0x0000000004e87a90 code [0x0000000004e88040, 0x0000000004e8c768]
Event: 14186.617 Thread 0x000000001b642800 8270       3       java.lang.Math::max (12 bytes)
Event: 14186.617 Thread 0x000000001b642800 nmethod 8270 0x000000000418b650 code [0x000000000418b7a0, 0x000000000418b930]
Event: 14186.617 Thread 0x000000001b63b000 8271       4       java.io.BufferedInputStream::read1 (108 bytes)
Event: 14186.620 Thread 0x000000001b63b000 nmethod 8271 0x000000000349b990 code [0x000000000349bae0, 0x000000000349bf18]
Event: 14186.621 Thread 0x000000001b642800 8272       3       org.springframework.util.ObjectUtils::nullSafeHashCode (48 bytes)
Event: 14186.622 Thread 0x000000001b642800 nmethod 8272 0x00000000040dbc50 code [0x00000000040dbdc0, 0x00000000040dc068]
Event: 14186.628 Thread 0x000000001b638800 8273       4       java.io.BufferedInputStream::getInIfOpen (21 bytes)
Event: 14186.629 Thread 0x000000001b638800 nmethod 8273 0x0000000003a9a0d0 code [0x0000000003a9a200, 0x0000000003a9a278]

GC Heap History (10 events):
Event: 13450.535 GC heap before
{Heap before GC invocations=51 (full 8):
 PSYoungGen      total 120320K, used 120096K [0x00000000d5a00000, 0x00000000e2000000, 0x0000000100000000)
  eden space 119808K, 100% used [0x00000000d5a00000,0x00000000dcf00000,0x00000000dcf00000)
  from space 512K, 56% used [0x00000000e1f80000,0x00000000e1fc8000,0x00000000e2000000)
  to   space 6144K, 0% used [0x00000000e1400000,0x00000000e1400000,0x00000000e1a00000)
 ParOldGen       total 77312K, used 20025K [0x0000000080e00000, 0x0000000085980000, 0x00000000d5a00000)
  object space 77312K, 25% used [0x0000000080e00000,0x000000008218e4b0,0x0000000085980000)
 Metaspace       used 50887K, capacity 54090K, committed 54360K, reserved 1097728K
  class space    used 6245K, capacity 6908K, committed 7000K, reserved 1048576K
Event: 13450.536 GC heap after
Heap after GC invocations=51 (full 8):
 PSYoungGen      total 122368K, used 192K [0x00000000d5a00000, 0x00000000e2000000, 0x0000000100000000)
  eden space 116224K, 0% used [0x00000000d5a00000,0x00000000d5a00000,0x00000000dcb80000)
  from space 6144K, 3% used [0x00000000e1400000,0x00000000e1430000,0x00000000e1a00000)
  to   space 6144K, 0% used [0x00000000e1a00000,0x00000000e1a00000,0x00000000e2000000)
 ParOldGen       total 77312K, used 20025K [0x0000000080e00000, 0x0000000085980000, 0x00000000d5a00000)
  object space 77312K, 25% used [0x0000000080e00000,0x000000008218e4b0,0x0000000085980000)
 Metaspace       used 50887K, capacity 54090K, committed 54360K, reserved 1097728K
  class space    used 6245K, capacity 6908K, committed 7000K, reserved 1048576K
}
Event: 13723.839 GC heap before
{Heap before GC invocations=52 (full 8):
 PSYoungGen      total 122368K, used 116416K [0x00000000d5a00000, 0x00000000e2000000, 0x0000000100000000)
  eden space 116224K, 100% used [0x00000000d5a00000,0x00000000dcb80000,0x00000000dcb80000)
  from space 6144K, 3% used [0x00000000e1400000,0x00000000e1430000,0x00000000e1a00000)
  to   space 6144K, 0% used [0x00000000e1a00000,0x00000000e1a00000,0x00000000e2000000)
 ParOldGen       total 77312K, used 20025K [0x0000000080e00000, 0x0000000085980000, 0x00000000d5a00000)
  object space 77312K, 25% used [0x0000000080e00000,0x000000008218e4b0,0x0000000085980000)
 Metaspace       used 50887K, capacity 54090K, committed 54360K, reserved 1097728K
  class space    used 6245K, capacity 6908K, committed 7000K, reserved 1048576K
Event: 13723.841 GC heap after
Heap after GC invocations=52 (full 8):
 PSYoungGen      total 113152K, used 192K [0x00000000d5a00000, 0x00000000e1a80000, 0x0000000100000000)
  eden space 112640K, 0% used [0x00000000d5a00000,0x00000000d5a00000,0x00000000dc800000)
  from space 512K, 37% used [0x00000000e1a00000,0x00000000e1a30000,0x00000000e1a80000)
  to   space 5632K, 0% used [0x00000000e0f80000,0x00000000e0f80000,0x00000000e1500000)
 ParOldGen       total 77312K, used 20025K [0x0000000080e00000, 0x0000000085980000, 0x00000000d5a00000)
  object space 77312K, 25% used [0x0000000080e00000,0x000000008218e4b0,0x0000000085980000)
 Metaspace       used 50887K, capacity 54090K, committed 54360K, reserved 1097728K
  class space    used 6245K, capacity 6908K, committed 7000K, reserved 1048576K
}
Event: 13986.458 GC heap before
{Heap before GC invocations=53 (full 8):
 PSYoungGen      total 113152K, used 112832K [0x00000000d5a00000, 0x00000000e1a80000, 0x0000000100000000)
  eden space 112640K, 100% used [0x00000000d5a00000,0x00000000dc800000,0x00000000dc800000)
  from space 512K, 37% used [0x00000000e1a00000,0x00000000e1a30000,0x00000000e1a80000)
  to   space 5632K, 0% used [0x00000000e0f80000,0x00000000e0f80000,0x00000000e1500000)
 ParOldGen       total 77312K, used 20025K [0x0000000080e00000, 0x0000000085980000, 0x00000000d5a00000)
  object space 77312K, 25% used [0x0000000080e00000,0x000000008218e4b0,0x0000000085980000)
 Metaspace       used 50887K, capacity 54090K, committed 54360K, reserved 1097728K
  class space    used 6245K, capacity 6908K, committed 7000K, reserved 1048576K
Event: 13986.460 GC heap after
Heap after GC invocations=53 (full 8):
 PSYoungGen      total 114688K, used 160K [0x00000000d5a00000, 0x00000000e1a80000, 0x0000000100000000)
  eden space 109056K, 0% used [0x00000000d5a00000,0x00000000d5a00000,0x00000000dc480000)
  from space 5632K, 2% used [0x00000000e0f80000,0x00000000e0fa8000,0x00000000e1500000)
  to   space 5632K, 0% used [0x00000000e1500000,0x00000000e1500000,0x00000000e1a80000)
 ParOldGen       total 77312K, used 20025K [0x0000000080e00000, 0x0000000085980000, 0x00000000d5a00000)
  object space 77312K, 25% used [0x0000000080e00000,0x000000008218e4b0,0x0000000085980000)
 Metaspace       used 50887K, capacity 54090K, committed 54360K, reserved 1097728K
  class space    used 6245K, capacity 6908K, committed 7000K, reserved 1048576K
}
Event: 14155.916 GC heap before
{Heap before GC invocations=54 (full 8):
 PSYoungGen      total 114688K, used 75957K [0x00000000d5a00000, 0x00000000e1a80000, 0x0000000100000000)
  eden space 109056K, 69% used [0x00000000d5a00000,0x00000000da405790,0x00000000dc480000)
  from space 5632K, 2% used [0x00000000e0f80000,0x00000000e0fa8000,0x00000000e1500000)
  to   space 5632K, 0% used [0x00000000e1500000,0x00000000e1500000,0x00000000e1a80000)
 ParOldGen       total 77312K, used 20025K [0x0000000080e00000, 0x0000000085980000, 0x00000000d5a00000)
  object space 77312K, 25% used [0x0000000080e00000,0x000000008218e4b0,0x0000000085980000)
 Metaspace       used 50895K, capacity 54096K, committed 54360K, reserved 1097728K
  class space    used 6245K, capacity 6910K, committed 7000K, reserved 1048576K
Event: 14155.918 GC heap after
Heap after GC invocations=54 (full 8):
 PSYoungGen      total 109568K, used 352K [0x00000000d5a00000, 0x00000000e1580000, 0x0000000100000000)
  eden space 109056K, 0% used [0x00000000d5a00000,0x00000000d5a00000,0x00000000dc480000)
  from space 512K, 68% used [0x00000000e1500000,0x00000000e1558000,0x00000000e1580000)
  to   space 5120K, 0% used [0x00000000e0b80000,0x00000000e0b80000,0x00000000e1080000)
 ParOldGen       total 77312K, used 20025K [0x0000000080e00000, 0x0000000085980000, 0x00000000d5a00000)
  object space 77312K, 25% used [0x0000000080e00000,0x000000008218e4b0,0x0000000085980000)
 Metaspace       used 50895K, capacity 54096K, committed 54360K, reserved 1097728K
  class space    used 6245K, capacity 6910K, committed 7000K, reserved 1048576K
}
Event: 14155.918 GC heap before
{Heap before GC invocations=55 (full 9):
 PSYoungGen      total 109568K, used 352K [0x00000000d5a00000, 0x00000000e1580000, 0x0000000100000000)
  eden space 109056K, 0% used [0x00000000d5a00000,0x00000000d5a00000,0x00000000dc480000)
  from space 512K, 68% used [0x00000000e1500000,0x00000000e1558000,0x00000000e1580000)
  to   space 5120K, 0% used [0x00000000e0b80000,0x00000000e0b80000,0x00000000e1080000)
 ParOldGen       total 77312K, used 20025K [0x0000000080e00000, 0x0000000085980000, 0x00000000d5a00000)
  object space 77312K, 25% used [0x0000000080e00000,0x000000008218e4b0,0x0000000085980000)
 Metaspace       used 50895K, capacity 54096K, committed 54360K, reserved 1097728K
  class space    used 6245K, capacity 6910K, committed 7000K, reserved 1048576K
Event: 14156.070 GC heap after
Heap after GC invocations=55 (full 9):
 PSYoungGen      total 109568K, used 0K [0x00000000d5a00000, 0x00000000e1580000, 0x0000000100000000)
  eden space 109056K, 0% used [0x00000000d5a00000,0x00000000d5a00000,0x00000000dc480000)
  from space 512K, 0% used [0x00000000e1500000,0x00000000e1500000,0x00000000e1580000)
  to   space 5120K, 0% used [0x00000000e0b80000,0x00000000e0b80000,0x00000000e1080000)
 ParOldGen       total 77312K, used 13243K [0x0000000080e00000, 0x0000000085980000, 0x00000000d5a00000)
  object space 77312K, 17% used [0x0000000080e00000,0x0000000081aeecb0,0x0000000085980000)
 Metaspace       used 50481K, capacity 53402K, committed 54360K, reserved 1097728K
  class space    used 6178K, capacity 6788K, committed 7000K, reserved 1048576K
}

Deoptimization events (10 events):
Event: 14156.119 Thread 0x0000000019f37000 Uncommon trap: reason=unstable_if action=reinterpret pc=0x00000000049db344 method=sun.reflect.annotation.AnnotationParser.parseArray(Ljava/lang/Class;Ljava/nio/ByteBuffer;Lsun/reflect/ConstantPool;Ljava/lang/Class;)Ljava/lang/Object; @ 179
Event: 14156.121 Thread 0x0000000019f37000 Uncommon trap: reason=unstable_if action=reinterpret pc=0x0000000004aa972c method=java.lang.ref.SoftReference.get()Ljava/lang/Object; @ 6
Event: 14156.168 Thread 0x0000000019f37000 Uncommon trap: reason=array_check action=maybe_recompile pc=0x00000000040167d4 method=java.util.TimSort.binarySort([Ljava/lang/Object;IIILjava/util/Comparator;)V @ 183
Event: 14156.170 Thread 0x0000000019f37000 Uncommon trap: reason=array_check action=maybe_recompile pc=0x00000000040167d4 method=java.util.TimSort.binarySort([Ljava/lang/Object;IIILjava/util/Comparator;)V @ 183
Event: 14156.320 Thread 0x0000000019f37000 Uncommon trap: reason=unstable_if action=reinterpret pc=0x0000000004af1c40 method=java.lang.ref.SoftReference.get()Ljava/lang/Object; @ 6
Event: 14156.330 Thread 0x0000000019f37000 Uncommon trap: reason=unstable_if action=reinterpret pc=0x000000000414835c method=java.lang.ref.SoftReference.get()Ljava/lang/Object; @ 6
Event: 14156.335 Thread 0x0000000019f37000 Uncommon trap: reason=unstable_if action=reinterpret pc=0x00000000045175e8 method=java.lang.ref.SoftReference.get()Ljava/lang/Object; @ 6
Event: 14156.372 Thread 0x0000000019f37000 Uncommon trap: reason=unstable_if action=reinterpret pc=0x00000000044d8c40 method=java.lang.ref.SoftReference.get()Ljava/lang/Object; @ 6
Event: 14156.478 Thread 0x0000000019f37000 Uncommon trap: reason=unstable_if action=reinterpret pc=0x0000000004e2ab74 method=org.springframework.core.convert.TypeDescriptor.equals(Ljava/lang/Object;)Z @ 29
Event: 14156.648 Thread 0x0000000019f37000 Uncommon trap: reason=unstable_if action=reinterpret pc=0x0000000003d3b964 method=java.lang.ref.SoftReference.get()Ljava/lang/Object; @ 6

Classes redefined (0 events):
No events

Internal exceptions (10 events):
Event: 14186.601 Thread 0x0000000019f31000 Exception <a 'java/io/IOException'> (0x00000000da43ebf8) thrown at [C:\re\workspace\8-2-build-windows-amd64-cygwin\jdk8u221\13320\hotspot\src\share\vm\prims\jni.cpp, line 710]
Event: 14186.601 Thread 0x0000000019f31000 Exception <a 'java/io/IOException'> (0x00000000da43f268) thrown at [C:\re\workspace\8-2-build-windows-amd64-cygwin\jdk8u221\13320\hotspot\src\share\vm\prims\jni.cpp, line 710]
Event: 14186.601 Thread 0x0000000019f31000 Exception <a 'java/io/IOException'> (0x00000000da43f528) thrown at [C:\re\workspace\8-2-build-windows-amd64-cygwin\jdk8u221\13320\hotspot\src\share\vm\prims\jni.cpp, line 710]
Event: 14186.601 Thread 0x0000000019f31000 Exception <a 'java/io/IOException'> (0x00000000da43f7b8) thrown at [C:\re\workspace\8-2-build-windows-amd64-cygwin\jdk8u221\13320\hotspot\src\share\vm\prims\jni.cpp, line 710]
Event: 14186.601 Thread 0x0000000019f31000 Exception <a 'java/io/IOException'> (0x00000000da43fa78) thrown at [C:\re\workspace\8-2-build-windows-amd64-cygwin\jdk8u221\13320\hotspot\src\share\vm\prims\jni.cpp, line 710]
Event: 14186.601 Thread 0x0000000019f31000 Exception <a 'java/io/IOException'> (0x00000000da43fd08) thrown at [C:\re\workspace\8-2-build-windows-amd64-cygwin\jdk8u221\13320\hotspot\src\share\vm\prims\jni.cpp, line 710]
Event: 14186.606 Thread 0x0000000019f31000 Exception <a 'java/io/IOException'> (0x00000000da49f270) thrown at [C:\re\workspace\8-2-build-windows-amd64-cygwin\jdk8u221\13320\hotspot\src\share\vm\prims\jni.cpp, line 710]
Event: 14186.606 Thread 0x0000000019f31000 Exception <a 'java/io/IOException'> (0x00000000da49f500) thrown at [C:\re\workspace\8-2-build-windows-amd64-cygwin\jdk8u221\13320\hotspot\src\share\vm\prims\jni.cpp, line 710]
Event: 14186.606 Thread 0x0000000019f31000 Exception <a 'java/io/IOException'> (0x00000000da4a2d10) thrown at [C:\re\workspace\8-2-build-windows-amd64-cygwin\jdk8u221\13320\hotspot\src\share\vm\prims\jni.cpp, line 710]
Event: 14186.606 Thread 0x0000000019f31000 Exception <a 'java/io/IOException'> (0x00000000da4a2fa0) thrown at [C:\re\workspace\8-2-build-windows-amd64-cygwin\jdk8u221\13320\hotspot\src\share\vm\prims\jni.cpp, line 710]

Events (10 events):
Event: 14186.646 loading class org/springframework/security/config/annotation/web/reactive/EnableWebFluxSecurity
Event: 14186.646 loading class org/springframework/security/config/annotation/web/reactive/EnableWebFluxSecurity done
Event: 14186.647 Thread 0x0000000019f31000 DEOPT PACKING pc=0x0000000004186d3c sp=0x0000000038ccd840
Event: 14186.647 Thread 0x0000000019f31000 DEOPT UNPACKING pc=0x0000000003377890 sp=0x0000000038ccd578 mode 1
Event: 14186.647 Thread 0x0000000019f31000 DEOPT PACKING pc=0x0000000003ac9e88 sp=0x0000000038ccd8b0
Event: 14186.647 Thread 0x0000000019f31000 DEOPT UNPACKING pc=0x0000000003377890 sp=0x0000000038ccd5d0 mode 1
Event: 14186.647 Thread 0x0000000019f31000 DEOPT PACKING pc=0x0000000003ac9e88 sp=0x0000000038ccd9a0
Event: 14186.647 Thread 0x0000000019f31000 DEOPT UNPACKING pc=0x0000000003377890 sp=0x0000000038ccd6b0 mode 1
Event: 14186.647 Thread 0x0000000019f31000 DEOPT PACKING pc=0x0000000003bcf6bc sp=0x0000000038ccd9d0
Event: 14186.647 Thread 0x0000000019f31000 DEOPT UNPACKING pc=0x0000000003377890 sp=0x0000000038ccd6d8 mode 1


Dynamic libraries:
0x00007ff6df260000 - 0x00007ff6df297000 	D:\Program Files\Java\jdk1.8.0_221\bin\java.exe
0x00007ff995f50000 - 0x00007ff996131000 	C:\WINDOWS\SYSTEM32\ntdll.dll
0x00007ff994340000 - 0x00007ff9943f1000 	C:\WINDOWS\System32\KERNEL32.DLL
0x00007ff9929a0000 - 0x00007ff992c13000 	C:\WINDOWS\System32\KERNELBASE.dll
0x00007ff993580000 - 0x00007ff993621000 	C:\WINDOWS\System32\ADVAPI32.dll
0x00007ff993dd0000 - 0x00007ff993e6e000 	C:\WINDOWS\System32\msvcrt.dll
0x00007ff993690000 - 0x00007ff9936eb000 	C:\WINDOWS\System32\sechost.dll
0x00007ff994700000 - 0x00007ff994824000 	C:\WINDOWS\System32\RPCRT4.dll
0x00007ff995c70000 - 0x00007ff995e00000 	C:\WINDOWS\System32\USER32.dll
0x00007ff992980000 - 0x00007ff9929a0000 	C:\WINDOWS\System32\win32u.dll
0x00007ff994490000 - 0x00007ff9944b8000 	C:\WINDOWS\System32\GDI32.dll
0x00007ff992740000 - 0x00007ff9928d1000 	C:\WINDOWS\System32\gdi32full.dll
0x00007ff9928e0000 - 0x00007ff99297f000 	C:\WINDOWS\System32\msvcp_win.dll
0x00007ff992320000 - 0x00007ff992418000 	C:\WINDOWS\System32\ucrtbase.dll
0x00007ff985d80000 - 0x00007ff985fe9000 	C:\WINDOWS\WinSxS\amd64_microsoft.windows.common-controls_6595b64144ccf1df_6.0.17134.915_none_fb42a6293065514f\COMCTL32.dll
0x00007ff9937e0000 - 0x00007ff993b02000 	C:\WINDOWS\System32\combase.dll
0x00007ff992420000 - 0x00007ff992499000 	C:\WINDOWS\System32\bcryptPrimitives.dll
0x00007ff9946d0000 - 0x00007ff9946fd000 	C:\WINDOWS\System32\IMM32.DLL
0x00000000682f0000 - 0x00000000683c2000 	D:\Program Files\Java\jdk1.8.0_221\jre\bin\msvcr100.dll
0x0000000067a40000 - 0x00000000682e5000 	D:\Program Files\Java\jdk1.8.0_221\jre\bin\server\jvm.dll
0x00007ff995f10000 - 0x00007ff995f18000 	C:\WINDOWS\System32\PSAPI.DLL
0x00007ff97dbb0000 - 0x00007ff97dbb9000 	C:\WINDOWS\SYSTEM32\WSOCK32.dll
0x00007ff994400000 - 0x00007ff99446c000 	C:\WINDOWS\System32\WS2_32.dll
0x00007ff98d1b0000 - 0x00007ff98d1ba000 	C:\WINDOWS\SYSTEM32\VERSION.dll
0x00007ff9904c0000 - 0x00007ff9904e3000 	C:\WINDOWS\SYSTEM32\WINMM.dll
0x00007ff990490000 - 0x00007ff9904ba000 	C:\WINDOWS\SYSTEM32\winmmbase.dll
0x00007ff992c80000 - 0x00007ff992cc9000 	C:\WINDOWS\System32\cfgmgr32.dll
0x00007ff98ecc0000 - 0x00007ff98eccf000 	D:\Program Files\Java\jdk1.8.0_221\jre\bin\verify.dll
0x00007ff98ec90000 - 0x00007ff98ecb9000 	D:\Program Files\Java\jdk1.8.0_221\jre\bin\java.dll
0x00007ff98eb60000 - 0x00007ff98eb95000 	D:\Program Files\Java\jdk1.8.0_221\jre\bin\jdwp.dll
0x00007ff98ec30000 - 0x00007ff98ec38000 	D:\Program Files\Java\jdk1.8.0_221\jre\bin\npt.dll
0x00007ff98ab30000 - 0x00007ff98ab53000 	D:\Program Files\Java\jdk1.8.0_221\jre\bin\instrument.dll
0x00007ff98ebf0000 - 0x00007ff98ec06000 	D:\Program Files\Java\jdk1.8.0_221\jre\bin\zip.dll
0x00007ff994830000 - 0x00007ff995c70000 	C:\WINDOWS\System32\SHELL32.dll
0x00007ff995e60000 - 0x00007ff995f09000 	C:\WINDOWS\System32\shcore.dll
0x00007ff992cd0000 - 0x00007ff9933dd000 	C:\WINDOWS\System32\windows.storage.dll
0x00007ff995e00000 - 0x00007ff995e51000 	C:\WINDOWS\System32\shlwapi.dll
0x00007ff992300000 - 0x00007ff992311000 	C:\WINDOWS\System32\kernel.appcore.dll
0x00007ff9922d0000 - 0x00007ff9922ef000 	C:\WINDOWS\System32\profapi.dll
0x00007ff992260000 - 0x00007ff9922ac000 	C:\WINDOWS\System32\powrprof.dll
0x00007ff9922f0000 - 0x00007ff9922fa000 	C:\WINDOWS\System32\FLTLIB.DLL
0x00007ff98eb50000 - 0x00007ff98eb59000 	D:\Program Files\Java\jdk1.8.0_221\jre\bin\dt_socket.dll
0x00007ff9818a0000 - 0x00007ff981a1a000 	C:\Program Files (x86)\Sangfor\SSL\ClientComponent\10_SangforTcpX64.dll
0x00007ff9944c0000 - 0x00007ff994611000 	C:\WINDOWS\System32\ole32.dll
0x00007ff993ca0000 - 0x00007ff993d62000 	C:\WINDOWS\System32\OLEAUT32.dll
0x00007ff992c20000 - 0x00007ff992c77000 	C:\WINDOWS\System32\WINTRUST.dll
0x00007ff9922b0000 - 0x00007ff9922c2000 	C:\WINDOWS\System32\MSASN1.dll
0x00007ff9924a0000 - 0x00007ff992682000 	C:\WINDOWS\System32\CRYPT32.dll
0x00007ff991aa0000 - 0x00007ff991b06000 	C:\WINDOWS\system32\mswsock.dll
0x00007ff98ace0000 - 0x00007ff98aced000 	D:\Program Files\java\jdk1.8.0_221\jre\bin\management.dll
0x00007ff98d510000 - 0x00007ff98d52a000 	D:\Program Files\java\jdk1.8.0_221\jre\bin\net.dll
0x00007ff9839c0000 - 0x00007ff983b89000 	C:\WINDOWS\SYSTEM32\urlmon.dll
0x00007ff983d40000 - 0x00007ff983fe6000 	C:\WINDOWS\SYSTEM32\iertutil.dll
0x00007ff991c70000 - 0x00007ff991c7b000 	C:\WINDOWS\SYSTEM32\CRYPTBASE.DLL
0x00007ff972040000 - 0x00007ff972073000 	C:\Program Files (x86)\Sangfor\SSL\ClientComponent\1_SangforNspX64.dll
0x00007ff971fd0000 - 0x00007ff971fe6000 	C:\WINDOWS\system32\napinsp.dll
0x00007ff971fb0000 - 0x00007ff971fca000 	C:\WINDOWS\system32\pnrpnsp.dll
0x00007ff98eb30000 - 0x00007ff98eb49000 	C:\WINDOWS\system32\NLAapi.dll
0x00007ff991830000 - 0x00007ff9918ee000 	C:\WINDOWS\SYSTEM32\DNSAPI.dll
0x00007ff993b10000 - 0x00007ff993b18000 	C:\WINDOWS\System32\NSI.dll
0x00007ff9917f0000 - 0x00007ff991828000 	C:\WINDOWS\SYSTEM32\IPHLPAPI.DLL
0x00007ff974770000 - 0x00007ff97477e000 	C:\WINDOWS\System32\winrnr.dll
0x0000000069200000 - 0x0000000069226000 	C:\Program Files\Bonjour\mdnsNSP.dll
0x00007ff98acc0000 - 0x00007ff98acd5000 	C:\WINDOWS\System32\wshbth.dll
0x00007ff9835c0000 - 0x00007ff9835ca000 	C:\Windows\System32\rasadhlp.dll
0x00007ff9838f0000 - 0x00007ff983962000 	C:\WINDOWS\System32\fwpuclnt.dll
0x00007ff991d80000 - 0x00007ff991da5000 	C:\WINDOWS\SYSTEM32\bcrypt.dll
0x00007ff98ac70000 - 0x00007ff98ac82000 	D:\Program Files\java\jdk1.8.0_221\jre\bin\nio.dll
0x00007ff991c50000 - 0x00007ff991c67000 	C:\WINDOWS\SYSTEM32\CRYPTSP.dll
0x00007ff991650000 - 0x00007ff991683000 	C:\WINDOWS\system32\rsaenh.dll
0x00007ff992160000 - 0x00007ff992188000 	C:\WINDOWS\SYSTEM32\USERENV.dll
0x00007ff98ca30000 - 0x00007ff98ca46000 	C:\WINDOWS\SYSTEM32\dhcpcsvc6.DLL
0x00007ff98c9c0000 - 0x00007ff98c9da000 	C:\WINDOWS\SYSTEM32\dhcpcsvc.DLL

VM Arguments:
jvm_args: -agentlib:jdwp=transport=dt_socket,address=127.0.0.1:54310,suspend=y,server=n -javaagent:C:\Users\Administrator\.IntelliJIdea2019.2\system\captureAgent\debugger-agent.jar -Dfile.encoding=UTF-8 
java_command: com.newcoder.community.CommunityApplication
java_class_path (initial): D:\Program Files\java\jdk1.8.0_221\jre\lib\charsets.jar;D:\Program Files\java\jdk1.8.0_221\jre\lib\deploy.jar;D:\Program Files\java\jdk1.8.0_221\jre\lib\ext\access-bridge-64.jar;D:\Program Files\java\jdk1.8.0_221\jre\lib\ext\cldrdata.jar;D:\Program Files\java\jdk1.8.0_221\jre\lib\ext\dnsns.jar;D:\Program Files\java\jdk1.8.0_221\jre\lib\ext\jaccess.jar;D:\Program Files\java\jdk1.8.0_221\jre\lib\ext\jfxrt.jar;D:\Program Files\java\jdk1.8.0_221\jre\lib\ext\localedata.jar;D:\Program Files\java\jdk1.8.0_221\jre\lib\ext\nashorn.jar;D:\Program Files\java\jdk1.8.0_221\jre\lib\ext\sunec.jar;D:\Program Files\java\jdk1.8.0_221\jre\lib\ext\sunjce_provider.jar;D:\Program Files\java\jdk1.8.0_221\jre\lib\ext\sunmscapi.jar;D:\Program Files\java\jdk1.8.0_221\jre\lib\ext\sunpkcs11.jar;D:\Program Files\java\jdk1.8.0_221\jre\lib\ext\zipfs.jar;D:\Program Files\java\jdk1.8.0_221\jre\lib\javaws.jar;D:\Program Files\java\jdk1.8.0_221\jre\lib\jce.jar;D:\Program Files\java\jdk1.8.0_221\jre\lib\jfr.jar;D:\Program Files\java\jdk1.8.0_221\jre\lib\jfxswt.jar;D:\Program Files\java\jdk1.8.0_221\jre\lib\jsse.jar;D:\Program Files\java\jdk1.8.0_221\jre\lib\management-agent.jar;D:\Program Files\java\jdk1.8.0_221\jre\lib\plugin.jar;D:\Program Files\java\jdk1.8.0_221\jre\lib\resources.jar;D:\Program Files\java\jdk1.8.0_221\jre\lib\rt.jar;D:\gitall\community\target\classes;C:\Users\Administrator\.m2\repository\org\springframework\boot\spring-boot-starter-thymeleaf\2.2.0.RELEASE\spring-boot-starter-thymeleaf-2.2.0.RELEASE.jar;C:\Users\Administrator\.m2\repository\org\springframework\boot\spring-boot-starter\2.2.0.RELEASE\spring-boot-starter-2.2.0.RELEASE.jar;C:\Users\Administrator\.m2\repository\org\springframework\boot\spring-boot-starter-logging\2.2.0.RELEASE\spring-boot-starter-logging-2.2.0.RELEASE.jar;C:\Users\Administrator\.m2\repository\ch\qos\logback\logback-classic\1.2.3\logback-classic-1.2.3.jar;C:\Users\Administrator\.m2\repository\ch\qos\logback\logback-core\1.2.3\
Launcher Type: SUN_STANDARD

Environment Variables:
JAVA_HOME=C:\Java\jdk1.8.0_191
PATH=C:\Program Files (x86)\Common Files\Oracle\Java\javapath;C:\Java\jdk1.8.0_191\bin;C:\Windows\system32;C:\Windows;C:\Windows\System32\Wbem;C:\Windows\System32\WindowsPowerShell\v1.0\;C:\Program Files (x86)\NVIDIA Corporation\PhysX\Common;C:\WINDOWS\system32;C:\WINDOWS;C:\WINDOWS\System32\Wbem;C:\WINDOWS\System32\WindowsPowerShell\v1.0\;C:\WINDOWS\System32\OpenSSH\;C:\Program Files\MongoDB\Server\3.2\bin;C:\Program Files\erl9.2\bin;C:\Program Files (x86)\Calibre2\;D:\Program Files\JetBrains\IntelliJ IDEA 2018.2.6\plugins\maven\lib\maven3\bin;D:\Program Files\nodejs;D:\Program Files\nodejs\npm_modules;D:\Program Files\ffmpeg-20180227-fa0c9d6-win64-static\bin;D:\Program Files\Git\cmd;C:\Program Files\NVIDIA Corporation\NVIDIA NvDLISR;C:\Users\Administrator\AppData\Local\Microsoft\WindowsApps;C:\Users\Administrator\AppData\Local\atom\bin;C:\Users\Administrator\AppData\Local\Microsoft\WindowsApps;C:\Program Files (x86)\SSH Communications Security\SSH Secure Shell;C:\Users\Administrator\AppData\Local\GitHubDesktop\bin;D:\Programs\Microsoft VS Code\bin;D:\Program Files\JetBrains\IntelliJ IDEA 2019.2.3\bin;
USERNAME=Administrator
OS=Windows_NT
PROCESSOR_IDENTIFIER=Intel64 Family 6 Model 158 Stepping 10, GenuineIntel



---------------  S Y S T E M  ---------------

OS: Windows 10.0 , 64 bit Build 17134 (10.0.17134.753)

CPU:total 12 (initial active 12) (6 cores per cpu, 2 threads per core) family 6 model 158 stepping 10, cmov, cx8, fxsr, mmx, sse, sse2, sse3, ssse3, sse4.1, sse4.2, popcnt, avx, avx2, aes, clmul, erms, rtm, 3dnowpref, lzcnt, ht, tsc, tscinvbit, bmi1, bmi2, adx

Memory: 4k page, physical 8331072k(1810776k free), swap 11214656k(6828k free)

vm_info: Java HotSpot(TM) 64-Bit Server VM (25.221-b11) for windows-amd64 JRE (1.8.0_221-b11), built on Jul  4 2019 04:39:29 by "java_re" with MS VC++ 10.0 (VS2010)

time: Sun Nov 03 21:45:28 2019
timezone: 中国标准时间
elapsed time: 14186 seconds (0d 3h 56m 26s)

