#
# There is insufficient memory for the Java Runtime Environment to continue.
# Native memory allocation (malloc) failed to allocate 1646528 bytes for Chunk::new
# Possible reasons:
#   The system is out of physical RAM or swap space
#   The process is running with CompressedOops enabled, and the Java Heap may be blocking the growth of the native heap
# Possible solutions:
#   Reduce memory load on the system
#   Increase physical memory or swap space
#   Check if swap backing store is full
#   Decrease Java heap size (-Xmx/-Xms)
#   Decrease number of Java threads
#   Decrease Java thread stack sizes (-Xss)
#   Set larger code cache with -XX:ReservedCodeCacheSize=
#   JVM is running with Unscaled Compressed Oops mode in which the Java heap is
#     placed in the first 4GB address space. The Java Heap base address is the
#     maximum limit for the native heap growth. Please use -XX:HeapBaseMinAddress
#     to set the Java Heap base and to place the Java Heap above 4GB virtual address.
# This output file may be truncated or incomplete.
#
#  Out of Memory Error (allocation.cpp:389), pid=16600, tid=0x00000000000017c0
#
# JRE version: Java(TM) SE Runtime Environment (8.0_221-b11) (build 1.8.0_221-b11)
# Java VM: Java HotSpot(TM) 64-Bit Server VM (25.221-b11 mixed mode windows-amd64 compressed oops)
# Failed to write core dump. Minidumps are not enabled by default on client versions of Windows
#

---------------  T H R E A D  ---------------

Current thread (0x0000000019962000):  JavaThread "C2 CompilerThread2" daemon [_thread_in_native, id=6080, stack(0x000000001adb0000,0x000000001aeb0000)]

Stack: [0x000000001adb0000,0x000000001aeb0000]
[error occurred during error reporting (printing stack bounds), id 0xc0000005]

Native frames: (J=compiled Java code, j=interpreted, Vv=VM code, C=native code)


Current CompileTask:
C2:   4984 5711 %     4       org.eclipse.jdt.internal.compiler.lookup.BinaryTypeBinding::createMethod @ 977 (1613 bytes)


---------------  P R O C E S S  ---------------

Java Threads: ( => current thread )
  0x000000001e2b4800 JavaThread "ForkJoinPool.commonPool-worker-6" daemon [_thread_blocked, id=6096, stack(0x00000000231a0000,0x00000000232a0000)]
  0x000000001e2b7800 JavaThread "ForkJoinPool.commonPool-worker-13" daemon [_thread_blocked, id=10364, stack(0x00000000230a0000,0x00000000231a0000)]
  0x000000001e2b7000 JavaThread "ForkJoinPool.commonPool-worker-4" daemon [_thread_blocked, id=8512, stack(0x0000000022fa0000,0x00000000230a0000)]
  0x000000001e2b6000 JavaThread "ForkJoinPool.commonPool-worker-11" daemon [_thread_blocked, id=1296, stack(0x0000000022b20000,0x0000000022c20000)]
  0x000000001e2b5800 JavaThread "ForkJoinPool.commonPool-worker-2" daemon [_thread_blocked, id=14528, stack(0x00000000227c0000,0x00000000228c0000)]
  0x000000001e2b2800 JavaThread "ForkJoinPool.commonPool-worker-9" daemon [_thread_blocked, id=6316, stack(0x0000000020fc0000,0x00000000210c0000)]
  0x000000001dfe4800 JavaThread "Worker-4" [_thread_blocked, id=12892, stack(0x0000000020ec0000,0x0000000020fc0000)]
  0x000000001e595800 JavaThread "Worker-3: Initialize workspace" [_thread_blocked, id=2272, stack(0x0000000020760000,0x0000000020860000)]
  0x000000001e251000 JavaThread "pool-1-thread-1" [_thread_in_native, id=976, stack(0x000000001f470000,0x000000001f570000)]
  0x000000001db88800 JavaThread "Java indexing" daemon [_thread_blocked, id=5580, stack(0x000000001ed70000,0x000000001ee70000)]
  0x000000001d9a6800 JavaThread "Worker-2: Building..." [_thread_in_native, id=2588, stack(0x000000001ec70000,0x000000001ed70000)]
  0x000000001c36b000 JavaThread "Worker-1" [_thread_blocked, id=11540, stack(0x000000001d7a0000,0x000000001d8a0000)]
  0x000000001ca0d000 JavaThread "Worker-0" [_thread_blocked, id=10872, stack(0x000000001d6a0000,0x000000001d7a0000)]
  0x000000001c029800 JavaThread "Worker-JM" [_thread_blocked, id=16064, stack(0x000000001d3a0000,0x000000001d4a0000)]
  0x000000001beb1800 JavaThread "Bundle File Closer" daemon [_thread_blocked, id=6880, stack(0x000000001d0a0000,0x000000001d1a0000)]
  0x000000001bfe2800 JavaThread "Start Level: Equinox Container: 9761b953-d871-4d73-bce4-12545e1e0ab5" daemon [_thread_blocked, id=13116, stack(0x000000001cc40000,0x000000001cd40000)]
  0x000000001bf82000 JavaThread "Framework Event Dispatcher: Equinox Container: 9761b953-d871-4d73-bce4-12545e1e0ab5" daemon [_thread_blocked, id=2444, stack(0x000000001cb40000,0x000000001cc40000)]
  0x000000001bc8f000 JavaThread "Active Thread: Equinox Container: 9761b953-d871-4d73-bce4-12545e1e0ab5" [_thread_blocked, id=9868, stack(0x000000001ca40000,0x000000001cb40000)]
  0x0000000019973000 JavaThread "Service Thread" daemon [_thread_blocked, id=14620, stack(0x000000001afb0000,0x000000001b0b0000)]
  0x0000000019966000 JavaThread "C1 CompilerThread3" daemon [_thread_blocked, id=3328, stack(0x000000001aeb0000,0x000000001afb0000)]
=>0x0000000019962000 JavaThread "C2 CompilerThread2" daemon [_thread_in_native, id=6080, stack(0x000000001adb0000,0x000000001aeb0000)]
  0x0000000019959000 JavaThread "C2 CompilerThread1" daemon [_thread_in_native, id=16108, stack(0x000000001acb0000,0x000000001adb0000)]
  0x0000000019958800 JavaThread "C2 CompilerThread0" daemon [_thread_in_native, id=2860, stack(0x000000001abb0000,0x000000001acb0000)]
  0x0000000019955800 JavaThread "Attach Listener" daemon [_thread_blocked, id=15324, stack(0x000000001aab0000,0x000000001abb0000)]
  0x0000000019942800 JavaThread "Signal Dispatcher" daemon [_thread_blocked, id=9156, stack(0x000000001a9b0000,0x000000001aab0000)]
  0x0000000019941800 JavaThread "Surrogate Locker Thread (Concurrent GC)" daemon [_thread_blocked, id=6420, stack(0x000000001a8b0000,0x000000001a9b0000)]
  0x00000000198c8800 JavaThread "Finalizer" daemon [_thread_blocked, id=11544, stack(0x000000001a750000,0x000000001a850000)]
  0x00000000198c2000 JavaThread "Reference Handler" daemon [_thread_blocked, id=12276, stack(0x000000001a650000,0x000000001a750000)]
  0x0000000002a52800 JavaThread "main" [_thread_blocked, id=14496, stack(0x0000000002920000,0x0000000002a20000)]

Other Threads:
  0x00000000198c1000 VMThread [stack: 0x000000001a450000,0x000000001a550000] [id=7676]
  0x0000000019978000 WatcherThread [stack: 0x000000001b0b0000,0x000000001b1b0000] [id=14700]

VM state:not at safepoint (normal execution)

VM Mutex/Monitor currently owned by a thread: None

heap address: 0x00000000c0000000, size: 1024 MB, Compressed Oops mode: 32-bit
Narrow klass base: 0x0000000000000000, Narrow klass shift: 3
Compressed class space size: 1073741824 Address: 0x0000000100000000

Heap:
 garbage-first heap   total 359424K, used 153033K [0x00000000c0000000, 0x00000000c0100af8, 0x0000000100000000)
  region size 1024K, 76 young (77824K), 6 survivors (6144K)
 Metaspace       used 47636K, capacity 50528K, committed 50640K, reserved 1093632K
  class space    used 4978K, capacity 5813K, committed 5888K, reserved 1048576K

Heap Regions: (Y=young(eden), SU=young(survivor), HS=humongous(starts), HC=humongous(continues), CS=collection set, F=free, TS=gc time stamp, PTAMS=previous top-at-mark-start, NTAMS=next top-at-mark-start)
AC   0  O    TS     7 PTAMS 0x00000000c0000000 NTAMS 0x00000000c0000000 space 1024K, 100% used [0x00000000c0000000, 0x00000000c0100000)
AC   0  O    TS     5 PTAMS 0x00000000c0100000 NTAMS 0x00000000c0100000 space 1024K, 100% used [0x00000000c0100000, 0x00000000c0200000)
AC   0  O    TS     0 PTAMS 0x00000000c0300000 NTAMS 0x00000000c0300000 space 1024K, 100% used [0x00000000c0200000, 0x00000000c0300000)
AC   0  O    TS     0 PTAMS 0x00000000c0400000 NTAMS 0x00000000c0400000 space 1024K, 100% used [0x00000000c0300000, 0x00000000c0400000)
AC   0  O    TS     0 PTAMS 0x00000000c0500000 NTAMS 0x00000000c0500000 space 1024K, 100% used [0x00000000c0400000, 0x00000000c0500000)
AC   0  O    TS     0 PTAMS 0x00000000c0600000 NTAMS 0x00000000c0600000 space 1024K, 100% used [0x00000000c0500000, 0x00000000c0600000)
AC   0  O    TS     7 PTAMS 0x00000000c0600000 NTAMS 0x00000000c0600000 space 1024K, 100% used [0x00000000c0600000, 0x00000000c0700000)
AC   0  O    TS     0 PTAMS 0x00000000c0800000 NTAMS 0x00000000c0800000 space 1024K, 100% used [0x00000000c0700000, 0x00000000c0800000)
AC   0  O    TS     0 PTAMS 0x00000000c0900000 NTAMS 0x00000000c0900000 space 1024K, 100% used [0x00000000c0800000, 0x00000000c0900000)
AC   0  O    TS     7 PTAMS 0x00000000c0900000 NTAMS 0x00000000c0900000 space 1024K, 100% used [0x00000000c0900000, 0x00000000c0a00000)
AC   0  O    TS     0 PTAMS 0x00000000c0b00000 NTAMS 0x00000000c0b00000 space 1024K, 100% used [0x00000000c0a00000, 0x00000000c0b00000)
AC   0  O    TS     0 PTAMS 0x00000000c0c00000 NTAMS 0x00000000c0c00000 space 1024K, 100% used [0x00000000c0b00000, 0x00000000c0c00000)
AC   0  O    TS     0 PTAMS 0x00000000c0d00000 NTAMS 0x00000000c0d00000 space 1024K, 100% used [0x00000000c0c00000, 0x00000000c0d00000)
AC   0  O    TS     0 PTAMS 0x00000000c0e00000 NTAMS 0x00000000c0e00000 space 1024K, 100% used [0x00000000c0d00000, 0x00000000c0e00000)
AC   0  F    TS     0 PTAMS 0x00000000c0e00000 NTAMS 0x00000000c0e00000 space 1024K,   0% used [0x00000000c0e00000, 0x00000000c0f00000)
AC   0  O    TS     0 PTAMS 0x00000000c1000000 NTAMS 0x00000000c1000000 space 1024K, 100% used [0x00000000c0f00000, 0x00000000c1000000)
AC   0  F    TS     0 PTAMS 0x00000000c1000000 NTAMS 0x00000000c1000000 space 1024K,   0% used [0x00000000c1000000, 0x00000000c1100000)
AC   0  F    TS     0 PTAMS 0x00000000c1100000 NTAMS 0x00000000c1100000 space 1024K,   0% used [0x00000000c1100000, 0x00000000c1200000)
AC   0  O    TS     0 PTAMS 0x00000000c1300000 NTAMS 0x00000000c1300000 space 1024K, 100% used [0x00000000c1200000, 0x00000000c1300000)
AC   0  O    TS     0 PTAMS 0x00000000c1400000 NTAMS 0x00000000c1400000 space 1024K, 100% used [0x00000000c1300000, 0x00000000c1400000)
AC   0  O    TS     0 PTAMS 0x00000000c1500000 NTAMS 0x00000000c1500000 space 1024K, 100% used [0x00000000c1400000, 0x00000000c1500000)
AC   0  O    TS     0 PTAMS 0x00000000c1600000 NTAMS 0x00000000c1600000 space 1024K, 100% used [0x00000000c1500000, 0x00000000c1600000)
AC   0  O    TS     0 PTAMS 0x00000000c1700000 NTAMS 0x00000000c1700000 space 1024K, 100% used [0x00000000c1600000, 0x00000000c1700000)
AC   0  O    TS     5 PTAMS 0x00000000c1700000 NTAMS 0x00000000c1700000 space 1024K, 100% used [0x00000000c1700000, 0x00000000c1800000)
AC   0  O    TS     7 PTAMS 0x00000000c1800000 NTAMS 0x00000000c1800000 space 1024K, 100% used [0x00000000c1800000, 0x00000000c1900000)
AC   0  O    TS     5 PTAMS 0x00000000c1900000 NTAMS 0x00000000c1900000 space 1024K, 100% used [0x00000000c1900000, 0x00000000c1a00000)
AC   0 HS    TS     0 PTAMS 0x00000000c1a80010 NTAMS 0x00000000c1a80010 space 1024K,  50% used [0x00000000c1a00000, 0x00000000c1b00000)
AC   0  O    TS     0 PTAMS 0x00000000c1c00000 NTAMS 0x00000000c1c00000 space 1024K, 100% used [0x00000000c1b00000, 0x00000000c1c00000)
AC   0  O    TS     0 PTAMS 0x00000000c1d00000 NTAMS 0x00000000c1d00000 space 1024K, 100% used [0x00000000c1c00000, 0x00000000c1d00000)
AC   0  O    TS     7 PTAMS 0x00000000c1d00000 NTAMS 0x00000000c1d00000 space 1024K, 100% used [0x00000000c1d00000, 0x00000000c1e00000)
AC   0  O    TS     0 PTAMS 0x00000000c1f00000 NTAMS 0x00000000c1f00000 space 1024K, 100% used [0x00000000c1e00000, 0x00000000c1f00000)
AC   0  O    TS     0 PTAMS 0x00000000c2000000 NTAMS 0x00000000c2000000 space 1024K, 100% used [0x00000000c1f00000, 0x00000000c2000000)
AC   0  O    TS     5 PTAMS 0x00000000c2000000 NTAMS 0x00000000c2000000 space 1024K, 100% used [0x00000000c2000000, 0x00000000c2100000)
AC   0  O    TS     7 PTAMS 0x00000000c2100000 NTAMS 0x00000000c2100000 space 1024K, 100% used [0x00000000c2100000, 0x00000000c2200000)
AC   0  O    TS     5 PTAMS 0x00000000c2200000 NTAMS 0x00000000c2200000 space 1024K, 100% used [0x00000000c2200000, 0x00000000c2300000)
AC   0  O    TS     5 PTAMS 0x00000000c2300000 NTAMS 0x00000000c2300000 space 1024K, 100% used [0x00000000c2300000, 0x00000000c2400000)
AC   0  O    TS     5 PTAMS 0x00000000c2400000 NTAMS 0x00000000c2400000 space 1024K, 100% used [0x00000000c2400000, 0x00000000c2500000)
AC   0  O    TS     0 PTAMS 0x00000000c2600000 NTAMS 0x00000000c2600000 space 1024K, 100% used [0x00000000c2500000, 0x00000000c2600000)
AC   0  O    TS     0 PTAMS 0x00000000c2700000 NTAMS 0x00000000c2700000 space 1024K, 100% used [0x00000000c2600000, 0x00000000c2700000)
AC   0  O    TS     0 PTAMS 0x00000000c2800000 NTAMS 0x00000000c2800000 space 1024K, 100% used [0x00000000c2700000, 0x00000000c2800000)
AC   0  O    TS     0 PTAMS 0x00000000c2900000 NTAMS 0x00000000c2900000 space 1024K, 100% used [0x00000000c2800000, 0x00000000c2900000)
AC   0  O    TS     0 PTAMS 0x00000000c2a00000 NTAMS 0x00000000c2a00000 space 1024K, 100% used [0x00000000c2900000, 0x00000000c2a00000)
AC   0  O    TS     5 PTAMS 0x00000000c2a00000 NTAMS 0x00000000c2a00000 space 1024K, 100% used [0x00000000c2a00000, 0x00000000c2b00000)
AC   0  O    TS     5 PTAMS 0x00000000c2b00000 NTAMS 0x00000000c2b00000 space 1024K, 100% used [0x00000000c2b00000, 0x00000000c2c00000)
AC   0  O    TS     7 PTAMS 0x00000000c2c00000 NTAMS 0x00000000c2c00000 space 1024K, 100% used [0x00000000c2c00000, 0x00000000c2d00000)
AC   0  O    TS     7 PTAMS 0x00000000c2d00000 NTAMS 0x00000000c2d00000 space 1024K, 100% used [0x00000000c2d00000, 0x00000000c2e00000)
AC   0  O    TS     7 PTAMS 0x00000000c2e00000 NTAMS 0x00000000c2e00000 space 1024K, 100% used [0x00000000c2e00000, 0x00000000c2f00000)
AC   0  O    TS     7 PTAMS 0x00000000c2f00000 NTAMS 0x00000000c2f00000 space 1024K, 100% used [0x00000000c2f00000, 0x00000000c3000000)
AC   0  F    TS     0 PTAMS 0x00000000c3000000 NTAMS 0x00000000c3000000 space 1024K,   0% used [0x00000000c3000000, 0x00000000c3100000)
AC   0  O    TS     9 PTAMS 0x00000000c3100000 NTAMS 0x00000000c3100000 space 1024K,  50% used [0x00000000c3100000, 0x00000000c3200000)
AC   0  O    TS     5 PTAMS 0x00000000c3200000 NTAMS 0x00000000c3200000 space 1024K, 100% used [0x00000000c3200000, 0x00000000c3300000)
AC   0  O    TS     5 PTAMS 0x00000000c3300000 NTAMS 0x00000000c3300000 space 1024K, 100% used [0x00000000c3300000, 0x00000000c3400000)
AC   0  F    TS     0 PTAMS 0x00000000c3400000 NTAMS 0x00000000c3400000 space 1024K,   0% used [0x00000000c3400000, 0x00000000c3500000)
AC   0  O    TS     5 PTAMS 0x00000000c3500000 NTAMS 0x00000000c3500000 space 1024K, 100% used [0x00000000c3500000, 0x00000000c3600000)
AC   0  F    TS     0 PTAMS 0x00000000c3600000 NTAMS 0x00000000c3600000 space 1024K,   0% used [0x00000000c3600000, 0x00000000c3700000)
AC   0  O    TS     5 PTAMS 0x00000000c3700000 NTAMS 0x00000000c3700000 space 1024K, 100% used [0x00000000c3700000, 0x00000000c3800000)
AC   0  F    TS     0 PTAMS 0x00000000c3800000 NTAMS 0x00000000c3800000 space 1024K,   0% used [0x00000000c3800000, 0x00000000c3900000)
AC   0  F    TS     0 PTAMS 0x00000000c3900000 NTAMS 0x00000000c3900000 space 1024K,   0% used [0x00000000c3900000, 0x00000000c3a00000)
AC   0  O    TS     0 PTAMS 0x00000000c3b00000 NTAMS 0x00000000c3b00000 space 1024K, 100% used [0x00000000c3a00000, 0x00000000c3b00000)
AC   0  O    TS     0 PTAMS 0x00000000c3c00000 NTAMS 0x00000000c3c00000 space 1024K, 100% used [0x00000000c3b00000, 0x00000000c3c00000)
AC   0  F    TS     0 PTAMS 0x00000000c3c00000 NTAMS 0x00000000c3c00000 space 1024K,   0% used [0x00000000c3c00000, 0x00000000c3d00000)
AC   0  O    TS     0 PTAMS 0x00000000c3e00000 NTAMS 0x00000000c3e00000 space 1024K, 100% used [0x00000000c3d00000, 0x00000000c3e00000)
AC   0  F    TS     0 PTAMS 0x00000000c3e00000 NTAMS 0x00000000c3e00000 space 1024K,   0% used [0x00000000c3e00000, 0x00000000c3f00000)
AC   0  F    TS     0 PTAMS 0x00000000c3f00000 NTAMS 0x00000000c3f00000 space 1024K,   0% used [0x00000000c3f00000, 0x00000000c4000000)
AC   0  F    TS     0 PTAMS 0x00000000c4000000 NTAMS 0x00000000c4000000 space 1024K,   0% used [0x00000000c4000000, 0x00000000c4100000)
AC   0  O    TS     0 PTAMS 0x00000000c4200000 NTAMS 0x00000000c4200000 space 1024K, 100% used [0x00000000c4100000, 0x00000000c4200000)
AC   0  O    TS     3 PTAMS 0x00000000c4200000 NTAMS 0x00000000c4200000 space 1024K, 100% used [0x00000000c4200000, 0x00000000c4300000)
AC   0  O    TS     3 PTAMS 0x00000000c4300000 NTAMS 0x00000000c4300000 space 1024K, 100% used [0x00000000c4300000, 0x00000000c4400000)
AC   0  O    TS     3 PTAMS 0x00000000c4400000 NTAMS 0x00000000c4400000 space 1024K, 100% used [0x00000000c4400000, 0x00000000c4500000)
AC   0  O    TS     3 PTAMS 0x00000000c4500000 NTAMS 0x00000000c4500000 space 1024K, 100% used [0x00000000c4500000, 0x00000000c4600000)
AC   0  O    TS     3 PTAMS 0x00000000c4600000 NTAMS 0x00000000c4600000 space 1024K, 100% used [0x00000000c4600000, 0x00000000c4700000)
AC   0  O    TS     3 PTAMS 0x00000000c4700000 NTAMS 0x00000000c4700000 space 1024K, 100% used [0x00000000c4700000, 0x00000000c4800000)
AC   0  O    TS     3 PTAMS 0x00000000c4800000 NTAMS 0x00000000c4800000 space 1024K, 100% used [0x00000000c4800000, 0x00000000c4900000)
AC   0  O    TS     3 PTAMS 0x00000000c4900000 NTAMS 0x00000000c4900000 space 1024K, 100% used [0x00000000c4900000, 0x00000000c4a00000)
AC   0  O    TS     3 PTAMS 0x00000000c4a00000 NTAMS 0x00000000c4a00000 space 1024K, 100% used [0x00000000c4a00000, 0x00000000c4b00000)
AC   0  O    TS     3 PTAMS 0x00000000c4b00000 NTAMS 0x00000000c4b00000 space 1024K, 100% used [0x00000000c4b00000, 0x00000000c4c00000)
AC   0  O    TS     3 PTAMS 0x00000000c4c00000 NTAMS 0x00000000c4c00000 space 1024K, 100% used [0x00000000c4c00000, 0x00000000c4d00000)
AC   0  O    TS     5 PTAMS 0x00000000c4d00000 NTAMS 0x00000000c4d00000 space 1024K, 100% used [0x00000000c4d00000, 0x00000000c4e00000)
AC   0  F    TS     0 PTAMS 0x00000000c4e00000 NTAMS 0x00000000c4e00000 space 1024K,   0% used [0x00000000c4e00000, 0x00000000c4f00000)
AC   0  F    TS     0 PTAMS 0x00000000c4f00000 NTAMS 0x00000000c4f00000 space 1024K,   0% used [0x00000000c4f00000, 0x00000000c5000000)
AC   0  F    TS     0 PTAMS 0x00000000c5000000 NTAMS 0x00000000c5000000 space 1024K,   0% used [0x00000000c5000000, 0x00000000c5100000)
AC   0  F    TS     0 PTAMS 0x00000000c5100000 NTAMS 0x00000000c5100000 space 1024K,   0% used [0x00000000c5100000, 0x00000000c5200000)
AC   0  F    TS     0 PTAMS 0x00000000c5200000 NTAMS 0x00000000c5200000 space 1024K,   0% used [0x00000000c5200000, 0x00000000c5300000)
AC   0  F    TS     0 PTAMS 0x00000000c5300000 NTAMS 0x00000000c5300000 space 1024K,   0% used [0x00000000c5300000, 0x00000000c5400000)
AC   0  F    TS     0 PTAMS 0x00000000c5400000 NTAMS 0x00000000c5400000 space 1024K,   0% used [0x00000000c5400000, 0x00000000c5500000)
AC   0  F    TS     0 PTAMS 0x00000000c5500000 NTAMS 0x00000000c5500000 space 1024K,   0% used [0x00000000c5500000, 0x00000000c5600000)
AC   0  F    TS     0 PTAMS 0x00000000c5600000 NTAMS 0x00000000c5600000 space 1024K,   0% used [0x00000000c5600000, 0x00000000c5700000)
AC   0  F    TS     0 PTAMS 0x00000000c5700000 NTAMS 0x00000000c5700000 space 1024K,   0% used [0x00000000c5700000, 0x00000000c5800000)
AC   0  F    TS     0 PTAMS 0x00000000c5800000 NTAMS 0x00000000c5800000 space 1024K,   0% used [0x00000000c5800000, 0x00000000c5900000)
AC   0  F    TS     0 PTAMS 0x00000000c5900000 NTAMS 0x00000000c5900000 space 1024K,   0% used [0x00000000c5900000, 0x00000000c5a00000)
AC   0  F    TS     0 PTAMS 0x00000000c5a00000 NTAMS 0x00000000c5a00000 space 1024K,   0% used [0x00000000c5a00000, 0x00000000c5b00000)
AC   0  F    TS     0 PTAMS 0x00000000c5b00000 NTAMS 0x00000000c5b00000 space 1024K,   0% used [0x00000000c5b00000, 0x00000000c5c00000)
AC   0  F    TS     0 PTAMS 0x00000000c5c00000 NTAMS 0x00000000c5c00000 space 1024K,   0% used [0x00000000c5c00000, 0x00000000c5d00000)
AC   0  F    TS     0 PTAMS 0x00000000c5d00000 NTAMS 0x00000000c5d00000 space 1024K,   0% used [0x00000000c5d00000, 0x00000000c5e00000)
AC   0  S CS TS     9 PTAMS 0x00000000c5e00000 NTAMS 0x00000000c5e00000 space 1024K,  44% used [0x00000000c5e00000, 0x00000000c5f00000)
AC   0  S CS TS     9 PTAMS 0x00000000c5f00000 NTAMS 0x00000000c5f00000 space 1024K, 100% used [0x00000000c5f00000, 0x00000000c6000000)
AC   0  S CS TS     9 PTAMS 0x00000000c6000000 NTAMS 0x00000000c6000000 space 1024K, 100% used [0x00000000c6000000, 0x00000000c6100000)
AC   0  S CS TS     9 PTAMS 0x00000000c6100000 NTAMS 0x00000000c6100000 space 1024K, 100% used [0x00000000c6100000, 0x00000000c6200000)
AC   0  S CS TS     9 PTAMS 0x00000000c6200000 NTAMS 0x00000000c6200000 space 1024K, 100% used [0x00000000c6200000, 0x00000000c6300000)
AC   0  S CS TS     9 PTAMS 0x00000000c6300000 NTAMS 0x00000000c6300000 space 1024K, 100% used [0x00000000c6300000, 0x00000000c6400000)
AC   0  F    TS     0 PTAMS 0x00000000c6400000 NTAMS 0x00000000c6400000 space 1024K,   0% used [0x00000000c6400000, 0x00000000c6500000)
AC   0  F    TS     0 PTAMS 0x00000000c6500000 NTAMS 0x00000000c6500000 space 1024K,   0% used [0x00000000c6500000, 0x00000000c6600000)
AC   0  F    TS     0 PTAMS 0x00000000c6600000 NTAMS 0x00000000c6600000 space 1024K,   0% used [0x00000000c6600000, 0x00000000c6700000)
AC   0  F    TS     0 PTAMS 0x00000000c6700000 NTAMS 0x00000000c6700000 space 1024K,   0% used [0x00000000c6700000, 0x00000000c6800000)
AC   0  F    TS     0 PTAMS 0x00000000c6800000 NTAMS 0x00000000c6800000 space 1024K,   0% used [0x00000000c6800000, 0x00000000c6900000)
AC   0  F    TS     0 PTAMS 0x00000000c6900000 NTAMS 0x00000000c6900000 space 1024K,   0% used [0x00000000c6900000, 0x00000000c6a00000)
AC   0  F    TS     0 PTAMS 0x00000000c6a00000 NTAMS 0x00000000c6a00000 space 1024K,   0% used [0x00000000c6a00000, 0x00000000c6b00000)
AC   0  F    TS     0 PTAMS 0x00000000c6b00000 NTAMS 0x00000000c6b00000 space 1024K,   0% used [0x00000000c6b00000, 0x00000000c6c00000)
AC   0  F    TS     0 PTAMS 0x00000000c6c00000 NTAMS 0x00000000c6c00000 space 1024K,   0% used [0x00000000c6c00000, 0x00000000c6d00000)
AC   0  F    TS     0 PTAMS 0x00000000c6d00000 NTAMS 0x00000000c6d00000 space 1024K,   0% used [0x00000000c6d00000, 0x00000000c6e00000)
AC   0  F    TS     0 PTAMS 0x00000000c6e00000 NTAMS 0x00000000c6e00000 space 1024K,   0% used [0x00000000c6e00000, 0x00000000c6f00000)
AC   0  F    TS     0 PTAMS 0x00000000c6f00000 NTAMS 0x00000000c6f00000 space 1024K,   0% used [0x00000000c6f00000, 0x00000000c7000000)
AC   0  F    TS     0 PTAMS 0x00000000c7000000 NTAMS 0x00000000c7000000 space 1024K,   0% used [0x00000000c7000000, 0x00000000c7100000)
AC   0  F    TS     0 PTAMS 0x00000000c7100000 NTAMS 0x00000000c7100000 space 1024K,   0% used [0x00000000c7100000, 0x00000000c7200000)
AC   0  F    TS     0 PTAMS 0x00000000c7200000 NTAMS 0x00000000c7200000 space 1024K,   0% used [0x00000000c7200000, 0x00000000c7300000)
AC   0  F    TS     0 PTAMS 0x00000000c7300000 NTAMS 0x00000000c7300000 space 1024K,   0% used [0x00000000c7300000, 0x00000000c7400000)
AC   0  F    TS     0 PTAMS 0x00000000c7400000 NTAMS 0x00000000c7400000 space 1024K,   0% used [0x00000000c7400000, 0x00000000c7500000)
AC   0  F    TS     0 PTAMS 0x00000000c7500000 NTAMS 0x00000000c7500000 space 1024K,   0% used [0x00000000c7500000, 0x00000000c7600000)
AC   0  F    TS     0 PTAMS 0x00000000c7600000 NTAMS 0x00000000c7600000 space 1024K,   0% used [0x00000000c7600000, 0x00000000c7700000)
AC   0  F    TS     0 PTAMS 0x00000000c7700000 NTAMS 0x00000000c7700000 space 1024K,   0% used [0x00000000c7700000, 0x00000000c7800000)
AC   0  F    TS     0 PTAMS 0x00000000c7800000 NTAMS 0x00000000c7800000 space 1024K,   0% used [0x00000000c7800000, 0x00000000c7900000)
AC   0  F    TS     0 PTAMS 0x00000000c7900000 NTAMS 0x00000000c7900000 space 1024K,   0% used [0x00000000c7900000, 0x00000000c7a00000)
AC   0  F    TS     0 PTAMS 0x00000000c7a00000 NTAMS 0x00000000c7a00000 space 1024K,   0% used [0x00000000c7a00000, 0x00000000c7b00000)
AC   0  F    TS     0 PTAMS 0x00000000c7b00000 NTAMS 0x00000000c7b00000 space 1024K,   0% used [0x00000000c7b00000, 0x00000000c7c00000)
AC   0  F    TS     0 PTAMS 0x00000000c7c00000 NTAMS 0x00000000c7c00000 space 1024K,   0% used [0x00000000c7c00000, 0x00000000c7d00000)
AC   0  F    TS     0 PTAMS 0x00000000c7d00000 NTAMS 0x00000000c7d00000 space 1024K,   0% used [0x00000000c7d00000, 0x00000000c7e00000)
AC   0  F    TS     0 PTAMS 0x00000000c7e00000 NTAMS 0x00000000c7e00000 space 1024K,   0% used [0x00000000c7e00000, 0x00000000c7f00000)
AC   0  F    TS     0 PTAMS 0x00000000c7f00000 NTAMS 0x00000000c7f00000 space 1024K,   0% used [0x00000000c7f00000, 0x00000000c8000000)
AC   0  F    TS     0 PTAMS 0x00000000c8000000 NTAMS 0x00000000c8000000 space 1024K,   0% used [0x00000000c8000000, 0x00000000c8100000)
AC   0  F    TS     0 PTAMS 0x00000000c8100000 NTAMS 0x00000000c8100000 space 1024K,   0% used [0x00000000c8100000, 0x00000000c8200000)
AC   0  F    TS     0 PTAMS 0x00000000c8200000 NTAMS 0x00000000c8200000 space 1024K,   0% used [0x00000000c8200000, 0x00000000c8300000)
AC   0  F    TS     0 PTAMS 0x00000000c8300000 NTAMS 0x00000000c8300000 space 1024K,   0% used [0x00000000c8300000, 0x00000000c8400000)
AC   0  F    TS     0 PTAMS 0x00000000c8400000 NTAMS 0x00000000c8400000 space 1024K,   0% used [0x00000000c8400000, 0x00000000c8500000)
AC   0  F    TS     0 PTAMS 0x00000000c8500000 NTAMS 0x00000000c8500000 space 1024K,   0% used [0x00000000c8500000, 0x00000000c8600000)
AC   0  F    TS     0 PTAMS 0x00000000c8600000 NTAMS 0x00000000c8600000 space 1024K,   0% used [0x00000000c8600000, 0x00000000c8700000)
AC   0  F    TS     0 PTAMS 0x00000000c8700000 NTAMS 0x00000000c8700000 space 1024K,   0% used [0x00000000c8700000, 0x00000000c8800000)
AC   0  F    TS     0 PTAMS 0x00000000c8800000 NTAMS 0x00000000c8800000 space 1024K,   0% used [0x00000000c8800000, 0x00000000c8900000)
AC   0  F    TS     0 PTAMS 0x00000000c8900000 NTAMS 0x00000000c8900000 space 1024K,   0% used [0x00000000c8900000, 0x00000000c8a00000)
AC   0  F    TS     0 PTAMS 0x00000000c8a00000 NTAMS 0x00000000c8a00000 space 1024K,   0% used [0x00000000c8a00000, 0x00000000c8b00000)
AC   0  F    TS     0 PTAMS 0x00000000c8b00000 NTAMS 0x00000000c8b00000 space 1024K,   0% used [0x00000000c8b00000, 0x00000000c8c00000)
AC   0  F    TS     0 PTAMS 0x00000000c8c00000 NTAMS 0x00000000c8c00000 space 1024K,   0% used [0x00000000c8c00000, 0x00000000c8d00000)
AC   0  F    TS     0 PTAMS 0x00000000c8d00000 NTAMS 0x00000000c8d00000 space 1024K,   0% used [0x00000000c8d00000, 0x00000000c8e00000)
AC   0  F    TS     0 PTAMS 0x00000000c8e00000 NTAMS 0x00000000c8e00000 space 1024K,   0% used [0x00000000c8e00000, 0x00000000c8f00000)
AC   0  F    TS     0 PTAMS 0x00000000c8f00000 NTAMS 0x00000000c8f00000 space 1024K,   0% used [0x00000000c8f00000, 0x00000000c9000000)
AC   0  F    TS     0 PTAMS 0x00000000c9000000 NTAMS 0x00000000c9000000 space 1024K,   0% used [0x00000000c9000000, 0x00000000c9100000)
AC   0  F    TS     1 PTAMS 0x00000000c9100000 NTAMS 0x00000000c9100000 space 1024K,   0% used [0x00000000c9100000, 0x00000000c9200000)
AC   0  F    TS     1 PTAMS 0x00000000c9200000 NTAMS 0x00000000c9200000 space 1024K,   0% used [0x00000000c9200000, 0x00000000c9300000)
AC   0  F    TS     1 PTAMS 0x00000000c9300000 NTAMS 0x00000000c9300000 space 1024K,   0% used [0x00000000c9300000, 0x00000000c9400000)
AC   0  F    TS     5 PTAMS 0x00000000c9400000 NTAMS 0x00000000c9400000 space 1024K,   0% used [0x00000000c9400000, 0x00000000c9500000)
AC   0  F    TS     5 PTAMS 0x00000000c9500000 NTAMS 0x00000000c9500000 space 1024K,   0% used [0x00000000c9500000, 0x00000000c9600000)
AC   0  F    TS     0 PTAMS 0x00000000c9600000 NTAMS 0x00000000c9600000 space 1024K,   0% used [0x00000000c9600000, 0x00000000c9700000)
AC   0  F    TS     3 PTAMS 0x00000000c9700000 NTAMS 0x00000000c9700000 space 1024K,   0% used [0x00000000c9700000, 0x00000000c9800000)
AC   0  F    TS     3 PTAMS 0x00000000c9800000 NTAMS 0x00000000c9800000 space 1024K,   0% used [0x00000000c9800000, 0x00000000c9900000)
AC   0  F    TS     0 PTAMS 0x00000000c9900000 NTAMS 0x00000000c9900000 space 1024K,   0% used [0x00000000c9900000, 0x00000000c9a00000)
AC   0  F    TS     7 PTAMS 0x00000000c9a00000 NTAMS 0x00000000c9a00000 space 1024K,   0% used [0x00000000c9a00000, 0x00000000c9b00000)
AC   0  F    TS     7 PTAMS 0x00000000c9b00000 NTAMS 0x00000000c9b00000 space 1024K,   0% used [0x00000000c9b00000, 0x00000000c9c00000)
AC   0  F    TS     0 PTAMS 0x00000000c9c00000 NTAMS 0x00000000c9c00000 space 1024K,   0% used [0x00000000c9c00000, 0x00000000c9d00000)
AC   0  F    TS     0 PTAMS 0x00000000c9d00000 NTAMS 0x00000000c9d00000 space 1024K,   0% used [0x00000000c9d00000, 0x00000000c9e00000)
AC   0  F    TS     0 PTAMS 0x00000000c9e00000 NTAMS 0x00000000c9e00000 space 1024K,   0% used [0x00000000c9e00000, 0x00000000c9f00000)
AC   0  O    TS     0 PTAMS 0x00000000ca000000 NTAMS 0x00000000ca000000 space 1024K, 100% used [0x00000000c9f00000, 0x00000000ca000000)
AC   0  F    TS     0 PTAMS 0x00000000ca000000 NTAMS 0x00000000ca000000 space 1024K,   0% used [0x00000000ca000000, 0x00000000ca100000)
AC   0  O    TS     0 PTAMS 0x00000000ca200000 NTAMS 0x00000000ca200000 space 1024K, 100% used [0x00000000ca100000, 0x00000000ca200000)
AC   0  F    TS     0 PTAMS 0x00000000ca200000 NTAMS 0x00000000ca200000 space 1024K,   0% used [0x00000000ca200000, 0x00000000ca300000)
AC   0  O    TS     0 PTAMS 0x00000000ca400000 NTAMS 0x00000000ca400000 space 1024K, 100% used [0x00000000ca300000, 0x00000000ca400000)
AC   0  F    TS     0 PTAMS 0x00000000ca400000 NTAMS 0x00000000ca400000 space 1024K,   0% used [0x00000000ca400000, 0x00000000ca500000)
AC   0  O    TS     0 PTAMS 0x00000000ca600000 NTAMS 0x00000000ca600000 space 1024K, 100% used [0x00000000ca500000, 0x00000000ca600000)
AC   0  F    TS     0 PTAMS 0x00000000ca600000 NTAMS 0x00000000ca600000 space 1024K,   0% used [0x00000000ca600000, 0x00000000ca700000)
AC   0  O    TS     0 PTAMS 0x00000000ca800000 NTAMS 0x00000000ca800000 space 1024K, 100% used [0x00000000ca700000, 0x00000000ca800000)
AC   0  F    TS     0 PTAMS 0x00000000ca800000 NTAMS 0x00000000ca800000 space 1024K,   0% used [0x00000000ca800000, 0x00000000ca900000)
AC   0  O    TS     0 PTAMS 0x00000000caa00000 NTAMS 0x00000000caa00000 space 1024K, 100% used [0x00000000ca900000, 0x00000000caa00000)
AC   0  F    TS     0 PTAMS 0x00000000caa00000 NTAMS 0x00000000caa00000 space 1024K,   0% used [0x00000000caa00000, 0x00000000cab00000)
AC   0  O    TS     0 PTAMS 0x00000000cac00000 NTAMS 0x00000000cac00000 space 1024K, 100% used [0x00000000cab00000, 0x00000000cac00000)
AC   0  F    TS     0 PTAMS 0x00000000cac00000 NTAMS 0x00000000cac00000 space 1024K,   0% used [0x00000000cac00000, 0x00000000cad00000)
AC   0  F    TS     0 PTAMS 0x00000000cad00000 NTAMS 0x00000000cad00000 space 1024K,   0% used [0x00000000cad00000, 0x00000000cae00000)
AC   0  F    TS     0 PTAMS 0x00000000cae00000 NTAMS 0x00000000cae00000 space 1024K,   0% used [0x00000000cae00000, 0x00000000caf00000)
AC   0  O    TS     0 PTAMS 0x00000000cb000000 NTAMS 0x00000000cb000000 space 1024K, 100% used [0x00000000caf00000, 0x00000000cb000000)
AC   0  F    TS     0 PTAMS 0x00000000cb000000 NTAMS 0x00000000cb000000 space 1024K,   0% used [0x00000000cb000000, 0x00000000cb100000)
AC   0  O    TS     0 PTAMS 0x00000000cb200000 NTAMS 0x00000000cb200000 space 1024K, 100% used [0x00000000cb100000, 0x00000000cb200000)
AC   0  F    TS     0 PTAMS 0x00000000cb200000 NTAMS 0x00000000cb200000 space 1024K,   0% used [0x00000000cb200000, 0x00000000cb300000)
AC   0  O    TS     0 PTAMS 0x00000000cb400000 NTAMS 0x00000000cb400000 space 1024K, 100% used [0x00000000cb300000, 0x00000000cb400000)
AC   0  F    TS     0 PTAMS 0x00000000cb400000 NTAMS 0x00000000cb400000 space 1024K,   0% used [0x00000000cb400000, 0x00000000cb500000)
AC   0  F    TS     0 PTAMS 0x00000000cb500000 NTAMS 0x00000000cb500000 space 1024K,   0% used [0x00000000cb500000, 0x00000000cb600000)
AC   0  F    TS     9 PTAMS 0x00000000cb600000 NTAMS 0x00000000cb600000 space 1024K,   0% used [0x00000000cb600000, 0x00000000cb700000)
AC   0  F    TS     9 PTAMS 0x00000000cb700000 NTAMS 0x00000000cb700000 space 1024K,   0% used [0x00000000cb700000, 0x00000000cb800000)
AC   0  F    TS     9 PTAMS 0x00000000cb800000 NTAMS 0x00000000cb800000 space 1024K,   0% used [0x00000000cb800000, 0x00000000cb900000)
AC   0  F    TS     9 PTAMS 0x00000000cb900000 NTAMS 0x00000000cb900000 space 1024K,   0% used [0x00000000cb900000, 0x00000000cba00000)
AC   0  F    TS     9 PTAMS 0x00000000cba00000 NTAMS 0x00000000cba00000 space 1024K,   0% used [0x00000000cba00000, 0x00000000cbb00000)
AC   0  F    TS     9 PTAMS 0x00000000cbb00000 NTAMS 0x00000000cbb00000 space 1024K,   0% used [0x00000000cbb00000, 0x00000000cbc00000)
AC   0  F    TS     9 PTAMS 0x00000000cbc00000 NTAMS 0x00000000cbc00000 space 1024K,   0% used [0x00000000cbc00000, 0x00000000cbd00000)
AC   0  F    TS     9 PTAMS 0x00000000cbd00000 NTAMS 0x00000000cbd00000 space 1024K,   0% used [0x00000000cbd00000, 0x00000000cbe00000)
AC   0  F    TS     9 PTAMS 0x00000000cbe00000 NTAMS 0x00000000cbe00000 space 1024K,   0% used [0x00000000cbe00000, 0x00000000cbf00000)
AC   0  F    TS     9 PTAMS 0x00000000cbf00000 NTAMS 0x00000000cbf00000 space 1024K,   0% used [0x00000000cbf00000, 0x00000000cc000000)
AC   0  F    TS     9 PTAMS 0x00000000cc000000 NTAMS 0x00000000cc000000 space 1024K,   0% used [0x00000000cc000000, 0x00000000cc100000)
AC   0  F    TS     9 PTAMS 0x00000000cc100000 NTAMS 0x00000000cc100000 space 1024K,   0% used [0x00000000cc100000, 0x00000000cc200000)
AC   0  F    TS     9 PTAMS 0x00000000cc200000 NTAMS 0x00000000cc200000 space 1024K,   0% used [0x00000000cc200000, 0x00000000cc300000)
AC   0  F    TS     9 PTAMS 0x00000000cc300000 NTAMS 0x00000000cc300000 space 1024K,   0% used [0x00000000cc300000, 0x00000000cc400000)
AC   0  F    TS     9 PTAMS 0x00000000cc400000 NTAMS 0x00000000cc400000 space 1024K,   0% used [0x00000000cc400000, 0x00000000cc500000)
AC   0  F    TS     9 PTAMS 0x00000000cc500000 NTAMS 0x00000000cc500000 space 1024K,   0% used [0x00000000cc500000, 0x00000000cc600000)
AC   0  F    TS     9 PTAMS 0x00000000cc600000 NTAMS 0x00000000cc600000 space 1024K,   0% used [0x00000000cc600000, 0x00000000cc700000)
AC   0  F    TS     9 PTAMS 0x00000000cc700000 NTAMS 0x00000000cc700000 space 1024K,   0% used [0x00000000cc700000, 0x00000000cc800000)
AC   0  F    TS     9 PTAMS 0x00000000cc800000 NTAMS 0x00000000cc800000 space 1024K,   0% used [0x00000000cc800000, 0x00000000cc900000)
AC   0  F    TS     9 PTAMS 0x00000000cc900000 NTAMS 0x00000000cc900000 space 1024K,   0% used [0x00000000cc900000, 0x00000000cca00000)
AC   0  F    TS     9 PTAMS 0x00000000cca00000 NTAMS 0x00000000cca00000 space 1024K,   0% used [0x00000000cca00000, 0x00000000ccb00000)
AC   0  F    TS     9 PTAMS 0x00000000ccb00000 NTAMS 0x00000000ccb00000 space 1024K,   0% used [0x00000000ccb00000, 0x00000000ccc00000)
AC   0  F    TS     9 PTAMS 0x00000000ccc00000 NTAMS 0x00000000ccc00000 space 1024K,   0% used [0x00000000ccc00000, 0x00000000ccd00000)
AC   0  F    TS     9 PTAMS 0x00000000ccd00000 NTAMS 0x00000000ccd00000 space 1024K,   0% used [0x00000000ccd00000, 0x00000000cce00000)
AC   0  F    TS     9 PTAMS 0x00000000cce00000 NTAMS 0x00000000cce00000 space 1024K,   0% used [0x00000000cce00000, 0x00000000ccf00000)
AC   0  F    TS     9 PTAMS 0x00000000ccf00000 NTAMS 0x00000000ccf00000 space 1024K,   0% used [0x00000000ccf00000, 0x00000000cd000000)
AC   0  F    TS     9 PTAMS 0x00000000cd000000 NTAMS 0x00000000cd000000 space 1024K,   0% used [0x00000000cd000000, 0x00000000cd100000)
AC   0  F    TS     9 PTAMS 0x00000000cd100000 NTAMS 0x00000000cd100000 space 1024K,   0% used [0x00000000cd100000, 0x00000000cd200000)
AC   0  F    TS     9 PTAMS 0x00000000cd200000 NTAMS 0x00000000cd200000 space 1024K,   0% used [0x00000000cd200000, 0x00000000cd300000)
AC   0  F    TS     9 PTAMS 0x00000000cd300000 NTAMS 0x00000000cd300000 space 1024K,   0% used [0x00000000cd300000, 0x00000000cd400000)
AC   0  F    TS     9 PTAMS 0x00000000cd400000 NTAMS 0x00000000cd400000 space 1024K,   0% used [0x00000000cd400000, 0x00000000cd500000)
AC   0  F    TS     9 PTAMS 0x00000000cd500000 NTAMS 0x00000000cd500000 space 1024K,   0% used [0x00000000cd500000, 0x00000000cd600000)
AC   0  F    TS     9 PTAMS 0x00000000cd600000 NTAMS 0x00000000cd600000 space 1024K,   0% used [0x00000000cd600000, 0x00000000cd700000)
AC   0  F    TS     9 PTAMS 0x00000000cd700000 NTAMS 0x00000000cd700000 space 1024K,   0% used [0x00000000cd700000, 0x00000000cd800000)
AC   0  F    TS     9 PTAMS 0x00000000cd800000 NTAMS 0x00000000cd800000 space 1024K,   0% used [0x00000000cd800000, 0x00000000cd900000)
AC   0  F    TS     9 PTAMS 0x00000000cd900000 NTAMS 0x00000000cd900000 space 1024K,   0% used [0x00000000cd900000, 0x00000000cda00000)
AC   0  F    TS     9 PTAMS 0x00000000cda00000 NTAMS 0x00000000cda00000 space 1024K,   0% used [0x00000000cda00000, 0x00000000cdb00000)
AC   0  F    TS     9 PTAMS 0x00000000cdb00000 NTAMS 0x00000000cdb00000 space 1024K,   0% used [0x00000000cdb00000, 0x00000000cdc00000)
AC   0  F    TS     9 PTAMS 0x00000000cdc00000 NTAMS 0x00000000cdc00000 space 1024K,   0% used [0x00000000cdc00000, 0x00000000cdd00000)
AC   0  F    TS     9 PTAMS 0x00000000cdd00000 NTAMS 0x00000000cdd00000 space 1024K,   0% used [0x00000000cdd00000, 0x00000000cde00000)
AC   0  F    TS     9 PTAMS 0x00000000cde00000 NTAMS 0x00000000cde00000 space 1024K,   0% used [0x00000000cde00000, 0x00000000cdf00000)
AC   0  F    TS     9 PTAMS 0x00000000cdf00000 NTAMS 0x00000000cdf00000 space 1024K,   0% used [0x00000000cdf00000, 0x00000000ce000000)
AC   0  F    TS     9 PTAMS 0x00000000ce000000 NTAMS 0x00000000ce000000 space 1024K,   0% used [0x00000000ce000000, 0x00000000ce100000)
AC   0  F    TS     9 PTAMS 0x00000000ce100000 NTAMS 0x00000000ce100000 space 1024K,   0% used [0x00000000ce100000, 0x00000000ce200000)
AC   0  F    TS     9 PTAMS 0x00000000ce200000 NTAMS 0x00000000ce200000 space 1024K,   0% used [0x00000000ce200000, 0x00000000ce300000)
AC   0  F    TS     9 PTAMS 0x00000000ce300000 NTAMS 0x00000000ce300000 space 1024K,   0% used [0x00000000ce300000, 0x00000000ce400000)
AC   0  F    TS     9 PTAMS 0x00000000ce400000 NTAMS 0x00000000ce400000 space 1024K,   0% used [0x00000000ce400000, 0x00000000ce500000)
AC   0  F    TS     9 PTAMS 0x00000000ce500000 NTAMS 0x00000000ce500000 space 1024K,   0% used [0x00000000ce500000, 0x00000000ce600000)
AC   0  F    TS     9 PTAMS 0x00000000ce600000 NTAMS 0x00000000ce600000 space 1024K,   0% used [0x00000000ce600000, 0x00000000ce700000)
AC   0  F    TS     9 PTAMS 0x00000000ce700000 NTAMS 0x00000000ce700000 space 1024K,   0% used [0x00000000ce700000, 0x00000000ce800000)
AC   0  F    TS     9 PTAMS 0x00000000ce800000 NTAMS 0x00000000ce800000 space 1024K,   0% used [0x00000000ce800000, 0x00000000ce900000)
AC   0  F    TS     9 PTAMS 0x00000000ce900000 NTAMS 0x00000000ce900000 space 1024K,   0% used [0x00000000ce900000, 0x00000000cea00000)
AC   0  F    TS     9 PTAMS 0x00000000cea00000 NTAMS 0x00000000cea00000 space 1024K,   0% used [0x00000000cea00000, 0x00000000ceb00000)
AC   0  F    TS     9 PTAMS 0x00000000ceb00000 NTAMS 0x00000000ceb00000 space 1024K,   0% used [0x00000000ceb00000, 0x00000000cec00000)
AC   0  F    TS     9 PTAMS 0x00000000cec00000 NTAMS 0x00000000cec00000 space 1024K,   0% used [0x00000000cec00000, 0x00000000ced00000)
AC   0  F    TS     9 PTAMS 0x00000000ced00000 NTAMS 0x00000000ced00000 space 1024K,   0% used [0x00000000ced00000, 0x00000000cee00000)
AC   0  F    TS     9 PTAMS 0x00000000cee00000 NTAMS 0x00000000cee00000 space 1024K,   0% used [0x00000000cee00000, 0x00000000cef00000)
AC   0  F    TS     9 PTAMS 0x00000000cef00000 NTAMS 0x00000000cef00000 space 1024K,   0% used [0x00000000cef00000, 0x00000000cf000000)
AC   0  F    TS     9 PTAMS 0x00000000cf000000 NTAMS 0x00000000cf000000 space 1024K,   0% used [0x00000000cf000000, 0x00000000cf100000)
AC   0  F    TS     9 PTAMS 0x00000000cf100000 NTAMS 0x00000000cf100000 space 1024K,   0% used [0x00000000cf100000, 0x00000000cf200000)
AC   0  F    TS     9 PTAMS 0x00000000cf200000 NTAMS 0x00000000cf200000 space 1024K,   0% used [0x00000000cf200000, 0x00000000cf300000)
AC   0  F    TS     9 PTAMS 0x00000000cf300000 NTAMS 0x00000000cf300000 space 1024K,   0% used [0x00000000cf300000, 0x00000000cf400000)
AC   0  F    TS     9 PTAMS 0x00000000cf400000 NTAMS 0x00000000cf400000 space 1024K,   0% used [0x00000000cf400000, 0x00000000cf500000)
AC   0  F    TS     9 PTAMS 0x00000000cf500000 NTAMS 0x00000000cf500000 space 1024K,   0% used [0x00000000cf500000, 0x00000000cf600000)
AC   0  F    TS     9 PTAMS 0x00000000cf600000 NTAMS 0x00000000cf600000 space 1024K,   0% used [0x00000000cf600000, 0x00000000cf700000)
AC   0  F    TS     9 PTAMS 0x00000000cf700000 NTAMS 0x00000000cf700000 space 1024K,   0% used [0x00000000cf700000, 0x00000000cf800000)
AC   0  F    TS     9 PTAMS 0x00000000cf800000 NTAMS 0x00000000cf800000 space 1024K,   0% used [0x00000000cf800000, 0x00000000cf900000)
AC   0  F    TS     9 PTAMS 0x00000000cf900000 NTAMS 0x00000000cf900000 space 1024K,   0% used [0x00000000cf900000, 0x00000000cfa00000)
AC   0  F    TS     9 PTAMS 0x00000000cfa00000 NTAMS 0x00000000cfa00000 space 1024K,   0% used [0x00000000cfa00000, 0x00000000cfb00000)
AC   0  F    TS     9 PTAMS 0x00000000cfb00000 NTAMS 0x00000000cfb00000 space 1024K,   0% used [0x00000000cfb00000, 0x00000000cfc00000)
AC   0  F    TS     9 PTAMS 0x00000000cfc00000 NTAMS 0x00000000cfc00000 space 1024K,   0% used [0x00000000cfc00000, 0x00000000cfd00000)
AC   0  F    TS     9 PTAMS 0x00000000cfd00000 NTAMS 0x00000000cfd00000 space 1024K,   0% used [0x00000000cfd00000, 0x00000000cfe00000)
AC   0  F    TS     9 PTAMS 0x00000000cfe00000 NTAMS 0x00000000cfe00000 space 1024K,   0% used [0x00000000cfe00000, 0x00000000cff00000)
AC   0  F    TS     9 PTAMS 0x00000000cff00000 NTAMS 0x00000000cff00000 space 1024K,   0% used [0x00000000cff00000, 0x00000000d0000000)
AC   0  F    TS     9 PTAMS 0x00000000d0000000 NTAMS 0x00000000d0000000 space 1024K,   0% used [0x00000000d0000000, 0x00000000d0100000)
AC   0  F    TS     9 PTAMS 0x00000000d0100000 NTAMS 0x00000000d0100000 space 1024K,   0% used [0x00000000d0100000, 0x00000000d0200000)
AC   0  F    TS     9 PTAMS 0x00000000d0200000 NTAMS 0x00000000d0200000 space 1024K,   0% used [0x00000000d0200000, 0x00000000d0300000)
AC   0  F    TS     9 PTAMS 0x00000000d0300000 NTAMS 0x00000000d0300000 space 1024K,   0% used [0x00000000d0300000, 0x00000000d0400000)
AC   0  F    TS     9 PTAMS 0x00000000d0400000 NTAMS 0x00000000d0400000 space 1024K,   0% used [0x00000000d0400000, 0x00000000d0500000)
AC   0  F    TS     9 PTAMS 0x00000000d0500000 NTAMS 0x00000000d0500000 space 1024K,   0% used [0x00000000d0500000, 0x00000000d0600000)
AC   0  F    TS     9 PTAMS 0x00000000d0600000 NTAMS 0x00000000d0600000 space 1024K,   0% used [0x00000000d0600000, 0x00000000d0700000)
AC   0  F    TS     9 PTAMS 0x00000000d0700000 NTAMS 0x00000000d0700000 space 1024K,   0% used [0x00000000d0700000, 0x00000000d0800000)
AC   0  F    TS     9 PTAMS 0x00000000d0800000 NTAMS 0x00000000d0800000 space 1024K,   0% used [0x00000000d0800000, 0x00000000d0900000)
AC   0  F    TS     9 PTAMS 0x00000000d0900000 NTAMS 0x00000000d0900000 space 1024K,   0% used [0x00000000d0900000, 0x00000000d0a00000)
AC   0  F    TS     9 PTAMS 0x00000000d0a00000 NTAMS 0x00000000d0a00000 space 1024K,   0% used [0x00000000d0a00000, 0x00000000d0b00000)
AC   0  F    TS     9 PTAMS 0x00000000d0b00000 NTAMS 0x00000000d0b00000 space 1024K,   0% used [0x00000000d0b00000, 0x00000000d0c00000)
AC   0  F    TS     9 PTAMS 0x00000000d0c00000 NTAMS 0x00000000d0c00000 space 1024K,   0% used [0x00000000d0c00000, 0x00000000d0d00000)
AC   0  F    TS     9 PTAMS 0x00000000d0d00000 NTAMS 0x00000000d0d00000 space 1024K,   0% used [0x00000000d0d00000, 0x00000000d0e00000)
AC   0  F    TS     9 PTAMS 0x00000000d0e00000 NTAMS 0x00000000d0e00000 space 1024K,   0% used [0x00000000d0e00000, 0x00000000d0f00000)
AC   0  F    TS     9 PTAMS 0x00000000d0f00000 NTAMS 0x00000000d0f00000 space 1024K,   0% used [0x00000000d0f00000, 0x00000000d1000000)
AC   0  F    TS     9 PTAMS 0x00000000d1000000 NTAMS 0x00000000d1000000 space 1024K,   0% used [0x00000000d1000000, 0x00000000d1100000)
AC   0  F    TS     9 PTAMS 0x00000000d1100000 NTAMS 0x00000000d1100000 space 1024K,   0% used [0x00000000d1100000, 0x00000000d1200000)
AC   0  F    TS     9 PTAMS 0x00000000d1200000 NTAMS 0x00000000d1200000 space 1024K,   0% used [0x00000000d1200000, 0x00000000d1300000)
AC   0  F    TS     9 PTAMS 0x00000000d1300000 NTAMS 0x00000000d1300000 space 1024K,   0% used [0x00000000d1300000, 0x00000000d1400000)
AC   0  F    TS     9 PTAMS 0x00000000d1400000 NTAMS 0x00000000d1400000 space 1024K,   0% used [0x00000000d1400000, 0x00000000d1500000)
AC   0  F    TS     9 PTAMS 0x00000000d1500000 NTAMS 0x00000000d1500000 space 1024K,   0% used [0x00000000d1500000, 0x00000000d1600000)
AC   0  F    TS     9 PTAMS 0x00000000d1600000 NTAMS 0x00000000d1600000 space 1024K,   0% used [0x00000000d1600000, 0x00000000d1700000)
AC   0  F    TS     9 PTAMS 0x00000000d1700000 NTAMS 0x00000000d1700000 space 1024K,   0% used [0x00000000d1700000, 0x00000000d1800000)
AC   0  F    TS     9 PTAMS 0x00000000d1800000 NTAMS 0x00000000d1800000 space 1024K,   0% used [0x00000000d1800000, 0x00000000d1900000)
AC   0  E    TS     9 PTAMS 0x00000000d1900000 NTAMS 0x00000000d1900000 space 1024K,  83% used [0x00000000d1900000, 0x00000000d1a00000)
AC   0  E CS TS     9 PTAMS 0x00000000d1a00000 NTAMS 0x00000000d1a00000 space 1024K, 100% used [0x00000000d1a00000, 0x00000000d1b00000)
AC   0  E CS TS     9 PTAMS 0x00000000d1b00000 NTAMS 0x00000000d1b00000 space 1024K, 100% used [0x00000000d1b00000, 0x00000000d1c00000)
AC   0  E CS TS     9 PTAMS 0x00000000d1c00000 NTAMS 0x00000000d1c00000 space 1024K, 100% used [0x00000000d1c00000, 0x00000000d1d00000)
AC   0  E CS TS     9 PTAMS 0x00000000d1d00000 NTAMS 0x00000000d1d00000 space 1024K, 100% used [0x00000000d1d00000, 0x00000000d1e00000)
AC   0  E CS TS     9 PTAMS 0x00000000d1e00000 NTAMS 0x00000000d1e00000 space 1024K, 100% used [0x00000000d1e00000, 0x00000000d1f00000)
AC   0  E CS TS     9 PTAMS 0x00000000d1f00000 NTAMS 0x00000000d1f00000 space 1024K, 100% used [0x00000000d1f00000, 0x00000000d2000000)
AC   0  E CS TS     9 PTAMS 0x00000000d2000000 NTAMS 0x00000000d2000000 space 1024K, 100% used [0x00000000d2000000, 0x00000000d2100000)
AC   0  E CS TS     9 PTAMS 0x00000000d2100000 NTAMS 0x00000000d2100000 space 1024K, 100% used [0x00000000d2100000, 0x00000000d2200000)
AC   0  E CS TS     9 PTAMS 0x00000000d2200000 NTAMS 0x00000000d2200000 space 1024K, 100% used [0x00000000d2200000, 0x00000000d2300000)
AC   0  E CS TS     9 PTAMS 0x00000000d2300000 NTAMS 0x00000000d2300000 space 1024K, 100% used [0x00000000d2300000, 0x00000000d2400000)
AC   0  E CS TS     9 PTAMS 0x00000000d2400000 NTAMS 0x00000000d2400000 space 1024K, 100% used [0x00000000d2400000, 0x00000000d2500000)
AC   0  E CS TS     9 PTAMS 0x00000000d2500000 NTAMS 0x00000000d2500000 space 1024K, 100% used [0x00000000d2500000, 0x00000000d2600000)
AC   0  E CS TS     9 PTAMS 0x00000000d2600000 NTAMS 0x00000000d2600000 space 1024K, 100% used [0x00000000d2600000, 0x00000000d2700000)
AC   0  E CS TS     9 PTAMS 0x00000000d2700000 NTAMS 0x00000000d2700000 space 1024K, 100% used [0x00000000d2700000, 0x00000000d2800000)
AC   0  E CS TS     9 PTAMS 0x00000000d2800000 NTAMS 0x00000000d2800000 space 1024K, 100% used [0x00000000d2800000, 0x00000000d2900000)
AC   0  E CS TS     9 PTAMS 0x00000000d2900000 NTAMS 0x00000000d2900000 space 1024K, 100% used [0x00000000d2900000, 0x00000000d2a00000)
AC   0  E CS TS     9 PTAMS 0x00000000d2a00000 NTAMS 0x00000000d2a00000 space 1024K, 100% used [0x00000000d2a00000, 0x00000000d2b00000)
AC   0  E CS TS     9 PTAMS 0x00000000d2b00000 NTAMS 0x00000000d2b00000 space 1024K, 100% used [0x00000000d2b00000, 0x00000000d2c00000)
AC   0  E CS TS     9 PTAMS 0x00000000d2c00000 NTAMS 0x00000000d2c00000 space 1024K, 100% used [0x00000000d2c00000, 0x00000000d2d00000)
AC   0  E CS TS     9 PTAMS 0x00000000d2d00000 NTAMS 0x00000000d2d00000 space 1024K, 100% used [0x00000000d2d00000, 0x00000000d2e00000)
AC   0  E CS TS     9 PTAMS 0x00000000d2e00000 NTAMS 0x00000000d2e00000 space 1024K, 100% used [0x00000000d2e00000, 0x00000000d2f00000)
AC   0  E CS TS     9 PTAMS 0x00000000d2f00000 NTAMS 0x00000000d2f00000 space 1024K, 100% used [0x00000000d2f00000, 0x00000000d3000000)
AC   0  E CS TS     9 PTAMS 0x00000000d3000000 NTAMS 0x00000000d3000000 space 1024K, 100% used [0x00000000d3000000, 0x00000000d3100000)
AC   0  E CS TS     9 PTAMS 0x00000000d3100000 NTAMS 0x00000000d3100000 space 1024K, 100% used [0x00000000d3100000, 0x00000000d3200000)
AC   0  E CS TS     9 PTAMS 0x00000000d3200000 NTAMS 0x00000000d3200000 space 1024K, 100% used [0x00000000d3200000, 0x00000000d3300000)
AC   0  E CS TS     9 PTAMS 0x00000000d3300000 NTAMS 0x00000000d3300000 space 1024K, 100% used [0x00000000d3300000, 0x00000000d3400000)
AC   0  E CS TS     9 PTAMS 0x00000000d3400000 NTAMS 0x00000000d3400000 space 1024K, 100% used [0x00000000d3400000, 0x00000000d3500000)
AC   0  E CS TS     9 PTAMS 0x00000000d3500000 NTAMS 0x00000000d3500000 space 1024K, 100% used [0x00000000d3500000, 0x00000000d3600000)
AC   0  E CS TS     9 PTAMS 0x00000000d3600000 NTAMS 0x00000000d3600000 space 1024K, 100% used [0x00000000d3600000, 0x00000000d3700000)
AC   0  E CS TS     9 PTAMS 0x00000000d3700000 NTAMS 0x00000000d3700000 space 1024K, 100% used [0x00000000d3700000, 0x00000000d3800000)
AC   0  E CS TS     9 PTAMS 0x00000000d3800000 NTAMS 0x00000000d3800000 space 1024K, 100% used [0x00000000d3800000, 0x00000000d3900000)
AC   0  E CS TS     9 PTAMS 0x00000000d3900000 NTAMS 0x00000000d3900000 space 1024K, 100% used [0x00000000d3900000, 0x00000000d3a00000)
AC   0  E CS TS     9 PTAMS 0x00000000d3a00000 NTAMS 0x00000000d3a00000 space 1024K, 100% used [0x00000000d3a00000, 0x00000000d3b00000)
AC   0  E CS TS     9 PTAMS 0x00000000d3b00000 NTAMS 0x00000000d3b00000 space 1024K, 100% used [0x00000000d3b00000, 0x00000000d3c00000)
AC   0  E CS TS     9 PTAMS 0x00000000d3c00000 NTAMS 0x00000000d3c00000 space 1024K, 100% used [0x00000000d3c00000, 0x00000000d3d00000)
AC   0  E CS TS     9 PTAMS 0x00000000d3d00000 NTAMS 0x00000000d3d00000 space 1024K, 100% used [0x00000000d3d00000, 0x00000000d3e00000)
AC   0  E CS TS     9 PTAMS 0x00000000d3e00000 NTAMS 0x00000000d3e00000 space 1024K, 100% used [0x00000000d3e00000, 0x00000000d3f00000)
AC   0  E CS TS     9 PTAMS 0x00000000d3f00000 NTAMS 0x00000000d3f00000 space 1024K, 100% used [0x00000000d3f00000, 0x00000000d4000000)
AC   0  E CS TS     9 PTAMS 0x00000000d4000000 NTAMS 0x00000000d4000000 space 1024K, 100% used [0x00000000d4000000, 0x00000000d4100000)
AC   0  E CS TS     9 PTAMS 0x00000000d4100000 NTAMS 0x00000000d4100000 space 1024K, 100% used [0x00000000d4100000, 0x00000000d4200000)
AC   0  E CS TS     9 PTAMS 0x00000000d4200000 NTAMS 0x00000000d4200000 space 1024K, 100% used [0x00000000d4200000, 0x00000000d4300000)
AC   0  E CS TS     9 PTAMS 0x00000000d4300000 NTAMS 0x00000000d4300000 space 1024K, 100% used [0x00000000d4300000, 0x00000000d4400000)
AC   0  E CS TS     9 PTAMS 0x00000000d4400000 NTAMS 0x00000000d4400000 space 1024K, 100% used [0x00000000d4400000, 0x00000000d4500000)
AC   0  E CS TS     9 PTAMS 0x00000000d4500000 NTAMS 0x00000000d4500000 space 1024K, 100% used [0x00000000d4500000, 0x00000000d4600000)
AC   0  E CS TS     9 PTAMS 0x00000000d4600000 NTAMS 0x00000000d4600000 space 1024K, 100% used [0x00000000d4600000, 0x00000000d4700000)
AC   0  E CS TS     9 PTAMS 0x00000000d4700000 NTAMS 0x00000000d4700000 space 1024K, 100% used [0x00000000d4700000, 0x00000000d4800000)
AC   0  E CS TS     9 PTAMS 0x00000000d4800000 NTAMS 0x00000000d4800000 space 1024K, 100% used [0x00000000d4800000, 0x00000000d4900000)
AC   0  E CS TS     9 PTAMS 0x00000000d4900000 NTAMS 0x00000000d4900000 space 1024K, 100% used [0x00000000d4900000, 0x00000000d4a00000)
AC   0  E CS TS     9 PTAMS 0x00000000d4a00000 NTAMS 0x00000000d4a00000 space 1024K, 100% used [0x00000000d4a00000, 0x00000000d4b00000)
AC   0  E CS TS     9 PTAMS 0x00000000d4b00000 NTAMS 0x00000000d4b00000 space 1024K, 100% used [0x00000000d4b00000, 0x00000000d4c00000)
AC   0  E CS TS     9 PTAMS 0x00000000d4c00000 NTAMS 0x00000000d4c00000 space 1024K, 100% used [0x00000000d4c00000, 0x00000000d4d00000)
AC   0  E CS TS     9 PTAMS 0x00000000d4d00000 NTAMS 0x00000000d4d00000 space 1024K, 100% used [0x00000000d4d00000, 0x00000000d4e00000)
AC   0  E CS TS     9 PTAMS 0x00000000d4e00000 NTAMS 0x00000000d4e00000 space 1024K, 100% used [0x00000000d4e00000, 0x00000000d4f00000)
AC   0  E CS TS     9 PTAMS 0x00000000d4f00000 NTAMS 0x00000000d4f00000 space 1024K, 100% used [0x00000000d4f00000, 0x00000000d5000000)
AC   0  E CS TS     9 PTAMS 0x00000000d5000000 NTAMS 0x00000000d5000000 space 1024K, 100% used [0x00000000d5000000, 0x00000000d5100000)
AC   0  E CS TS     9 PTAMS 0x00000000d5100000 NTAMS 0x00000000d5100000 space 1024K, 100% used [0x00000000d5100000, 0x00000000d5200000)
AC   0  E CS TS     9 PTAMS 0x00000000d5200000 NTAMS 0x00000000d5200000 space 1024K, 100% used [0x00000000d5200000, 0x00000000d5300000)
AC   0  E CS TS     9 PTAMS 0x00000000d5300000 NTAMS 0x00000000d5300000 space 1024K, 100% used [0x00000000d5300000, 0x00000000d5400000)
AC   0  E CS TS     9 PTAMS 0x00000000d5400000 NTAMS 0x00000000d5400000 space 1024K, 100% used [0x00000000d5400000, 0x00000000d5500000)
AC   0  E CS TS     9 PTAMS 0x00000000d5500000 NTAMS 0x00000000d5500000 space 1024K, 100% used [0x00000000d5500000, 0x00000000d5600000)
AC   0  E CS TS     9 PTAMS 0x00000000d5600000 NTAMS 0x00000000d5600000 space 1024K, 100% used [0x00000000d5600000, 0x00000000d5700000)
AC   0  E CS TS     9 PTAMS 0x00000000d5700000 NTAMS 0x00000000d5700000 space 1024K, 100% used [0x00000000d5700000, 0x00000000d5800000)
AC   0  E CS TS     9 PTAMS 0x00000000d5800000 NTAMS 0x00000000d5800000 space 1024K, 100% used [0x00000000d5800000, 0x00000000d5900000)
AC   0  E CS TS     9 PTAMS 0x00000000d5900000 NTAMS 0x00000000d5900000 space 1024K, 100% used [0x00000000d5900000, 0x00000000d5a00000)
AC   0  E CS TS     9 PTAMS 0x00000000d5a00000 NTAMS 0x00000000d5a00000 space 1024K, 100% used [0x00000000d5a00000, 0x00000000d5b00000)
AC   0  E CS TS     9 PTAMS 0x00000000d5b00000 NTAMS 0x00000000d5b00000 space 1024K, 100% used [0x00000000d5b00000, 0x00000000d5c00000)
AC   0  E CS TS     9 PTAMS 0x00000000d5c00000 NTAMS 0x00000000d5c00000 space 1024K, 100% used [0x00000000d5c00000, 0x00000000d5d00000)
AC   0  E CS TS     9 PTAMS 0x00000000d5d00000 NTAMS 0x00000000d5d00000 space 1024K, 100% used [0x00000000d5d00000, 0x00000000d5e00000)
AC   0  E CS TS     9 PTAMS 0x00000000d5e00000 NTAMS 0x00000000d5e00000 space 1024K, 100% used [0x00000000d5e00000, 0x00000000d5f00000)

Card table byte_map: [0x00000000142b0000,0x00000000144b0000] byte_map_base: 0x0000000013cb0000

Marking Bits (Prev, Next): (CMBitMap*) 0x0000000002aac348, (CMBitMap*) 0x0000000002aac3a0
 Prev Bits: [0x00000000146b0000, 0x00000000156b0000)
 Next Bits: [0x00000000156b0000, 0x00000000166b0000)

Polling page: 0x0000000000b80000

CodeCache: size=245760Kb used=17670Kb max_used=18842Kb free=228089Kb
 bounds [0x0000000002b50000, 0x0000000003e20000, 0x0000000011b50000]
 total_blobs=5592 nmethods=5016 adapters=485
 compilation: enabled

Compilation events (10 events):
Event: 4.979 Thread 0x0000000019966000 5934       3       java.net.URI::toString (60 bytes)
Event: 4.980 Thread 0x0000000019966000 nmethod 5934 0x0000000003a6db90 code [0x0000000003a6de00, 0x0000000003a6f3f8]
Event: 4.980 Thread 0x0000000019966000 5935       3       java.net.URI::appendFragment (27 bytes)
Event: 4.980 Thread 0x0000000019966000 nmethod 5935 0x0000000002fb7dd0 code [0x0000000002fb7fc0, 0x0000000002fb8bb8]
Event: 4.980 Thread 0x0000000019966000 5936       3       java.net.URI::checkPath (37 bytes)
Event: 4.980 Thread 0x0000000019966000 nmethod 5936 0x0000000003278810 code [0x00000000032789c0, 0x0000000003278f38]
Event: 4.980 Thread 0x0000000019966000 5938       3       java.io.BufferedReader::readLine (6 bytes)
Event: 4.980 Thread 0x0000000019966000 nmethod 5938 0x0000000002e7ed50 code [0x0000000002e7eec0, 0x0000000002e7f0c8]
Event: 4.980 Thread 0x0000000019966000 5937       3       java.nio.charset.Charset::forName (20 bytes)
Event: 4.980 Thread 0x0000000019966000 nmethod 5937 0x00000000032dc910 code [0x00000000032dca80, 0x00000000032dccb8]

GC Heap History (10 events):
Event: 4.196 GC heap before
{Heap before GC invocations=16 (full 0):
 garbage-first heap   total 186368K, used 133632K [0x00000000c0000000, 0x00000000c01005b0, 0x0000000100000000)
  region size 1024K, 40 young (40960K), 6 survivors (6144K)
 Metaspace       used 44181K, capacity 46938K, committed 47184K, reserved 1091584K
  class space    used 4697K, capacity 5498K, committed 5504K, reserved 1048576K
Event: 4.201 GC heap after
Heap after GC invocations=17 (full 0):
 garbage-first heap   total 186368K, used 97605K [0x00000000c0000000, 0x00000000c01005b0, 0x0000000100000000)
  region size 1024K, 5 young (5120K), 5 survivors (5120K)
 Metaspace       used 44181K, capacity 46938K, committed 47184K, reserved 1091584K
  class space    used 4697K, capacity 5498K, committed 5504K, reserved 1048576K
}
Event: 4.228 GC heap before
{Heap before GC invocations=17 (full 0):
 garbage-first heap   total 186368K, used 101701K [0x00000000c0000000, 0x00000000c01005b0, 0x0000000100000000)
  region size 1024K, 9 young (9216K), 5 survivors (5120K)
 Metaspace       used 44634K, capacity 47408K, committed 47568K, reserved 1091584K
  class space    used 4720K, capacity 5567K, committed 5632K, reserved 1048576K
Event: 4.237 GC heap after
Heap after GC invocations=18 (full 0):
 garbage-first heap   total 186368K, used 86744K [0x00000000c0000000, 0x00000000c01005b0, 0x0000000100000000)
  region size 1024K, 2 young (2048K), 2 survivors (2048K)
 Metaspace       used 44634K, capacity 47408K, committed 47568K, reserved 1091584K
  class space    used 4720K, capacity 5567K, committed 5632K, reserved 1048576K
}
Event: 4.250 GC heap before
{Heap before GC invocations=18 (full 0):
 garbage-first heap   total 186368K, used 93912K [0x00000000c0000000, 0x00000000c01005b0, 0x0000000100000000)
  region size 1024K, 9 young (9216K), 2 survivors (2048K)
 Metaspace       used 44634K, capacity 47408K, committed 47568K, reserved 1091584K
  class space    used 4720K, capacity 5567K, committed 5632K, reserved 1048576K
Event: 4.263 GC heap after
Heap after GC invocations=19 (full 0):
 garbage-first heap   total 186368K, used 81408K [0x00000000c0000000, 0x00000000c01005b0, 0x0000000100000000)
  region size 1024K, 2 young (2048K), 2 survivors (2048K)
 Metaspace       used 44634K, capacity 47408K, committed 47568K, reserved 1091584K
  class space    used 4720K, capacity 5567K, committed 5632K, reserved 1048576K
}
Event: 4.275 GC heap before
{Heap before GC invocations=19 (full 0):
 garbage-first heap   total 186368K, used 88576K [0x00000000c0000000, 0x00000000c01005b0, 0x0000000100000000)
  region size 1024K, 9 young (9216K), 2 survivors (2048K)
 Metaspace       used 44634K, capacity 47408K, committed 47568K, reserved 1091584K
  class space    used 4720K, capacity 5567K, committed 5632K, reserved 1048576K
Event: 4.288 GC heap after
Heap after GC invocations=20 (full 0):
 garbage-first heap   total 186368K, used 78848K [0x00000000c0000000, 0x00000000c01005b0, 0x0000000100000000)
  region size 1024K, 2 young (2048K), 2 survivors (2048K)
 Metaspace       used 44634K, capacity 47408K, committed 47568K, reserved 1091584K
  class space    used 4720K, capacity 5567K, committed 5632K, reserved 1048576K
}
Event: 4.625 GC heap before
{Heap before GC invocations=20 (full 0):
 garbage-first heap   total 186368K, used 150528K [0x00000000c0000000, 0x00000000c01005b0, 0x0000000100000000)
  region size 1024K, 72 young (73728K), 2 survivors (2048K)
 Metaspace       used 46813K, capacity 49614K, committed 49744K, reserved 1093632K
  class space    used 4899K, capacity 5744K, committed 5760K, reserved 1048576K
Event: 4.634 GC heap after
Heap after GC invocations=21 (full 0):
 garbage-first heap   total 359424K, used 82377K [0x00000000c0000000, 0x00000000c0100af8, 0x0000000100000000)
  region size 1024K, 6 young (6144K), 6 survivors (6144K)
 Metaspace       used 46813K, capacity 49614K, committed 49744K, reserved 1093632K
  class space    used 4899K, capacity 5744K, committed 5760K, reserved 1048576K
}

Deoptimization events (10 events):
Event: 4.823 Thread 0x00000000232a0800 Uncommon trap: reason=bimorphic action=maybe_recompile pc=0x0000000003405314 method=java.io.DataOutputStream.writeByte(I)V @ 5
Event: 4.920 Thread 0x000000001d9a6800 Uncommon trap: reason=unstable_if action=reinterpret pc=0x00000000032d8f50 method=org.eclipse.jdt.internal.compiler.parser.Scanner.internalScanIdentifierOrKeyword(II[C)I @ 1352
Event: 4.925 Thread 0x000000001d9a6800 Uncommon trap: reason=class_check action=maybe_recompile pc=0x00000000038944a0 method=org.eclipse.jdt.internal.compiler.parser.Parser.consumeRule(I)V @ 4444
Event: 4.925 Thread 0x000000001d9a6800 Uncommon trap: reason=class_check action=maybe_recompile pc=0x000000000389446c method=org.eclipse.jdt.internal.compiler.parser.Parser.consumeRule(I)V @ 4430
Event: 4.926 Thread 0x000000001d9a6800 Uncommon trap: reason=class_check action=maybe_recompile pc=0x00000000038944a0 method=org.eclipse.jdt.internal.compiler.parser.Parser.consumeRule(I)V @ 4444
Event: 4.926 Thread 0x000000001d9a6800 Uncommon trap: reason=class_check action=maybe_recompile pc=0x000000000389446c method=org.eclipse.jdt.internal.compiler.parser.Parser.consumeRule(I)V @ 4430
Event: 4.926 Thread 0x000000001d9a6800 Uncommon trap: reason=unstable_if action=reinterpret pc=0x00000000039fcea0 method=org.eclipse.jdt.internal.compiler.parser.Scanner.getNextToken0()I @ 2217
Event: 4.951 Thread 0x000000001d9a6800 Uncommon trap: reason=unstable_if action=reinterpret pc=0x00000000031439d4 method=org.eclipse.jdt.internal.compiler.util.HashtableOfType.get([C)Lorg/eclipse/jdt/internal/compiler/lookup/ReferenceBinding; @ 34
Event: 4.957 Thread 0x000000001d9a6800 Uncommon trap: reason=unstable_if action=reinterpret pc=0x0000000002f52c90 method=org.eclipse.jdt.internal.compiler.classfmt.ClassFileStruct.utf8At(II)[C @ 46
Event: 4.966 Thread 0x000000001d9a6800 Uncommon trap: reason=unstable_if action=reinterpret pc=0x00000000031a16dc method=org.eclipse.jdt.internal.compiler.lookup.LookupEnvironment.convertUnresolvedBinaryToRawType(Lorg/eclipse/jdt/internal/compiler/lookup/TypeBinding;)Lorg/eclipse/jdt/internal/

Classes redefined (0 events):
No events

Internal exceptions (10 events):
Event: 4.928 Thread 0x000000001d9a6800 Exception <a 'java/lang/ArrayIndexOutOfBoundsException': 259> (0x00000000d1e1d098) thrown at [C:\re\workspace\8-2-build-windows-amd64-cygwin\jdk8u221\13320\hotspot\src\share\vm\interpreter\interpreterRuntime.cpp, line 368]
Event: 4.930 Thread 0x000000001d9a6800 Exception <a 'java/lang/ArrayIndexOutOfBoundsException': 1834> (0x00000000d1e22f50) thrown at [C:\re\workspace\8-2-build-windows-amd64-cygwin\jdk8u221\13320\hotspot\src\share\vm\interpreter\interpreterRuntime.cpp, line 368]
Event: 4.931 Thread 0x000000001d9a6800 Exception <a 'java/lang/ArrayIndexOutOfBoundsException': 2510> (0x00000000d1e26048) thrown at [C:\re\workspace\8-2-build-windows-amd64-cygwin\jdk8u221\13320\hotspot\src\share\vm\interpreter\interpreterRuntime.cpp, line 368]
Event: 4.931 Thread 0x000000001d9a6800 Exception <a 'java/lang/ArrayIndexOutOfBoundsException': 691> (0x00000000d1e28078) thrown at [C:\re\workspace\8-2-build-windows-amd64-cygwin\jdk8u221\13320\hotspot\src\share\vm\interpreter\interpreterRuntime.cpp, line 368]
Event: 4.932 Thread 0x000000001d9a6800 Exception <a 'java/lang/ArrayIndexOutOfBoundsException': 5923> (0x00000000d1e2d970) thrown at [C:\re\workspace\8-2-build-windows-amd64-cygwin\jdk8u221\13320\hotspot\src\share\vm\interpreter\interpreterRuntime.cpp, line 368]
Event: 4.933 Thread 0x000000001d9a6800 Exception <a 'java/lang/ArrayIndexOutOfBoundsException': 455> (0x00000000d1e2f6b8) thrown at [C:\re\workspace\8-2-build-windows-amd64-cygwin\jdk8u221\13320\hotspot\src\share\vm\interpreter\interpreterRuntime.cpp, line 368]
Event: 4.933 Thread 0x000000001d9a6800 Exception <a 'java/lang/ArrayIndexOutOfBoundsException': 589> (0x00000000d1e32718) thrown at [C:\re\workspace\8-2-build-windows-amd64-cygwin\jdk8u221\13320\hotspot\src\share\vm\interpreter\interpreterRuntime.cpp, line 368]
Event: 4.934 Thread 0x000000001d9a6800 Exception <a 'java/lang/ArrayIndexOutOfBoundsException': 663> (0x00000000d1e33d18) thrown at [C:\re\workspace\8-2-build-windows-amd64-cygwin\jdk8u221\13320\hotspot\src\share\vm\interpreter\interpreterRuntime.cpp, line 368]
Event: 4.934 Thread 0x000000001d9a6800 Exception <a 'java/lang/ArrayIndexOutOfBoundsException': 1033> (0x00000000d1e356c8) thrown at [C:\re\workspace\8-2-build-windows-amd64-cygwin\jdk8u221\13320\hotspot\src\share\vm\interpreter\interpreterRuntime.cpp, line 368]
Event: 4.934 Thread 0x000000001d9a6800 Exception <a 'java/lang/ArrayIndexOutOfBoundsException': 1269> (0x00000000d1e37aa8) thrown at [C:\re\workspace\8-2-build-windows-amd64-cygwin\jdk8u221\13320\hotspot\src\share\vm\interpreter\interpreterRuntime.cpp, line 368]

Events (10 events):
Event: 4.973 loading class lombok/launch/ShadowClassLoader
Event: 4.973 loading class lombok/launch/ShadowClassLoader done
Event: 4.973 loading class lombok/launch/ShadowClassLoader
Event: 4.973 loading class lombok/launch/ShadowClassLoader done
Event: 4.975 loading class java/util/WeakHashMap$EntrySet
Event: 4.976 loading class java/util/WeakHashMap$EntrySet done
Event: 4.976 loading class java/util/WeakHashMap$EntryIterator
Event: 4.976 loading class java/util/WeakHashMap$EntryIterator done
Event: 4.979 Thread 0x000000001d9a6800 DEOPT PACKING pc=0x0000000003113f37 sp=0x000000001ed69200
Event: 4.979 Thread 0x000000001d9a6800 DEOPT UNPACKING pc=0x0000000002b97890 sp=0x000000001ed69078 mode 0


Dynamic libraries:
0x00007ff6df260000 - 0x00007ff6df297000 	D:\Program Files\Java\jdk1.8.0_221\bin\java.exe
0x00007ff995f50000 - 0x00007ff996131000 	C:\WINDOWS\SYSTEM32\ntdll.dll
0x00007ff994340000 - 0x00007ff9943f1000 	C:\WINDOWS\System32\KERNEL32.DLL
0x00007ff9929a0000 - 0x00007ff992c13000 	C:\WINDOWS\System32\KERNELBASE.dll
0x00007ff993580000 - 0x00007ff993621000 	C:\WINDOWS\System32\ADVAPI32.dll
0x00007ff993dd0000 - 0x00007ff993e6e000 	C:\WINDOWS\System32\msvcrt.dll
0x00007ff993690000 - 0x00007ff9936eb000 	C:\WINDOWS\System32\sechost.dll
0x00007ff994700000 - 0x00007ff994824000 	C:\WINDOWS\System32\RPCRT4.dll
0x00007ff995c70000 - 0x00007ff995e00000 	C:\WINDOWS\System32\USER32.dll
0x00007ff992980000 - 0x00007ff9929a0000 	C:\WINDOWS\System32\win32u.dll
0x00007ff994490000 - 0x00007ff9944b8000 	C:\WINDOWS\System32\GDI32.dll
0x00007ff992740000 - 0x00007ff9928d1000 	C:\WINDOWS\System32\gdi32full.dll
0x00007ff9928e0000 - 0x00007ff99297f000 	C:\WINDOWS\System32\msvcp_win.dll
0x00007ff992320000 - 0x00007ff992418000 	C:\WINDOWS\System32\ucrtbase.dll
0x00007ff985d80000 - 0x00007ff985fe9000 	C:\WINDOWS\WinSxS\amd64_microsoft.windows.common-controls_6595b64144ccf1df_6.0.17134.915_none_fb42a6293065514f\COMCTL32.dll
0x00007ff9937e0000 - 0x00007ff993b02000 	C:\WINDOWS\System32\combase.dll
0x00007ff992420000 - 0x00007ff992499000 	C:\WINDOWS\System32\bcryptPrimitives.dll
0x00007ff9946d0000 - 0x00007ff9946fd000 	C:\WINDOWS\System32\IMM32.DLL
0x00000000682f0000 - 0x00000000683c2000 	D:\Program Files\Java\jdk1.8.0_221\jre\bin\msvcr100.dll
0x0000000067a40000 - 0x00000000682e5000 	D:\Program Files\Java\jdk1.8.0_221\jre\bin\server\jvm.dll
0x00007ff995f10000 - 0x00007ff995f18000 	C:\WINDOWS\System32\PSAPI.DLL
0x00007ff9904c0000 - 0x00007ff9904e3000 	C:\WINDOWS\SYSTEM32\WINMM.dll
0x00007ff98d1b0000 - 0x00007ff98d1ba000 	C:\WINDOWS\SYSTEM32\VERSION.dll
0x00007ff97dbb0000 - 0x00007ff97dbb9000 	C:\WINDOWS\SYSTEM32\WSOCK32.dll
0x00007ff994400000 - 0x00007ff99446c000 	C:\WINDOWS\System32\WS2_32.dll
0x00007ff990490000 - 0x00007ff9904ba000 	C:\WINDOWS\SYSTEM32\winmmbase.dll
0x00007ff992c80000 - 0x00007ff992cc9000 	C:\WINDOWS\System32\cfgmgr32.dll
0x00007ff98ecc0000 - 0x00007ff98eccf000 	D:\Program Files\Java\jdk1.8.0_221\jre\bin\verify.dll
0x00007ff98ec90000 - 0x00007ff98ecb9000 	D:\Program Files\Java\jdk1.8.0_221\jre\bin\java.dll
0x00007ff98ebf0000 - 0x00007ff98ec06000 	D:\Program Files\Java\jdk1.8.0_221\jre\bin\zip.dll
0x00007ff994830000 - 0x00007ff995c70000 	C:\WINDOWS\System32\SHELL32.dll
0x00007ff995e60000 - 0x00007ff995f09000 	C:\WINDOWS\System32\shcore.dll
0x00007ff992cd0000 - 0x00007ff9933dd000 	C:\WINDOWS\System32\windows.storage.dll
0x00007ff995e00000 - 0x00007ff995e51000 	C:\WINDOWS\System32\shlwapi.dll
0x00007ff992300000 - 0x00007ff992311000 	C:\WINDOWS\System32\kernel.appcore.dll
0x00007ff9922d0000 - 0x00007ff9922ef000 	C:\WINDOWS\System32\profapi.dll
0x00007ff992260000 - 0x00007ff9922ac000 	C:\WINDOWS\System32\powrprof.dll
0x00007ff9922f0000 - 0x00007ff9922fa000 	C:\WINDOWS\System32\FLTLIB.DLL
0x00007ff991c50000 - 0x00007ff991c67000 	C:\WINDOWS\SYSTEM32\CRYPTSP.dll
0x00007ff991650000 - 0x00007ff991683000 	C:\WINDOWS\system32\rsaenh.dll
0x00007ff991d80000 - 0x00007ff991da5000 	C:\WINDOWS\SYSTEM32\bcrypt.dll
0x00007ff992160000 - 0x00007ff992188000 	C:\WINDOWS\SYSTEM32\USERENV.dll
0x00007ff991c70000 - 0x00007ff991c7b000 	C:\WINDOWS\SYSTEM32\CRYPTBASE.dll
0x00007ff98d510000 - 0x00007ff98d52a000 	D:\Program Files\java\jdk1.8.0_221\jre\bin\net.dll
0x00007ff9839c0000 - 0x00007ff983b89000 	C:\WINDOWS\SYSTEM32\urlmon.dll
0x00007ff983d40000 - 0x00007ff983fe6000 	C:\WINDOWS\SYSTEM32\iertutil.dll
0x00007ff991aa0000 - 0x00007ff991b06000 	C:\WINDOWS\system32\mswsock.dll
0x00007ff9917f0000 - 0x00007ff991828000 	C:\WINDOWS\SYSTEM32\IPHLPAPI.DLL
0x00007ff993b10000 - 0x00007ff993b18000 	C:\WINDOWS\System32\NSI.dll
0x00007ff98ca30000 - 0x00007ff98ca46000 	C:\WINDOWS\SYSTEM32\dhcpcsvc6.DLL
0x00007ff98c9c0000 - 0x00007ff98c9da000 	C:\WINDOWS\SYSTEM32\dhcpcsvc.DLL
0x00007ff98ac70000 - 0x00007ff98ac82000 	D:\Program Files\java\jdk1.8.0_221\jre\bin\nio.dll
0x00007ff9804f0000 - 0x00007ff980519000 	C:\Users\Administrator\.vscode\extensions\redhat.java-0.52.0\server\config_win\org.eclipse.equinox.launcher\org.eclipse.equinox.launcher.win32.win32.x86_64_1.1.1100.v20190907-0426\eclipse_1902.dll
0x00007ff981670000 - 0x00007ff981681000 	C:\Users\Administrator\.vscode\extensions\redhat.java-0.52.0\server\config_win\org.eclipse.osgi\21\0\.cp\jWinHttp-1.0.0.dll
0x00007ff9944c0000 - 0x00007ff994611000 	C:\WINDOWS\System32\ole32.dll
0x00007ff98cc50000 - 0x00007ff98cd2d000 	C:\WINDOWS\SYSTEM32\WINHTTP.dll
0x00007ff980450000 - 0x00007ff980474000 	D:\Program Files\java\jdk1.8.0_221\jre\bin\sunec.dll

VM Arguments:
jvm_args: -Declipse.application=org.eclipse.jdt.ls.core.id1 -Dosgi.bundles.defaultStartLevel=4 -Declipse.product=org.eclipse.jdt.ls.core.product -Dfile.encoding=utf8 -DwatchParentProcess=false -Xverify:none -Xmx1G -XX:+UseG1GC -XX:+UseStringDeduplication 
java_command: c:\Users\Administrator\.vscode\extensions\redhat.java-0.52.0\server\plugins\org.eclipse.equinox.launcher_1.5.600.v20191014-2022.jar -configuration c:\Users\Administrator\.vscode\extensions\redhat.java-0.52.0\server\config_win -data c:\Users\Administrator\AppData\Roaming\Code\User\workspaceStorage\2143a23426e83754f800428ec6d464da\redhat.java\jdt_ws
java_class_path (initial): c:\Users\Administrator\.vscode\extensions\redhat.java-0.52.0\server\plugins\org.eclipse.equinox.launcher_1.5.600.v20191014-2022.jar
Launcher Type: SUN_STANDARD

Environment Variables:
JAVA_HOME=C:\Java\jdk1.8.0_191
PATH=C:\Program Files (x86)\Common Files\Oracle\Java\javapath;C:\Java\jdk1.8.0_191\bin;C:\Windows\system32;C:\Windows;C:\Windows\System32\Wbem;C:\Windows\System32\WindowsPowerShell\v1.0\;C:\Program Files (x86)\NVIDIA Corporation\PhysX\Common;C:\WINDOWS\system32;C:\WINDOWS;C:\WINDOWS\System32\Wbem;C:\WINDOWS\System32\WindowsPowerShell\v1.0\;C:\WINDOWS\System32\OpenSSH\;C:\Program Files\MongoDB\Server\3.2\bin;C:\Program Files\erl9.2\bin;C:\Program Files (x86)\Calibre2\;D:\Program Files\JetBrains\IntelliJ IDEA 2018.2.6\plugins\maven\lib\maven3\bin;D:\Program Files\nodejs;D:\Program Files\nodejs\npm_modules;D:\Program Files\ffmpeg-20180227-fa0c9d6-win64-static\bin;D:\Program Files\Git\cmd;C:\Program Files\NVIDIA Corporation\NVIDIA NvDLISR;C:\Users\Administrator\AppData\Local\Microsoft\WindowsApps;C:\Users\Administrator\AppData\Local\atom\bin;C:\Users\Administrator\AppData\Local\Microsoft\WindowsApps;C:\Program Files (x86)\SSH Communications Security\SSH Secure Shell;C:\Users\Administrator\AppData\Local\GitHubDesktop\bin;D:\Programs\Microsoft VS Code\bin;D:\Program Files\JetBrains\IntelliJ IDEA 2019.2.3\bin;
USERNAME=Administrator
OS=Windows_NT
PROCESSOR_IDENTIFIER=Intel64 Family 6 Model 158 Stepping 10, GenuineIntel



---------------  S Y S T E M  ---------------

OS: Windows 10.0 , 64 bit Build 17134 (10.0.17134.753)

CPU:total 12 (initial active 12) (6 cores per cpu, 2 threads per core) family 6 model 158 stepping 10, cmov, cx8, fxsr, mmx, sse, sse2, sse3, ssse3, sse4.1, sse4.2, popcnt, avx, avx2, aes, clmul, erms, rtm, 3dnowpref, lzcnt, ht, tsc, tscinvbit, bmi1, bmi2, adx

Memory: 4k page, physical 8331072k(1783284k free), swap 11214656k(5148k free)

vm_info: Java HotSpot(TM) 64-Bit Server VM (25.221-b11) for windows-amd64 JRE (1.8.0_221-b11), built on Jul  4 2019 04:39:29 by "java_re" with MS VC++ 10.0 (VS2010)

time: Sun Nov 03 18:09:48 2019
timezone: 
elapsed time: 4 seconds (0d 0h 0m 4s)

